[6.301s] DEBUG:colcon:Command line arguments: ['/usr/bin/colcon', 'build']
[6.301s] DEBUG:colcon:Parsed command line arguments: Namespace(log_base=None, log_level=None, verb_name='build', build_base='build', install_base='install', merge_install=False, symlink_install=False, test_result_base=None, continue_on_error=False, executor='parallel', parallel_workers=8, event_handlers=None, ignore_user_meta=False, metas=['./colcon.meta'], base_paths=['.'], packages_ignore=None, packages_ignore_regex=None, paths=None, packages_up_to=None, packages_up_to_regex=None, packages_above=None, packages_above_and_dependencies=None, packages_above_depth=None, packages_select_by_dep=None, packages_skip_by_dep=None, packages_skip_up_to=None, packages_select_build_failed=False, packages_skip_build_finished=False, packages_select_test_failures=False, packages_skip_test_passed=False, packages_select=None, packages_skip=None, packages_select_regex=None, packages_skip_regex=None, packages_start=None, packages_end=None, allow_overriding=[], cmake_args=None, cmake_target=None, cmake_target_skip_unavailable=False, cmake_clean_cache=False, cmake_clean_first=False, cmake_force_configure=False, ament_cmake_args=None, catkin_cmake_args=None, catkin_skip_building_tests=False, verb_parser=<colcon_defaults.argument_parser.defaults.DefaultArgumentsDecorator object at 0x795a9ba55cf0>, verb_extension=<colcon_core.verb.build.BuildVerb object at 0x795a9ba557e0>, main=<bound method BuildVerb.main of <colcon_core.verb.build.BuildVerb object at 0x795a9ba557e0>>)
[14.718s] Level 1:colcon.colcon_core.package_discovery:discover_packages(colcon_meta) check parameters
[14.719s] Level 1:colcon.colcon_core.package_discovery:discover_packages(recursive) check parameters
[14.719s] Level 1:colcon.colcon_core.package_discovery:discover_packages(ignore) check parameters
[14.719s] Level 1:colcon.colcon_core.package_discovery:discover_packages(path) check parameters
[14.719s] Level 1:colcon.colcon_core.package_discovery:discover_packages(colcon_meta) discover
[14.720s] Level 1:colcon.colcon_core.package_discovery:discover_packages(recursive) discover
[14.720s] INFO:colcon.colcon_core.package_discovery:Crawling recursively for packages in '/home/youssef/Documents/ROS/ros2_new_ws'
[14.720s] Level 1:colcon.colcon_core.package_identification:_identify(.) by extensions ['ignore', 'ignore_ament_install']
[14.721s] Level 1:colcon.colcon_core.package_identification:_identify(.) by extension 'ignore'
[14.721s] Level 1:colcon.colcon_core.package_identification:_identify(.) by extension 'ignore_ament_install'
[14.721s] Level 1:colcon.colcon_core.package_identification:_identify(.) by extensions ['colcon_pkg']
[14.721s] Level 1:colcon.colcon_core.package_identification:_identify(.) by extension 'colcon_pkg'
[14.722s] Level 1:colcon.colcon_core.package_identification:_identify(.) by extensions ['colcon_meta']
[14.722s] Level 1:colcon.colcon_core.package_identification:_identify(.) by extension 'colcon_meta'
[14.722s] Level 1:colcon.colcon_core.package_identification:_identify(.) by extensions ['ros']
[14.722s] Level 1:colcon.colcon_core.package_identification:_identify(.) by extension 'ros'
[14.759s] Level 1:colcon.colcon_core.package_identification:_identify(.) by extensions ['cmake', 'python']
[14.759s] Level 1:colcon.colcon_core.package_identification:_identify(.) by extension 'cmake'
[14.759s] Level 1:colcon.colcon_core.package_identification:_identify(.) by extension 'python'
[14.760s] Level 1:colcon.colcon_core.package_identification:_identify(.) by extensions ['python_setup_py']
[14.760s] Level 1:colcon.colcon_core.package_identification:_identify(.) by extension 'python_setup_py'
[14.760s] Level 1:colcon.colcon_core.package_identification:_identify(build) by extensions ['ignore', 'ignore_ament_install']
[14.760s] Level 1:colcon.colcon_core.package_identification:_identify(build) by extension 'ignore'
[14.760s] Level 1:colcon.colcon_core.package_identification:_identify(build) ignored
[14.760s] Level 1:colcon.colcon_core.package_identification:_identify(install) by extensions ['ignore', 'ignore_ament_install']
[14.760s] Level 1:colcon.colcon_core.package_identification:_identify(install) by extension 'ignore'
[14.760s] Level 1:colcon.colcon_core.package_identification:_identify(install) ignored
[14.761s] Level 1:colcon.colcon_core.package_identification:_identify(log) by extensions ['ignore', 'ignore_ament_install']
[14.761s] Level 1:colcon.colcon_core.package_identification:_identify(log) by extension 'ignore'
[14.761s] Level 1:colcon.colcon_core.package_identification:_identify(log) ignored
[14.761s] Level 1:colcon.colcon_core.package_identification:_identify(src) by extensions ['ignore', 'ignore_ament_install']
[14.761s] Level 1:colcon.colcon_core.package_identification:_identify(src) by extension 'ignore'
[14.761s] Level 1:colcon.colcon_core.package_identification:_identify(src) by extension 'ignore_ament_install'
[14.761s] Level 1:colcon.colcon_core.package_identification:_identify(src) by extensions ['colcon_pkg']
[14.761s] Level 1:colcon.colcon_core.package_identification:_identify(src) by extension 'colcon_pkg'
[14.761s] Level 1:colcon.colcon_core.package_identification:_identify(src) by extensions ['colcon_meta']
[14.762s] Level 1:colcon.colcon_core.package_identification:_identify(src) by extension 'colcon_meta'
[14.762s] Level 1:colcon.colcon_core.package_identification:_identify(src) by extensions ['ros']
[14.762s] Level 1:colcon.colcon_core.package_identification:_identify(src) by extension 'ros'
[14.762s] Level 1:colcon.colcon_core.package_identification:_identify(src) by extensions ['cmake', 'python']
[14.762s] Level 1:colcon.colcon_core.package_identification:_identify(src) by extension 'cmake'
[14.762s] Level 1:colcon.colcon_core.package_identification:_identify(src) by extension 'python'
[14.762s] Level 1:colcon.colcon_core.package_identification:_identify(src) by extensions ['python_setup_py']
[14.762s] Level 1:colcon.colcon_core.package_identification:_identify(src) by extension 'python_setup_py'
[14.762s] Level 1:colcon.colcon_core.package_identification:_identify(src/my_robot_description) by extensions ['ignore', 'ignore_ament_install']
[14.762s] Level 1:colcon.colcon_core.package_identification:_identify(src/my_robot_description) by extension 'ignore'
[14.763s] Level 1:colcon.colcon_core.package_identification:_identify(src/my_robot_description) by extension 'ignore_ament_install'
[14.763s] Level 1:colcon.colcon_core.package_identification:_identify(src/my_robot_description) by extensions ['colcon_pkg']
[14.763s] Level 1:colcon.colcon_core.package_identification:_identify(src/my_robot_description) by extension 'colcon_pkg'
[14.763s] Level 1:colcon.colcon_core.package_identification:_identify(src/my_robot_description) by extensions ['colcon_meta']
[14.763s] Level 1:colcon.colcon_core.package_identification:_identify(src/my_robot_description) by extension 'colcon_meta'
[14.763s] Level 1:colcon.colcon_core.package_identification:_identify(src/my_robot_description) by extensions ['ros']
[14.763s] Level 1:colcon.colcon_core.package_identification:_identify(src/my_robot_description) by extension 'ros'
[14.809s] DEBUG:colcon.colcon_core.package_identification:Package 'src/my_robot_description' with type 'ros.ament_cmake' and name 'my_robot_description'
[14.809s] Level 1:colcon.colcon_core.package_discovery:discover_packages(recursive) using defaults
[14.809s] Level 1:colcon.colcon_core.package_discovery:discover_packages(ignore) discover
[14.809s] Level 1:colcon.colcon_core.package_discovery:discover_packages(ignore) using defaults
[14.810s] Level 1:colcon.colcon_core.package_discovery:discover_packages(path) discover
[14.810s] Level 1:colcon.colcon_core.package_discovery:discover_packages(path) using defaults
[15.193s] Level 1:colcon.colcon_core.package_discovery:discover_packages(prefix_path) check parameters
[15.194s] Level 1:colcon.colcon_core.package_discovery:discover_packages(prefix_path) discover
[15.445s] DEBUG:colcon.colcon_installed_package_information.package_discovery:Found 1 installed packages in /home/youssef/Documents/ROS/ros2_new_ws/install
[15.472s] DEBUG:colcon.colcon_installed_package_information.package_discovery:Found 3 installed packages in /home/youssef/Documents/ROS/ros2_ws/install
[15.505s] DEBUG:colcon.colcon_installed_package_information.package_discovery:Found 2 installed packages in /home/youssef/install
[15.541s] DEBUG:colcon.colcon_installed_package_information.package_discovery:Found 316 installed packages in /opt/ros/humble
[15.548s] Level 1:colcon.colcon_core.package_discovery:discover_packages(prefix_path) using defaults
[21.132s] Level 5:colcon.colcon_core.verb:set package 'my_robot_description' build argument 'cmake_args' from command line to 'None'
[21.132s] Level 5:colcon.colcon_core.verb:set package 'my_robot_description' build argument 'cmake_target' from command line to 'None'
[21.132s] Level 5:colcon.colcon_core.verb:set package 'my_robot_description' build argument 'cmake_target_skip_unavailable' from command line to 'False'
[21.132s] Level 5:colcon.colcon_core.verb:set package 'my_robot_description' build argument 'cmake_clean_cache' from command line to 'False'
[21.132s] Level 5:colcon.colcon_core.verb:set package 'my_robot_description' build argument 'cmake_clean_first' from command line to 'False'
[21.132s] Level 5:colcon.colcon_core.verb:set package 'my_robot_description' build argument 'cmake_force_configure' from command line to 'False'
[21.132s] Level 5:colcon.colcon_core.verb:set package 'my_robot_description' build argument 'ament_cmake_args' from command line to 'None'
[21.132s] Level 5:colcon.colcon_core.verb:set package 'my_robot_description' build argument 'catkin_cmake_args' from command line to 'None'
[21.132s] Level 5:colcon.colcon_core.verb:set package 'my_robot_description' build argument 'catkin_skip_building_tests' from command line to 'False'
[21.133s] DEBUG:colcon.colcon_core.verb:Building package 'my_robot_description' with the following arguments: {'ament_cmake_args': None, 'build_base': '/home/youssef/Documents/ROS/ros2_new_ws/build/my_robot_description', 'catkin_cmake_args': None, 'catkin_skip_building_tests': False, 'cmake_args': None, 'cmake_clean_cache': False, 'cmake_clean_first': False, 'cmake_force_configure': False, 'cmake_target': None, 'cmake_target_skip_unavailable': False, 'install_base': '/home/youssef/Documents/ROS/ros2_new_ws/install/my_robot_description', 'merge_install': False, 'path': '/home/youssef/Documents/ROS/ros2_new_ws/src/my_robot_description', 'symlink_install': False, 'test_result_base': None}
[21.133s] INFO:colcon.colcon_core.executor:Executing jobs using 'parallel' executor
[21.134s] DEBUG:colcon.colcon_parallel_executor.executor.parallel:run_until_complete
[21.134s] INFO:colcon.colcon_ros.task.ament_cmake.build:Building ROS package in '/home/youssef/Documents/ROS/ros2_new_ws/src/my_robot_description' with build type 'ament_cmake'
[21.134s] INFO:colcon.colcon_cmake.task.cmake.build:Building CMake package in '/home/youssef/Documents/ROS/ros2_new_ws/src/my_robot_description'
[21.257s] INFO:colcon.colcon_core.plugin_system:Skipping extension 'colcon_core.shell.bat': Not used on non-Windows systems
[21.257s] INFO:colcon.colcon_core.shell:Skip shell extension 'powershell' for command environment: Not usable outside of PowerShell
[21.258s] DEBUG:colcon.colcon_core.shell:Skip shell extension 'dsv' for command environment
[21.417s] DEBUG:colcon.colcon_core.event_handler.log_command:Invoking command in '/home/youssef/Documents/ROS/ros2_new_ws/build/my_robot_description': CMAKE_PREFIX_PATH=${CMAKE_PREFIX_PATH}:/home/youssef/install/my_py_pkg:/home/youssef/Documents/ROS/ros2_ws/install/my_py_pkg:/opt/ros/humble /usr/bin/cmake --build /home/youssef/Documents/ROS/ros2_new_ws/build/my_robot_description -- -j8 -l8
[26.152s] DEBUG:colcon.colcon_core.event_handler.log_command:Invoked command in '/home/youssef/Documents/ROS/ros2_new_ws/build/my_robot_description' returned '0': CMAKE_PREFIX_PATH=${CMAKE_PREFIX_PATH}:/home/youssef/install/my_py_pkg:/home/youssef/Documents/ROS/ros2_ws/install/my_py_pkg:/opt/ros/humble /usr/bin/cmake --build /home/youssef/Documents/ROS/ros2_new_ws/build/my_robot_description -- -j8 -l8
[26.162s] DEBUG:colcon.colcon_core.event_handler.log_command:Invoking command in '/home/youssef/Documents/ROS/ros2_new_ws/build/my_robot_description': CMAKE_PREFIX_PATH=${CMAKE_PREFIX_PATH}:/home/youssef/install/my_py_pkg:/home/youssef/Documents/ROS/ros2_ws/install/my_py_pkg:/opt/ros/humble /usr/bin/cmake --install /home/youssef/Documents/ROS/ros2_new_ws/build/my_robot_description
[26.233s] Level 1:colcon.colcon_core.environment:create_environment_scripts_only(my_robot_description)
[26.234s] DEBUG:colcon.colcon_core.event_handler.log_command:Invoked command in '/home/youssef/Documents/ROS/ros2_new_ws/build/my_robot_description' returned '0': CMAKE_PREFIX_PATH=${CMAKE_PREFIX_PATH}:/home/youssef/install/my_py_pkg:/home/youssef/Documents/ROS/ros2_ws/install/my_py_pkg:/opt/ros/humble /usr/bin/cmake --install /home/youssef/Documents/ROS/ros2_new_ws/build/my_robot_description
[26.467s] Level 1:colcon.colcon_core.environment:checking '/home/youssef/Documents/ROS/ros2_new_ws/install/my_robot_description' for CMake module files
[26.530s] Level 1:colcon.colcon_core.environment:checking '/home/youssef/Documents/ROS/ros2_new_ws/install/my_robot_description' for CMake config files
[26.560s] Level 1:colcon.colcon_core.shell:create_environment_hook('my_robot_description', 'cmake_prefix_path')
[26.562s] INFO:colcon.colcon_core.shell:Creating environment hook '/home/youssef/Documents/ROS/ros2_new_ws/install/my_robot_description/share/my_robot_description/hook/cmake_prefix_path.ps1'
[26.611s] INFO:colcon.colcon_core.shell:Creating environment descriptor '/home/youssef/Documents/ROS/ros2_new_ws/install/my_robot_description/share/my_robot_description/hook/cmake_prefix_path.dsv'
[26.656s] INFO:colcon.colcon_core.shell:Creating environment hook '/home/youssef/Documents/ROS/ros2_new_ws/install/my_robot_description/share/my_robot_description/hook/cmake_prefix_path.sh'
[26.694s] Level 1:colcon.colcon_core.environment:checking '/home/youssef/Documents/ROS/ros2_new_ws/install/my_robot_description/bin'
[26.694s] Level 1:colcon.colcon_core.environment:checking '/home/youssef/Documents/ROS/ros2_new_ws/install/my_robot_description/lib/pkgconfig/my_robot_description.pc'
[26.695s] Level 1:colcon.colcon_core.environment:checking '/home/youssef/Documents/ROS/ros2_new_ws/install/my_robot_description/lib/python3.10/site-packages'
[26.696s] Level 1:colcon.colcon_core.environment:checking '/home/youssef/Documents/ROS/ros2_new_ws/install/my_robot_description/bin'
[26.698s] INFO:colcon.colcon_core.shell:Creating package script '/home/youssef/Documents/ROS/ros2_new_ws/install/my_robot_description/share/my_robot_description/package.ps1'
[26.730s] INFO:colcon.colcon_core.shell:Creating package descriptor '/home/youssef/Documents/ROS/ros2_new_ws/install/my_robot_description/share/my_robot_description/package.dsv'
[26.732s] INFO:colcon.colcon_core.shell:Creating package script '/home/youssef/Documents/ROS/ros2_new_ws/install/my_robot_description/share/my_robot_description/package.sh'
[26.733s] INFO:colcon.colcon_core.shell:Creating package script '/home/youssef/Documents/ROS/ros2_new_ws/install/my_robot_description/share/my_robot_description/package.bash'
[26.762s] INFO:colcon.colcon_core.shell:Creating package script '/home/youssef/Documents/ROS/ros2_new_ws/install/my_robot_description/share/my_robot_description/package.zsh'
[26.774s] Level 1:colcon.colcon_core.environment:create_file_with_runtime_dependencies(/home/youssef/Documents/ROS/ros2_new_ws/install/my_robot_description/share/colcon-core/packages/my_robot_description)
[26.776s] Level 1:colcon.colcon_core.environment:create_environment_scripts_only(my_robot_description)
[26.777s] Level 1:colcon.colcon_core.environment:checking '/home/youssef/Documents/ROS/ros2_new_ws/install/my_robot_description' for CMake module files
[26.778s] Level 1:colcon.colcon_core.environment:checking '/home/youssef/Documents/ROS/ros2_new_ws/install/my_robot_description' for CMake config files
[26.780s] Level 1:colcon.colcon_core.shell:create_environment_hook('my_robot_description', 'cmake_prefix_path')
[26.781s] INFO:colcon.colcon_core.shell:Creating environment hook '/home/youssef/Documents/ROS/ros2_new_ws/install/my_robot_description/share/my_robot_description/hook/cmake_prefix_path.ps1'
[26.782s] INFO:colcon.colcon_core.shell:Creating environment descriptor '/home/youssef/Documents/ROS/ros2_new_ws/install/my_robot_description/share/my_robot_description/hook/cmake_prefix_path.dsv'
[26.784s] INFO:colcon.colcon_core.shell:Creating environment hook '/home/youssef/Documents/ROS/ros2_new_ws/install/my_robot_description/share/my_robot_description/hook/cmake_prefix_path.sh'
[26.786s] Level 1:colcon.colcon_core.environment:checking '/home/youssef/Documents/ROS/ros2_new_ws/install/my_robot_description/bin'
[26.786s] Level 1:colcon.colcon_core.environment:checking '/home/youssef/Documents/ROS/ros2_new_ws/install/my_robot_description/lib/pkgconfig/my_robot_description.pc'
[26.787s] Level 1:colcon.colcon_core.environment:checking '/home/youssef/Documents/ROS/ros2_new_ws/install/my_robot_description/lib/python3.10/site-packages'
[26.788s] Level 1:colcon.colcon_core.environment:checking '/home/youssef/Documents/ROS/ros2_new_ws/install/my_robot_description/bin'
[26.789s] INFO:colcon.colcon_core.shell:Creating package script '/home/youssef/Documents/ROS/ros2_new_ws/install/my_robot_description/share/my_robot_description/package.ps1'
[26.791s] INFO:colcon.colcon_core.shell:Creating package descriptor '/home/youssef/Documents/ROS/ros2_new_ws/install/my_robot_description/share/my_robot_description/package.dsv'
[26.793s] INFO:colcon.colcon_core.shell:Creating package script '/home/youssef/Documents/ROS/ros2_new_ws/install/my_robot_description/share/my_robot_description/package.sh'
[26.794s] INFO:colcon.colcon_core.shell:Creating package script '/home/youssef/Documents/ROS/ros2_new_ws/install/my_robot_description/share/my_robot_description/package.bash'
[26.796s] INFO:colcon.colcon_core.shell:Creating package script '/home/youssef/Documents/ROS/ros2_new_ws/install/my_robot_description/share/my_robot_description/package.zsh'
[26.797s] Level 1:colcon.colcon_core.environment:create_file_with_runtime_dependencies(/home/youssef/Documents/ROS/ros2_new_ws/install/my_robot_description/share/colcon-core/packages/my_robot_description)
[26.798s] DEBUG:colcon.colcon_parallel_executor.executor.parallel:closing loop
[26.799s] DEBUG:colcon.colcon_parallel_executor.executor.parallel:loop closed
[26.799s] DEBUG:colcon.colcon_parallel_executor.executor.parallel:run_until_complete finished with '0'
[26.800s] DEBUG:colcon.colcon_core.event_reactor:joining thread
[26.912s] INFO:colcon.colcon_core.plugin_system:Skipping extension 'colcon_notification.desktop_notification.terminal_notifier': Not used on non-Darwin systems
[26.913s] INFO:colcon.colcon_core.plugin_system:Skipping extension 'colcon_notification.desktop_notification.win32': Not used on non-Windows systems
[26.913s] INFO:colcon.colcon_notification.desktop_notification:Sending desktop notification using 'notify2'
[26.939s] DEBUG:colcon.colcon_core.event_reactor:joined thread
[26.940s] INFO:colcon.colcon_core.shell:Creating prefix script '/home/youssef/Documents/ROS/ros2_new_ws/install/local_setup.ps1'
[26.950s] INFO:colcon.colcon_core.shell:Creating prefix util module '/home/youssef/Documents/ROS/ros2_new_ws/install/_local_setup_util_ps1.py'
[26.955s] INFO:colcon.colcon_core.shell:Creating prefix chain script '/home/youssef/Documents/ROS/ros2_new_ws/install/setup.ps1'
[26.960s] INFO:colcon.colcon_core.shell:Creating prefix script '/home/youssef/Documents/ROS/ros2_new_ws/install/local_setup.sh'
[26.963s] INFO:colcon.colcon_core.shell:Creating prefix util module '/home/youssef/Documents/ROS/ros2_new_ws/install/_local_setup_util_sh.py'
[26.965s] INFO:colcon.colcon_core.shell:Creating prefix chain script '/home/youssef/Documents/ROS/ros2_new_ws/install/setup.sh'
[26.969s] INFO:colcon.colcon_core.shell:Creating prefix script '/home/youssef/Documents/ROS/ros2_new_ws/install/local_setup.bash'
[26.971s] INFO:colcon.colcon_core.shell:Creating prefix chain script '/home/youssef/Documents/ROS/ros2_new_ws/install/setup.bash'
[26.975s] INFO:colcon.colcon_core.shell:Creating prefix script '/home/youssef/Documents/ROS/ros2_new_ws/install/local_setup.zsh'
[26.977s] INFO:colcon.colcon_core.shell:Creating prefix chain script '/home/youssef/Documents/ROS/ros2_new_ws/install/setup.zsh'
