[0.061s] Invoking command in '/home/youssef/Documents/ROS/turtlebot3_ws/build/turtlebot3_gazebo': CMAKE_PREFIX_PATH=${CMAKE_PREFIX_PATH}:/home/youssef/install/my_py_pkg:/home/youssef/Documents/ROS/ros2_ws/install/my_py_pkg:/opt/ros/humble /usr/bin/cmake /home/youssef/Documents/ROS/turtlebot3_ws/src/turtlebot3_gazebo -DCMAKE_INSTALL_PREFIX=/home/youssef/Documents/ROS/turtlebot3_ws/install/turtlebot3_gazebo
[0.113s] -- Found ament_cmake: 1.3.11 (/opt/ros/humble/share/ament_cmake/cmake)
[0.705s] -- Override CMake install command with custom implementation using symlinks instead of copying resources
[0.745s] [33mCMake Warning (dev) at /usr/share/cmake-3.22/Modules/FindPackageHandleStandardArgs.cmake:438 (message):
[0.745s]   The package name passed to `find_package_handle_standard_args` (PkgConfig)
[0.745s]   does not match the name of the calling package (gazebo).  This can lead to
[0.746s]   problems in calling code that expects `find_package` result variables
[0.746s]   (e.g., `_FOUND`) to follow a certain pattern.
[0.747s] Call Stack (most recent call first):
[0.747s]   /usr/share/cmake-3.22/Modules/FindPkgConfig.cmake:99 (find_package_handle_standard_args)
[0.747s]   /usr/lib/x86_64-linux-gnu/cmake/gazebo/gazebo-config.cmake:72 (include)
[0.747s]   CMakeLists.txt:23 (find_package)
[0.747s] This warning is for project developers.  Use -Wno-dev to suppress it.
[0.747s] [0m
[0.837s] -- Found DART: /usr/include (Required is at least version "6.6") found components: dart 
[0.974s] -- Found Protobuf: /usr/lib/x86_64-linux-gnu/libprotobuf.so (found version "3.12.4") 
[0.980s] -- Looking for ignition-math6 -- found version 6.15.1
[0.993s] -- Searching for dependencies of ignition-math6
[0.997s] -- Looking for OGRE...
[1.011s] -- Found Ogre Ghadamon (1.9.0)
[1.011s] -- Found OGRE: optimized;/usr/lib/x86_64-linux-gnu/libOgreMain.so;debug;/usr/lib/x86_64-linux-gnu/libOgreMain.so
[1.044s] -- Looking for OGRE_Paging...
[1.045s] -- Found OGRE_Paging: optimized;/usr/lib/x86_64-linux-gnu/libOgrePaging.so;debug;/usr/lib/x86_64-linux-gnu/libOgrePaging.so
[1.045s] -- Looking for OGRE_Terrain...
[1.045s] -- Found OGRE_Terrain: optimized;/usr/lib/x86_64-linux-gnu/libOgreTerrain.so;debug;/usr/lib/x86_64-linux-gnu/libOgreTerrain.so
[1.045s] -- Looking for OGRE_Property...
[1.045s] -- Found OGRE_Property: optimized;/usr/lib/x86_64-linux-gnu/libOgreProperty.so;debug;/usr/lib/x86_64-linux-gnu/libOgreProperty.so
[1.045s] -- Looking for OGRE_RTShaderSystem...
[1.045s] -- Found OGRE_RTShaderSystem: optimized;/usr/lib/x86_64-linux-gnu/libOgreRTShaderSystem.so;debug;/usr/lib/x86_64-linux-gnu/libOgreRTShaderSystem.so
[1.046s] -- Looking for OGRE_Volume...
[1.046s] -- Found OGRE_Volume: optimized;/usr/lib/x86_64-linux-gnu/libOgreVolume.so;debug;/usr/lib/x86_64-linux-gnu/libOgreVolume.so
[1.046s] -- Looking for OGRE_Overlay...
[1.046s] -- Found OGRE_Overlay: optimized;/usr/lib/x86_64-linux-gnu/libOgreOverlay.so;debug;/usr/lib/x86_64-linux-gnu/libOgreOverlay.so
[1.789s] -- Looking for ignition-math6 -- found version 6.15.1
[1.791s] -- Looking for ignition-transport8 -- found version 8.2.1
[1.793s] -- Searching for dependencies of ignition-transport8
[1.854s] -- Found Protobuf: /usr/lib/x86_64-linux-gnu/libprotobuf.so (found suitable version "3.12.4", minimum required is "3") 
[1.889s] -- Config-file not installed for ZeroMQ -- checking for pkg-config
[1.903s] -- Checking for module 'libzmq >= 4'
[1.958s] --   Found libzmq , version 4.3.4
[2.104s] -- Checking for module 'uuid'
[2.150s] --   Found uuid, version 2.37.2
[2.260s] -- Looking for ignition-msgs5 -- found version 5.8.1
[2.264s] -- Searching for dependencies of ignition-msgs5
[2.331s] -- Looking for ignition-math6 -- found version 6.15.1
[2.348s] -- Checking for module 'tinyxml2'
[2.393s] --   Found tinyxml2, version 9.0.0
[2.522s] -- Looking for ignition-msgs5 -- found version 5.8.1
[2.524s] -- Looking for ignition-common3 -- found version 3.14.0
[2.527s] -- Searching for dependencies of ignition-common3
[2.530s] -- Looking for dlfcn.h - found
[2.532s] -- Looking for libdl - found
[2.567s] -- Searching for <ignition-common3> component [graphics]
[2.567s] -- Looking for ignition-common3-graphics -- found version 3.14.0
[2.568s] -- Searching for dependencies of ignition-common3-graphics
[2.571s] -- Looking for ignition-math6 -- found version 6.15.1
[2.575s] -- Looking for ignition-fuel_tools4 -- found version 4.4.0
[2.580s] -- Searching for dependencies of ignition-fuel_tools4
[2.704s] -- Checking for module 'jsoncpp'
[2.748s] --   Found jsoncpp, version 1.9.5
[2.880s] -- Checking for module 'libzip'
[2.926s] --   Found libzip, version 1.7.3
[3.029s] -- Looking for ignition-common3 -- found version 3.14.0
[3.030s] -- Looking for ignition-math6 -- found version 6.15.1
[3.032s] -- Looking for ignition-msgs5 -- found version 5.8.1
[3.039s] -- Found gazebo_ros_pkgs: 3.7.0 (/opt/ros/humble/share/gazebo_ros_pkgs/cmake)
[3.041s] -- Found geometry_msgs: 4.2.4 (/opt/ros/humble/share/geometry_msgs/cmake)
[3.109s] -- Found rosidl_generator_c: 3.1.6 (/opt/ros/humble/share/rosidl_generator_c/cmake)
[3.121s] -- Found rosidl_adapter: 3.1.6 (/opt/ros/humble/share/rosidl_adapter/cmake)
[3.142s] -- Found rosidl_generator_cpp: 3.1.6 (/opt/ros/humble/share/rosidl_generator_cpp/cmake)
[3.173s] -- Using all available rosidl_typesupport_c: rosidl_typesupport_fastrtps_c;rosidl_typesupport_introspection_c
[3.217s] -- Using all available rosidl_typesupport_cpp: rosidl_typesupport_fastrtps_cpp;rosidl_typesupport_introspection_cpp
[3.347s] -- Found nav_msgs: 4.2.4 (/opt/ros/humble/share/nav_msgs/cmake)
[3.402s] -- Found rclcpp: 16.0.11 (/opt/ros/humble/share/rclcpp/cmake)
[3.510s] -- Found rmw_implementation_cmake: 6.1.2 (/opt/ros/humble/share/rmw_implementation_cmake/cmake)
[3.515s] -- Found rmw_cyclonedds_cpp: 1.3.4 (/opt/ros/humble/share/rmw_cyclonedds_cpp/cmake)
[3.593s] -- Using RMW implementation 'rmw_cyclonedds_cpp' as default
[3.744s] -- Found sensor_msgs: 4.2.4 (/opt/ros/humble/share/sensor_msgs/cmake)
[3.814s] -- Found tf2: 0.25.11 (/opt/ros/humble/share/tf2/cmake)
[4.170s] -- Configuring done
[4.271s] -- Generating done
[4.300s] -- Build files have been written to: /home/youssef/Documents/ROS/turtlebot3_ws/build/turtlebot3_gazebo
[4.349s] Invoked command in '/home/youssef/Documents/ROS/turtlebot3_ws/build/turtlebot3_gazebo' returned '0': CMAKE_PREFIX_PATH=${CMAKE_PREFIX_PATH}:/home/youssef/install/my_py_pkg:/home/youssef/Documents/ROS/ros2_ws/install/my_py_pkg:/opt/ros/humble /usr/bin/cmake /home/youssef/Documents/ROS/turtlebot3_ws/src/turtlebot3_gazebo -DCMAKE_INSTALL_PREFIX=/home/youssef/Documents/ROS/turtlebot3_ws/install/turtlebot3_gazebo
[4.357s] Invoking command in '/home/youssef/Documents/ROS/turtlebot3_ws/build/turtlebot3_gazebo': CMAKE_PREFIX_PATH=${CMAKE_PREFIX_PATH}:/home/youssef/install/my_py_pkg:/home/youssef/Documents/ROS/ros2_ws/install/my_py_pkg:/opt/ros/humble /usr/bin/cmake --build /home/youssef/Documents/ROS/turtlebot3_ws/build/turtlebot3_gazebo -- -j8 -l8
[4.508s] [35m[1mConsolidate compiler generated dependencies of target obstacle1[0m
[4.511s] [35m[1mConsolidate compiler generated dependencies of target turtlebot3_drive[0m
[4.512s] [35m[1mConsolidate compiler generated dependencies of target obstacle2[0m
[4.514s] [35m[1mConsolidate compiler generated dependencies of target obstacles[0m
[4.574s] [ 25%] Built target turtlebot3_drive
[4.613s] [ 50%] Built target obstacle1
[4.615s] [ 75%] Built target obstacles
[4.621s] [100%] Built target obstacle2
[4.658s] Invoked command in '/home/youssef/Documents/ROS/turtlebot3_ws/build/turtlebot3_gazebo' returned '0': CMAKE_PREFIX_PATH=${CMAKE_PREFIX_PATH}:/home/youssef/install/my_py_pkg:/home/youssef/Documents/ROS/ros2_ws/install/my_py_pkg:/opt/ros/humble /usr/bin/cmake --build /home/youssef/Documents/ROS/turtlebot3_ws/build/turtlebot3_gazebo -- -j8 -l8
[4.666s] Invoking command in '/home/youssef/Documents/ROS/turtlebot3_ws/build/turtlebot3_gazebo': CMAKE_PREFIX_PATH=${CMAKE_PREFIX_PATH}:/home/youssef/install/my_py_pkg:/home/youssef/Documents/ROS/ros2_ws/install/my_py_pkg:/opt/ros/humble /usr/bin/cmake --install /home/youssef/Documents/ROS/turtlebot3_ws/build/turtlebot3_gazebo
[4.691s] -- Install configuration: ""
[4.692s] -- Execute custom install script
[4.693s] -- Up-to-date symlink: /home/youssef/Documents/ROS/turtlebot3_ws/install/turtlebot3_gazebo/lib/turtlebot3_gazebo/turtlebot3_drive
[4.693s] -- Up-to-date symlink: /home/youssef/Documents/ROS/turtlebot3_ws/install/turtlebot3_gazebo/share/turtlebot3_gazebo//launch/empty_world.launch.py
[4.693s] -- Up-to-date symlink: /home/youssef/Documents/ROS/turtlebot3_ws/install/turtlebot3_gazebo/share/turtlebot3_gazebo//launch/robot_state_publisher.launch.py
[4.693s] -- Up-to-date symlink: /home/youssef/Documents/ROS/turtlebot3_ws/install/turtlebot3_gazebo/share/turtlebot3_gazebo//launch/spawn_turtlebot3.launch.py
[4.693s] -- Up-to-date symlink: /home/youssef/Documents/ROS/turtlebot3_ws/install/turtlebot3_gazebo/share/turtlebot3_gazebo//launch/turtlebot3_dqn_stage1.launch.py
[4.694s] -- Up-to-date symlink: /home/youssef/Documents/ROS/turtlebot3_ws/install/turtlebot3_gazebo/share/turtlebot3_gazebo//launch/turtlebot3_dqn_stage2.launch.py
[4.694s] -- Up-to-date symlink: /home/youssef/Documents/ROS/turtlebot3_ws/install/turtlebot3_gazebo/share/turtlebot3_gazebo//launch/turtlebot3_dqn_stage3.launch.py
[4.694s] -- Up-to-date symlink: /home/youssef/Documents/ROS/turtlebot3_ws/install/turtlebot3_gazebo/share/turtlebot3_gazebo//launch/turtlebot3_dqn_stage4.launch.py
[4.695s] -- Up-to-date symlink: /home/youssef/Documents/ROS/turtlebot3_ws/install/turtlebot3_gazebo/share/turtlebot3_gazebo//launch/turtlebot3_house.launch.py
[4.695s] -- Symlinking: /home/youssef/Documents/ROS/turtlebot3_ws/install/turtlebot3_gazebo/share/turtlebot3_gazebo//launch/turtlebot3_my_world.launch.py
[4.729s] -- Up-to-date symlink: /home/youssef/Documents/ROS/turtlebot3_ws/install/turtlebot3_gazebo/share/turtlebot3_gazebo//launch/turtlebot3_world.launch.py
[4.732s] -- Up-to-date symlink: /home/youssef/Documents/ROS/turtlebot3_ws/install/turtlebot3_gazebo/share/turtlebot3_gazebo//models/turtlebot3_burger/model-1_4.sdf
[4.732s] -- Up-to-date symlink: /home/youssef/Documents/ROS/turtlebot3_ws/install/turtlebot3_gazebo/share/turtlebot3_gazebo//models/turtlebot3_burger/model.config
[4.733s] -- Up-to-date symlink: /home/youssef/Documents/ROS/turtlebot3_ws/install/turtlebot3_gazebo/share/turtlebot3_gazebo//models/turtlebot3_burger/model.sdf
[4.733s] -- Up-to-date symlink: /home/youssef/Documents/ROS/turtlebot3_ws/install/turtlebot3_gazebo/share/turtlebot3_gazebo//models/turtlebot3_common/meshes/burger_base.dae
[4.733s] -- Up-to-date symlink: /home/youssef/Documents/ROS/turtlebot3_ws/install/turtlebot3_gazebo/share/turtlebot3_gazebo//models/turtlebot3_common/meshes/lds.dae
[4.733s] -- Up-to-date symlink: /home/youssef/Documents/ROS/turtlebot3_ws/install/turtlebot3_gazebo/share/turtlebot3_gazebo//models/turtlebot3_common/meshes/r200.dae
[4.734s] -- Up-to-date symlink: /home/youssef/Documents/ROS/turtlebot3_ws/install/turtlebot3_gazebo/share/turtlebot3_gazebo//models/turtlebot3_common/meshes/tire.dae
[4.734s] -- Up-to-date symlink: /home/youssef/Documents/ROS/turtlebot3_ws/install/turtlebot3_gazebo/share/turtlebot3_gazebo//models/turtlebot3_common/meshes/waffle_base.dae
[4.734s] -- Up-to-date symlink: /home/youssef/Documents/ROS/turtlebot3_ws/install/turtlebot3_gazebo/share/turtlebot3_gazebo//models/turtlebot3_common/meshes/waffle_pi_base.dae
[4.735s] -- Up-to-date symlink: /home/youssef/Documents/ROS/turtlebot3_ws/install/turtlebot3_gazebo/share/turtlebot3_gazebo//models/turtlebot3_common/model.config
[4.735s] -- Up-to-date symlink: /home/youssef/Documents/ROS/turtlebot3_ws/install/turtlebot3_gazebo/share/turtlebot3_gazebo//models/turtlebot3_dqn_world/goal_box/model.config
[4.736s] -- Up-to-date symlink: /home/youssef/Documents/ROS/turtlebot3_ws/install/turtlebot3_gazebo/share/turtlebot3_gazebo//models/turtlebot3_dqn_world/goal_box/model.sdf
[4.737s] -- Up-to-date symlink: /home/youssef/Documents/ROS/turtlebot3_ws/install/turtlebot3_gazebo/share/turtlebot3_gazebo//models/turtlebot3_dqn_world/inner_walls/model.config
[4.737s] -- Up-to-date symlink: /home/youssef/Documents/ROS/turtlebot3_ws/install/turtlebot3_gazebo/share/turtlebot3_gazebo//models/turtlebot3_dqn_world/inner_walls/model.sdf
[4.737s] -- Up-to-date symlink: /home/youssef/Documents/ROS/turtlebot3_ws/install/turtlebot3_gazebo/share/turtlebot3_gazebo//models/turtlebot3_dqn_world/model.config
[4.738s] -- Up-to-date symlink: /home/youssef/Documents/ROS/turtlebot3_ws/install/turtlebot3_gazebo/share/turtlebot3_gazebo//models/turtlebot3_dqn_world/model.sdf
[4.738s] -- Up-to-date symlink: /home/youssef/Documents/ROS/turtlebot3_ws/install/turtlebot3_gazebo/share/turtlebot3_gazebo//models/turtlebot3_dqn_world/obstacle1/model.config
[4.738s] -- Up-to-date symlink: /home/youssef/Documents/ROS/turtlebot3_ws/install/turtlebot3_gazebo/share/turtlebot3_gazebo//models/turtlebot3_dqn_world/obstacle1/model.sdf
[4.738s] -- Up-to-date symlink: /home/youssef/Documents/ROS/turtlebot3_ws/install/turtlebot3_gazebo/share/turtlebot3_gazebo//models/turtlebot3_dqn_world/obstacle2/model.config
[4.738s] -- Up-to-date symlink: /home/youssef/Documents/ROS/turtlebot3_ws/install/turtlebot3_gazebo/share/turtlebot3_gazebo//models/turtlebot3_dqn_world/obstacle2/model.sdf
[4.738s] -- Up-to-date symlink: /home/youssef/Documents/ROS/turtlebot3_ws/install/turtlebot3_gazebo/share/turtlebot3_gazebo//models/turtlebot3_dqn_world/obstacle_plugin/CMakeLists.txt
[4.739s] -- Up-to-date symlink: /home/youssef/Documents/ROS/turtlebot3_ws/install/turtlebot3_gazebo/share/turtlebot3_gazebo//models/turtlebot3_dqn_world/obstacle_plugin/obstacle1.cc
[4.739s] -- Up-to-date symlink: /home/youssef/Documents/ROS/turtlebot3_ws/install/turtlebot3_gazebo/share/turtlebot3_gazebo//models/turtlebot3_dqn_world/obstacle_plugin/obstacle2.cc
[4.739s] -- Up-to-date symlink: /home/youssef/Documents/ROS/turtlebot3_ws/install/turtlebot3_gazebo/share/turtlebot3_gazebo//models/turtlebot3_dqn_world/obstacle_plugin/obstacles.cc
[4.739s] -- Up-to-date symlink: /home/youssef/Documents/ROS/turtlebot3_ws/install/turtlebot3_gazebo/share/turtlebot3_gazebo//models/turtlebot3_dqn_world/obstacles/model.config
[4.739s] -- Up-to-date symlink: /home/youssef/Documents/ROS/turtlebot3_ws/install/turtlebot3_gazebo/share/turtlebot3_gazebo//models/turtlebot3_dqn_world/obstacles/model.sdf
[4.740s] -- Up-to-date symlink: /home/youssef/Documents/ROS/turtlebot3_ws/install/turtlebot3_gazebo/share/turtlebot3_gazebo//models/turtlebot3_house/model.config
[4.741s] -- Up-to-date symlink: /home/youssef/Documents/ROS/turtlebot3_ws/install/turtlebot3_gazebo/share/turtlebot3_gazebo//models/turtlebot3_house/model.sdf
[4.741s] -- Up-to-date symlink: /home/youssef/Documents/ROS/turtlebot3_ws/install/turtlebot3_gazebo/share/turtlebot3_gazebo//models/turtlebot3_waffle/model-1_4.sdf
[4.741s] -- Up-to-date symlink: /home/youssef/Documents/ROS/turtlebot3_ws/install/turtlebot3_gazebo/share/turtlebot3_gazebo//models/turtlebot3_waffle/model.config
[4.742s] -- Up-to-date symlink: /home/youssef/Documents/ROS/turtlebot3_ws/install/turtlebot3_gazebo/share/turtlebot3_gazebo//models/turtlebot3_waffle/model.sdf
[4.742s] -- Up-to-date symlink: /home/youssef/Documents/ROS/turtlebot3_ws/install/turtlebot3_gazebo/share/turtlebot3_gazebo//models/turtlebot3_waffle_pi/model-1_4_.sdf
[4.742s] -- Up-to-date symlink: /home/youssef/Documents/ROS/turtlebot3_ws/install/turtlebot3_gazebo/share/turtlebot3_gazebo//models/turtlebot3_waffle_pi/model.config
[4.742s] -- Up-to-date symlink: /home/youssef/Documents/ROS/turtlebot3_ws/install/turtlebot3_gazebo/share/turtlebot3_gazebo//models/turtlebot3_waffle_pi/model.sdf
[4.742s] -- Up-to-date symlink: /home/youssef/Documents/ROS/turtlebot3_ws/install/turtlebot3_gazebo/share/turtlebot3_gazebo//models/turtlebot3_world/meshes/hexagon.dae
[4.743s] -- Up-to-date symlink: /home/youssef/Documents/ROS/turtlebot3_ws/install/turtlebot3_gazebo/share/turtlebot3_gazebo//models/turtlebot3_world/meshes/wall.dae
[4.743s] -- Up-to-date symlink: /home/youssef/Documents/ROS/turtlebot3_ws/install/turtlebot3_gazebo/share/turtlebot3_gazebo//models/turtlebot3_world/model-1_4.sdf
[4.743s] -- Up-to-date symlink: /home/youssef/Documents/ROS/turtlebot3_ws/install/turtlebot3_gazebo/share/turtlebot3_gazebo//models/turtlebot3_world/model.config
[4.743s] -- Up-to-date symlink: /home/youssef/Documents/ROS/turtlebot3_ws/install/turtlebot3_gazebo/share/turtlebot3_gazebo//models/turtlebot3_world/model.sdf
[4.745s] -- Up-to-date symlink: /home/youssef/Documents/ROS/turtlebot3_ws/install/turtlebot3_gazebo/share/turtlebot3_gazebo//rviz/tb3_gazebo.rviz
[4.746s] -- Up-to-date symlink: /home/youssef/Documents/ROS/turtlebot3_ws/install/turtlebot3_gazebo/share/turtlebot3_gazebo//urdf/common_properties.urdf
[4.747s] -- Up-to-date symlink: /home/youssef/Documents/ROS/turtlebot3_ws/install/turtlebot3_gazebo/share/turtlebot3_gazebo//urdf/turtlebot3_burger.urdf
[4.747s] -- Up-to-date symlink: /home/youssef/Documents/ROS/turtlebot3_ws/install/turtlebot3_gazebo/share/turtlebot3_gazebo//urdf/turtlebot3_waffle.urdf
[4.748s] -- Up-to-date symlink: /home/youssef/Documents/ROS/turtlebot3_ws/install/turtlebot3_gazebo/share/turtlebot3_gazebo//urdf/turtlebot3_waffle_pi.urdf
[4.749s] -- Up-to-date symlink: /home/youssef/Documents/ROS/turtlebot3_ws/install/turtlebot3_gazebo/share/turtlebot3_gazebo//worlds/empty_world.world
[4.750s] -- Symlinking: /home/youssef/Documents/ROS/turtlebot3_ws/install/turtlebot3_gazebo/share/turtlebot3_gazebo//worlds/my_world.world
[4.780s] -- Up-to-date symlink: /home/youssef/Documents/ROS/turtlebot3_ws/install/turtlebot3_gazebo/share/turtlebot3_gazebo//worlds/turtlebot3_dqn_stage1.world
[4.780s] -- Up-to-date symlink: /home/youssef/Documents/ROS/turtlebot3_ws/install/turtlebot3_gazebo/share/turtlebot3_gazebo//worlds/turtlebot3_dqn_stage2.world
[4.780s] -- Up-to-date symlink: /home/youssef/Documents/ROS/turtlebot3_ws/install/turtlebot3_gazebo/share/turtlebot3_gazebo//worlds/turtlebot3_dqn_stage3.world
[4.781s] -- Up-to-date symlink: /home/youssef/Documents/ROS/turtlebot3_ws/install/turtlebot3_gazebo/share/turtlebot3_gazebo//worlds/turtlebot3_dqn_stage4.world
[4.781s] -- Up-to-date symlink: /home/youssef/Documents/ROS/turtlebot3_ws/install/turtlebot3_gazebo/share/turtlebot3_gazebo//worlds/turtlebot3_house.world
[4.781s] -- Up-to-date symlink: /home/youssef/Documents/ROS/turtlebot3_ws/install/turtlebot3_gazebo/share/turtlebot3_gazebo//worlds/turtlebot3_world.world
[4.781s] -- Up-to-date symlink: /home/youssef/Documents/ROS/turtlebot3_ws/install/turtlebot3_gazebo/include//turtlebot3_gazebo/turtlebot3_drive.hpp
[4.782s] -- Up-to-date symlink: /home/youssef/Documents/ROS/turtlebot3_ws/install/turtlebot3_gazebo/share/ament_index/resource_index/package_run_dependencies/turtlebot3_gazebo
[4.784s] -- Up-to-date symlink: /home/youssef/Documents/ROS/turtlebot3_ws/install/turtlebot3_gazebo/share/ament_index/resource_index/parent_prefix_path/turtlebot3_gazebo
[4.785s] -- Up-to-date symlink: /home/youssef/Documents/ROS/turtlebot3_ws/install/turtlebot3_gazebo/share/turtlebot3_gazebo/environment/ament_prefix_path.sh
[4.786s] -- Up-to-date symlink: /home/youssef/Documents/ROS/turtlebot3_ws/install/turtlebot3_gazebo/share/turtlebot3_gazebo/environment/ament_prefix_path.dsv
[4.787s] -- Up-to-date symlink: /home/youssef/Documents/ROS/turtlebot3_ws/install/turtlebot3_gazebo/share/turtlebot3_gazebo/environment/path.sh
[4.787s] -- Up-to-date symlink: /home/youssef/Documents/ROS/turtlebot3_ws/install/turtlebot3_gazebo/share/turtlebot3_gazebo/environment/path.dsv
[4.788s] -- Up-to-date symlink: /home/youssef/Documents/ROS/turtlebot3_ws/install/turtlebot3_gazebo/share/turtlebot3_gazebo/local_setup.bash
[4.789s] -- Up-to-date symlink: /home/youssef/Documents/ROS/turtlebot3_ws/install/turtlebot3_gazebo/share/turtlebot3_gazebo/local_setup.sh
[4.790s] -- Up-to-date symlink: /home/youssef/Documents/ROS/turtlebot3_ws/install/turtlebot3_gazebo/share/turtlebot3_gazebo/local_setup.zsh
[4.790s] -- Up-to-date symlink: /home/youssef/Documents/ROS/turtlebot3_ws/install/turtlebot3_gazebo/share/turtlebot3_gazebo/local_setup.dsv
[4.791s] -- Symlinking: /home/youssef/Documents/ROS/turtlebot3_ws/install/turtlebot3_gazebo/share/turtlebot3_gazebo/package.dsv
[4.821s] -- Up-to-date symlink: /home/youssef/Documents/ROS/turtlebot3_ws/install/turtlebot3_gazebo/share/ament_index/resource_index/packages/turtlebot3_gazebo
[4.821s] -- Up-to-date symlink: /home/youssef/Documents/ROS/turtlebot3_ws/install/turtlebot3_gazebo/share/turtlebot3_gazebo/cmake/ament_cmake_export_include_directories-extras.cmake
[4.821s] -- Up-to-date symlink: /home/youssef/Documents/ROS/turtlebot3_ws/install/turtlebot3_gazebo/share/turtlebot3_gazebo/cmake/ament_cmake_export_dependencies-extras.cmake
[4.821s] -- Up-to-date symlink: /home/youssef/Documents/ROS/turtlebot3_ws/install/turtlebot3_gazebo/share/turtlebot3_gazebo/cmake/turtlebot3_gazeboConfig.cmake
[4.821s] -- Up-to-date symlink: /home/youssef/Documents/ROS/turtlebot3_ws/install/turtlebot3_gazebo/share/turtlebot3_gazebo/cmake/turtlebot3_gazeboConfig-version.cmake
[4.824s] -- Up-to-date symlink: /home/youssef/Documents/ROS/turtlebot3_ws/install/turtlebot3_gazebo/share/turtlebot3_gazebo/package.xml
[4.837s] Invoked command in '/home/youssef/Documents/ROS/turtlebot3_ws/build/turtlebot3_gazebo' returned '0': CMAKE_PREFIX_PATH=${CMAKE_PREFIX_PATH}:/home/youssef/install/my_py_pkg:/home/youssef/Documents/ROS/ros2_ws/install/my_py_pkg:/opt/ros/humble /usr/bin/cmake --install /home/youssef/Documents/ROS/turtlebot3_ws/build/turtlebot3_gazebo
