[0.099s] DEBUG:colcon:Command line arguments: ['/usr/bin/colcon', 'build', '--symlink-install']
[0.099s] DEBUG:colcon:Parsed command line arguments: Namespace(log_base=None, log_level=None, verb_name='build', build_base='build', install_base='install', merge_install=False, symlink_install=True, test_result_base=None, continue_on_error=False, executor='parallel', parallel_workers=8, event_handlers=None, ignore_user_meta=False, metas=['./colcon.meta'], base_paths=['.'], packages_ignore=None, packages_ignore_regex=None, paths=None, packages_up_to=None, packages_up_to_regex=None, packages_above=None, packages_above_and_dependencies=None, packages_above_depth=None, packages_select_by_dep=None, packages_skip_by_dep=None, packages_skip_up_to=None, packages_select_build_failed=False, packages_skip_build_finished=False, packages_select_test_failures=False, packages_skip_test_passed=False, packages_select=None, packages_skip=None, packages_select_regex=None, packages_skip_regex=None, packages_start=None, packages_end=None, allow_overriding=[], cmake_args=None, cmake_target=None, cmake_target_skip_unavailable=False, cmake_clean_cache=False, cmake_clean_first=False, cmake_force_configure=False, ament_cmake_args=None, catkin_cmake_args=None, catkin_skip_building_tests=False, verb_parser=<colcon_defaults.argument_parser.defaults.DefaultArgumentsDecorator object at 0x795d77e15d20>, verb_extension=<colcon_core.verb.build.BuildVerb object at 0x795d77e15810>, main=<bound method BuildVerb.main of <colcon_core.verb.build.BuildVerb object at 0x795d77e15810>>)
[4.670s] Level 1:colcon.colcon_core.package_discovery:discover_packages(colcon_meta) check parameters
[4.670s] Level 1:colcon.colcon_core.package_discovery:discover_packages(recursive) check parameters
[4.670s] Level 1:colcon.colcon_core.package_discovery:discover_packages(ignore) check parameters
[4.671s] Level 1:colcon.colcon_core.package_discovery:discover_packages(path) check parameters
[4.671s] Level 1:colcon.colcon_core.package_discovery:discover_packages(colcon_meta) discover
[4.671s] Level 1:colcon.colcon_core.package_discovery:discover_packages(recursive) discover
[4.671s] INFO:colcon.colcon_core.package_discovery:Crawling recursively for packages in '/home/youssef/Documents/ROS/ros2_new_ws'
[4.671s] Level 1:colcon.colcon_core.package_identification:_identify(.) by extensions ['ignore', 'ignore_ament_install']
[4.671s] Level 1:colcon.colcon_core.package_identification:_identify(.) by extension 'ignore'
[4.672s] Level 1:colcon.colcon_core.package_identification:_identify(.) by extension 'ignore_ament_install'
[4.672s] Level 1:colcon.colcon_core.package_identification:_identify(.) by extensions ['colcon_pkg']
[4.672s] Level 1:colcon.colcon_core.package_identification:_identify(.) by extension 'colcon_pkg'
[4.672s] Level 1:colcon.colcon_core.package_identification:_identify(.) by extensions ['colcon_meta']
[4.672s] Level 1:colcon.colcon_core.package_identification:_identify(.) by extension 'colcon_meta'
[4.672s] Level 1:colcon.colcon_core.package_identification:_identify(.) by extensions ['ros']
[4.672s] Level 1:colcon.colcon_core.package_identification:_identify(.) by extension 'ros'
[4.788s] Level 1:colcon.colcon_core.package_identification:_identify(.) by extensions ['cmake', 'python']
[4.789s] Level 1:colcon.colcon_core.package_identification:_identify(.) by extension 'cmake'
[4.789s] Level 1:colcon.colcon_core.package_identification:_identify(.) by extension 'python'
[4.789s] Level 1:colcon.colcon_core.package_identification:_identify(.) by extensions ['python_setup_py']
[4.789s] Level 1:colcon.colcon_core.package_identification:_identify(.) by extension 'python_setup_py'
[4.795s] Level 1:colcon.colcon_core.package_identification:_identify(build) by extensions ['ignore', 'ignore_ament_install']
[4.795s] Level 1:colcon.colcon_core.package_identification:_identify(build) by extension 'ignore'
[4.795s] Level 1:colcon.colcon_core.package_identification:_identify(build) ignored
[4.796s] Level 1:colcon.colcon_core.package_identification:_identify(install) by extensions ['ignore', 'ignore_ament_install']
[4.796s] Level 1:colcon.colcon_core.package_identification:_identify(install) by extension 'ignore'
[4.796s] Level 1:colcon.colcon_core.package_identification:_identify(install) ignored
[4.796s] Level 1:colcon.colcon_core.package_identification:_identify(log) by extensions ['ignore', 'ignore_ament_install']
[4.796s] Level 1:colcon.colcon_core.package_identification:_identify(log) by extension 'ignore'
[4.796s] Level 1:colcon.colcon_core.package_identification:_identify(log) ignored
[4.796s] Level 1:colcon.colcon_core.package_identification:_identify(src) by extensions ['ignore', 'ignore_ament_install']
[4.796s] Level 1:colcon.colcon_core.package_identification:_identify(src) by extension 'ignore'
[4.796s] Level 1:colcon.colcon_core.package_identification:_identify(src) by extension 'ignore_ament_install'
[4.796s] Level 1:colcon.colcon_core.package_identification:_identify(src) by extensions ['colcon_pkg']
[4.796s] Level 1:colcon.colcon_core.package_identification:_identify(src) by extension 'colcon_pkg'
[4.796s] Level 1:colcon.colcon_core.package_identification:_identify(src) by extensions ['colcon_meta']
[4.796s] Level 1:colcon.colcon_core.package_identification:_identify(src) by extension 'colcon_meta'
[4.796s] Level 1:colcon.colcon_core.package_identification:_identify(src) by extensions ['ros']
[4.796s] Level 1:colcon.colcon_core.package_identification:_identify(src) by extension 'ros'
[4.797s] Level 1:colcon.colcon_core.package_identification:_identify(src) by extensions ['cmake', 'python']
[4.797s] Level 1:colcon.colcon_core.package_identification:_identify(src) by extension 'cmake'
[4.797s] Level 1:colcon.colcon_core.package_identification:_identify(src) by extension 'python'
[4.797s] Level 1:colcon.colcon_core.package_identification:_identify(src) by extensions ['python_setup_py']
[4.797s] Level 1:colcon.colcon_core.package_identification:_identify(src) by extension 'python_setup_py'
[4.797s] Level 1:colcon.colcon_core.package_identification:_identify(src/my_robot_description) by extensions ['ignore', 'ignore_ament_install']
[4.797s] Level 1:colcon.colcon_core.package_identification:_identify(src/my_robot_description) by extension 'ignore'
[4.797s] Level 1:colcon.colcon_core.package_identification:_identify(src/my_robot_description) by extension 'ignore_ament_install'
[4.797s] Level 1:colcon.colcon_core.package_identification:_identify(src/my_robot_description) by extensions ['colcon_pkg']
[4.797s] Level 1:colcon.colcon_core.package_identification:_identify(src/my_robot_description) by extension 'colcon_pkg'
[4.797s] Level 1:colcon.colcon_core.package_identification:_identify(src/my_robot_description) by extensions ['colcon_meta']
[4.798s] Level 1:colcon.colcon_core.package_identification:_identify(src/my_robot_description) by extension 'colcon_meta'
[4.798s] Level 1:colcon.colcon_core.package_identification:_identify(src/my_robot_description) by extensions ['ros']
[4.798s] Level 1:colcon.colcon_core.package_identification:_identify(src/my_robot_description) by extension 'ros'
[4.847s] DEBUG:colcon.colcon_core.package_identification:Package 'src/my_robot_description' with type 'ros.ament_cmake' and name 'my_robot_description'
[4.847s] Level 1:colcon.colcon_core.package_discovery:discover_packages(recursive) using defaults
[4.847s] Level 1:colcon.colcon_core.package_discovery:discover_packages(ignore) discover
[4.847s] Level 1:colcon.colcon_core.package_discovery:discover_packages(ignore) using defaults
[4.847s] Level 1:colcon.colcon_core.package_discovery:discover_packages(path) discover
[4.847s] Level 1:colcon.colcon_core.package_discovery:discover_packages(path) using defaults
[5.179s] Level 1:colcon.colcon_core.package_discovery:discover_packages(prefix_path) check parameters
[5.179s] Level 1:colcon.colcon_core.package_discovery:discover_packages(prefix_path) discover
[5.297s] DEBUG:colcon.colcon_installed_package_information.package_discovery:Found 1 installed packages in /home/youssef/Documents/ROS/ros2_new_ws/install
[5.298s] DEBUG:colcon.colcon_installed_package_information.package_discovery:Found 3 installed packages in /home/youssef/Documents/ROS/ros2_ws/install
[5.300s] DEBUG:colcon.colcon_installed_package_information.package_discovery:Found 2 installed packages in /home/youssef/install
[5.305s] DEBUG:colcon.colcon_installed_package_information.package_discovery:Found 316 installed packages in /opt/ros/humble
[5.311s] Level 1:colcon.colcon_core.package_discovery:discover_packages(prefix_path) using defaults
[5.740s] Level 5:colcon.colcon_core.verb:set package 'my_robot_description' build argument 'cmake_args' from command line to 'None'
[5.740s] Level 5:colcon.colcon_core.verb:set package 'my_robot_description' build argument 'cmake_target' from command line to 'None'
[5.740s] Level 5:colcon.colcon_core.verb:set package 'my_robot_description' build argument 'cmake_target_skip_unavailable' from command line to 'False'
[5.740s] Level 5:colcon.colcon_core.verb:set package 'my_robot_description' build argument 'cmake_clean_cache' from command line to 'False'
[5.740s] Level 5:colcon.colcon_core.verb:set package 'my_robot_description' build argument 'cmake_clean_first' from command line to 'False'
[5.740s] Level 5:colcon.colcon_core.verb:set package 'my_robot_description' build argument 'cmake_force_configure' from command line to 'False'
[5.740s] Level 5:colcon.colcon_core.verb:set package 'my_robot_description' build argument 'ament_cmake_args' from command line to 'None'
[5.740s] Level 5:colcon.colcon_core.verb:set package 'my_robot_description' build argument 'catkin_cmake_args' from command line to 'None'
[5.740s] Level 5:colcon.colcon_core.verb:set package 'my_robot_description' build argument 'catkin_skip_building_tests' from command line to 'False'
[5.740s] DEBUG:colcon.colcon_core.verb:Building package 'my_robot_description' with the following arguments: {'ament_cmake_args': None, 'build_base': '/home/youssef/Documents/ROS/ros2_new_ws/build/my_robot_description', 'catkin_cmake_args': None, 'catkin_skip_building_tests': False, 'cmake_args': None, 'cmake_clean_cache': False, 'cmake_clean_first': False, 'cmake_force_configure': False, 'cmake_target': None, 'cmake_target_skip_unavailable': False, 'install_base': '/home/youssef/Documents/ROS/ros2_new_ws/install/my_robot_description', 'merge_install': False, 'path': '/home/youssef/Documents/ROS/ros2_new_ws/src/my_robot_description', 'symlink_install': True, 'test_result_base': None}
[5.740s] INFO:colcon.colcon_core.executor:Executing jobs using 'parallel' executor
[5.741s] DEBUG:colcon.colcon_parallel_executor.executor.parallel:run_until_complete
[5.741s] INFO:colcon.colcon_ros.task.ament_cmake.build:Building ROS package in '/home/youssef/Documents/ROS/ros2_new_ws/src/my_robot_description' with build type 'ament_cmake'
[5.741s] INFO:colcon.colcon_cmake.task.cmake.build:Building CMake package in '/home/youssef/Documents/ROS/ros2_new_ws/src/my_robot_description'
[5.819s] INFO:colcon.colcon_core.plugin_system:Skipping extension 'colcon_core.shell.bat': Not used on non-Windows systems
[5.819s] INFO:colcon.colcon_core.shell:Skip shell extension 'powershell' for command environment: Not usable outside of PowerShell
[5.820s] DEBUG:colcon.colcon_core.shell:Skip shell extension 'dsv' for command environment
[5.898s] DEBUG:colcon.colcon_core.event_handler.log_command:Invoking command in '/home/youssef/Documents/ROS/ros2_new_ws/build/my_robot_description': CMAKE_PREFIX_PATH=${CMAKE_PREFIX_PATH}:/home/youssef/install/my_py_pkg:/home/youssef/Documents/ROS/ros2_ws/install/my_py_pkg:/opt/ros/humble /usr/bin/cmake /home/youssef/Documents/ROS/ros2_new_ws/src/my_robot_description -DAMENT_CMAKE_SYMLINK_INSTALL=1 -DCMAKE_INSTALL_PREFIX=/home/youssef/Documents/ROS/ros2_new_ws/install/my_robot_description
[9.801s] DEBUG:colcon.colcon_core.event_handler.log_command:Invoked command in '/home/youssef/Documents/ROS/ros2_new_ws/build/my_robot_description' returned '0': CMAKE_PREFIX_PATH=${CMAKE_PREFIX_PATH}:/home/youssef/install/my_py_pkg:/home/youssef/Documents/ROS/ros2_ws/install/my_py_pkg:/opt/ros/humble /usr/bin/cmake /home/youssef/Documents/ROS/ros2_new_ws/src/my_robot_description -DAMENT_CMAKE_SYMLINK_INSTALL=1 -DCMAKE_INSTALL_PREFIX=/home/youssef/Documents/ROS/ros2_new_ws/install/my_robot_description
[9.808s] DEBUG:colcon.colcon_core.event_handler.log_command:Invoking command in '/home/youssef/Documents/ROS/ros2_new_ws/build/my_robot_description': CMAKE_PREFIX_PATH=${CMAKE_PREFIX_PATH}:/home/youssef/install/my_py_pkg:/home/youssef/Documents/ROS/ros2_ws/install/my_py_pkg:/opt/ros/humble /usr/bin/cmake --build /home/youssef/Documents/ROS/ros2_new_ws/build/my_robot_description -- -j8 -l8
[10.064s] DEBUG:colcon.colcon_core.event_handler.log_command:Invoked command in '/home/youssef/Documents/ROS/ros2_new_ws/build/my_robot_description' returned '0': CMAKE_PREFIX_PATH=${CMAKE_PREFIX_PATH}:/home/youssef/install/my_py_pkg:/home/youssef/Documents/ROS/ros2_ws/install/my_py_pkg:/opt/ros/humble /usr/bin/cmake --build /home/youssef/Documents/ROS/ros2_new_ws/build/my_robot_description -- -j8 -l8
[10.074s] DEBUG:colcon.colcon_core.event_handler.log_command:Invoking command in '/home/youssef/Documents/ROS/ros2_new_ws/build/my_robot_description': CMAKE_PREFIX_PATH=${CMAKE_PREFIX_PATH}:/home/youssef/install/my_py_pkg:/home/youssef/Documents/ROS/ros2_ws/install/my_py_pkg:/opt/ros/humble /usr/bin/cmake --install /home/youssef/Documents/ROS/ros2_new_ws/build/my_robot_description
[10.149s] Level 1:colcon.colcon_core.environment:create_environment_scripts_only(my_robot_description)
[10.150s] DEBUG:colcon.colcon_core.event_handler.log_command:Invoked command in '/home/youssef/Documents/ROS/ros2_new_ws/build/my_robot_description' returned '0': CMAKE_PREFIX_PATH=${CMAKE_PREFIX_PATH}:/home/youssef/install/my_py_pkg:/home/youssef/Documents/ROS/ros2_ws/install/my_py_pkg:/opt/ros/humble /usr/bin/cmake --install /home/youssef/Documents/ROS/ros2_new_ws/build/my_robot_description
[10.233s] Level 1:colcon.colcon_core.environment:checking '/home/youssef/Documents/ROS/ros2_new_ws/install/my_robot_description' for CMake module files
[10.236s] Level 1:colcon.colcon_core.environment:checking '/home/youssef/Documents/ROS/ros2_new_ws/install/my_robot_description' for CMake config files
[10.241s] Level 1:colcon.colcon_core.shell:create_environment_hook('my_robot_description', 'cmake_prefix_path')
[10.242s] INFO:colcon.colcon_core.shell:Creating environment hook '/home/youssef/Documents/ROS/ros2_new_ws/install/my_robot_description/share/my_robot_description/hook/cmake_prefix_path.ps1'
[10.259s] INFO:colcon.colcon_core.shell:Creating environment descriptor '/home/youssef/Documents/ROS/ros2_new_ws/install/my_robot_description/share/my_robot_description/hook/cmake_prefix_path.dsv'
[10.261s] INFO:colcon.colcon_core.shell:Creating environment hook '/home/youssef/Documents/ROS/ros2_new_ws/install/my_robot_description/share/my_robot_description/hook/cmake_prefix_path.sh'
[10.264s] Level 1:colcon.colcon_core.environment:checking '/home/youssef/Documents/ROS/ros2_new_ws/install/my_robot_description/bin'
[10.265s] Level 1:colcon.colcon_core.environment:checking '/home/youssef/Documents/ROS/ros2_new_ws/install/my_robot_description/lib/pkgconfig/my_robot_description.pc'
[10.266s] Level 1:colcon.colcon_core.environment:checking '/home/youssef/Documents/ROS/ros2_new_ws/install/my_robot_description/lib/python3.10/site-packages'
[10.267s] Level 1:colcon.colcon_core.environment:checking '/home/youssef/Documents/ROS/ros2_new_ws/install/my_robot_description/bin'
[10.268s] INFO:colcon.colcon_core.shell:Creating package script '/home/youssef/Documents/ROS/ros2_new_ws/install/my_robot_description/share/my_robot_description/package.ps1'
[10.272s] INFO:colcon.colcon_core.shell:Creating package descriptor '/home/youssef/Documents/ROS/ros2_new_ws/install/my_robot_description/share/my_robot_description/package.dsv'
[10.275s] INFO:colcon.colcon_core.shell:Creating package script '/home/youssef/Documents/ROS/ros2_new_ws/install/my_robot_description/share/my_robot_description/package.sh'
[10.278s] INFO:colcon.colcon_core.shell:Creating package script '/home/youssef/Documents/ROS/ros2_new_ws/install/my_robot_description/share/my_robot_description/package.bash'
[10.310s] INFO:colcon.colcon_core.shell:Creating package script '/home/youssef/Documents/ROS/ros2_new_ws/install/my_robot_description/share/my_robot_description/package.zsh'
[10.333s] Level 1:colcon.colcon_core.environment:create_file_with_runtime_dependencies(/home/youssef/Documents/ROS/ros2_new_ws/install/my_robot_description/share/colcon-core/packages/my_robot_description)
[10.336s] Level 1:colcon.colcon_core.environment:create_environment_scripts_only(my_robot_description)
[10.336s] Level 1:colcon.colcon_core.environment:checking '/home/youssef/Documents/ROS/ros2_new_ws/install/my_robot_description' for CMake module files
[10.338s] Level 1:colcon.colcon_core.environment:checking '/home/youssef/Documents/ROS/ros2_new_ws/install/my_robot_description' for CMake config files
[10.339s] Level 1:colcon.colcon_core.shell:create_environment_hook('my_robot_description', 'cmake_prefix_path')
[10.340s] INFO:colcon.colcon_core.shell:Creating environment hook '/home/youssef/Documents/ROS/ros2_new_ws/install/my_robot_description/share/my_robot_description/hook/cmake_prefix_path.ps1'
[10.342s] INFO:colcon.colcon_core.shell:Creating environment descriptor '/home/youssef/Documents/ROS/ros2_new_ws/install/my_robot_description/share/my_robot_description/hook/cmake_prefix_path.dsv'
[10.343s] INFO:colcon.colcon_core.shell:Creating environment hook '/home/youssef/Documents/ROS/ros2_new_ws/install/my_robot_description/share/my_robot_description/hook/cmake_prefix_path.sh'
[10.345s] Level 1:colcon.colcon_core.environment:checking '/home/youssef/Documents/ROS/ros2_new_ws/install/my_robot_description/bin'
[10.345s] Level 1:colcon.colcon_core.environment:checking '/home/youssef/Documents/ROS/ros2_new_ws/install/my_robot_description/lib/pkgconfig/my_robot_description.pc'
[10.346s] Level 1:colcon.colcon_core.environment:checking '/home/youssef/Documents/ROS/ros2_new_ws/install/my_robot_description/lib/python3.10/site-packages'
[10.347s] Level 1:colcon.colcon_core.environment:checking '/home/youssef/Documents/ROS/ros2_new_ws/install/my_robot_description/bin'
[10.348s] INFO:colcon.colcon_core.shell:Creating package script '/home/youssef/Documents/ROS/ros2_new_ws/install/my_robot_description/share/my_robot_description/package.ps1'
[10.349s] INFO:colcon.colcon_core.shell:Creating package descriptor '/home/youssef/Documents/ROS/ros2_new_ws/install/my_robot_description/share/my_robot_description/package.dsv'
[10.351s] INFO:colcon.colcon_core.shell:Creating package script '/home/youssef/Documents/ROS/ros2_new_ws/install/my_robot_description/share/my_robot_description/package.sh'
[10.353s] INFO:colcon.colcon_core.shell:Creating package script '/home/youssef/Documents/ROS/ros2_new_ws/install/my_robot_description/share/my_robot_description/package.bash'
[10.354s] INFO:colcon.colcon_core.shell:Creating package script '/home/youssef/Documents/ROS/ros2_new_ws/install/my_robot_description/share/my_robot_description/package.zsh'
[10.374s] Level 1:colcon.colcon_core.environment:create_file_with_runtime_dependencies(/home/youssef/Documents/ROS/ros2_new_ws/install/my_robot_description/share/colcon-core/packages/my_robot_description)
[10.375s] DEBUG:colcon.colcon_parallel_executor.executor.parallel:closing loop
[10.376s] DEBUG:colcon.colcon_parallel_executor.executor.parallel:loop closed
[10.376s] DEBUG:colcon.colcon_parallel_executor.executor.parallel:run_until_complete finished with '0'
[10.377s] DEBUG:colcon.colcon_core.event_reactor:joining thread
[10.524s] INFO:colcon.colcon_core.plugin_system:Skipping extension 'colcon_notification.desktop_notification.terminal_notifier': Not used on non-Darwin systems
[10.524s] INFO:colcon.colcon_core.plugin_system:Skipping extension 'colcon_notification.desktop_notification.win32': Not used on non-Windows systems
[10.524s] INFO:colcon.colcon_notification.desktop_notification:Sending desktop notification using 'notify2'
[10.825s] DEBUG:colcon.colcon_core.event_reactor:joined thread
[10.827s] INFO:colcon.colcon_core.shell:Creating prefix script '/home/youssef/Documents/ROS/ros2_new_ws/install/local_setup.ps1'
[10.831s] INFO:colcon.colcon_core.shell:Creating prefix util module '/home/youssef/Documents/ROS/ros2_new_ws/install/_local_setup_util_ps1.py'
[10.836s] INFO:colcon.colcon_core.shell:Creating prefix chain script '/home/youssef/Documents/ROS/ros2_new_ws/install/setup.ps1'
[10.841s] INFO:colcon.colcon_core.shell:Creating prefix script '/home/youssef/Documents/ROS/ros2_new_ws/install/local_setup.sh'
[10.844s] INFO:colcon.colcon_core.shell:Creating prefix util module '/home/youssef/Documents/ROS/ros2_new_ws/install/_local_setup_util_sh.py'
[10.846s] INFO:colcon.colcon_core.shell:Creating prefix chain script '/home/youssef/Documents/ROS/ros2_new_ws/install/setup.sh'
[10.850s] INFO:colcon.colcon_core.shell:Creating prefix script '/home/youssef/Documents/ROS/ros2_new_ws/install/local_setup.bash'
[10.853s] INFO:colcon.colcon_core.shell:Creating prefix chain script '/home/youssef/Documents/ROS/ros2_new_ws/install/setup.bash'
[10.857s] INFO:colcon.colcon_core.shell:Creating prefix script '/home/youssef/Documents/ROS/ros2_new_ws/install/local_setup.zsh'
[10.858s] INFO:colcon.colcon_core.shell:Creating prefix chain script '/home/youssef/Documents/ROS/ros2_new_ws/install/setup.zsh'
