[0.100s] DEBUG:colcon:Command line arguments: ['/usr/bin/colcon', 'build', '--symlink-install']
[0.101s] DEBUG:colcon:Parsed command line arguments: Namespace(log_base=None, log_level=None, verb_name='build', build_base='build', install_base='install', merge_install=False, symlink_install=True, test_result_base=None, continue_on_error=False, executor='parallel', parallel_workers=8, event_handlers=None, ignore_user_meta=False, metas=['./colcon.meta'], base_paths=['.'], packages_ignore=None, packages_ignore_regex=None, paths=None, packages_up_to=None, packages_up_to_regex=None, packages_above=None, packages_above_and_dependencies=None, packages_above_depth=None, packages_select_by_dep=None, packages_skip_by_dep=None, packages_skip_up_to=None, packages_select_build_failed=False, packages_skip_build_finished=False, packages_select_test_failures=False, packages_skip_test_passed=False, packages_select=None, packages_skip=None, packages_select_regex=None, packages_skip_regex=None, packages_start=None, packages_end=None, allow_overriding=[], cmake_args=None, cmake_target=None, cmake_target_skip_unavailable=False, cmake_clean_cache=False, cmake_clean_first=False, cmake_force_configure=False, ament_cmake_args=None, catkin_cmake_args=None, catkin_skip_building_tests=False, verb_parser=<colcon_defaults.argument_parser.defaults.DefaultArgumentsDecorator object at 0x75983a631f30>, verb_extension=<colcon_core.verb.build.BuildVerb object at 0x75983a631a20>, main=<bound method BuildVerb.main of <colcon_core.verb.build.BuildVerb object at 0x75983a631a20>>)
[1.751s] Level 1:colcon.colcon_core.package_discovery:discover_packages(colcon_meta) check parameters
[1.751s] Level 1:colcon.colcon_core.package_discovery:discover_packages(recursive) check parameters
[1.751s] Level 1:colcon.colcon_core.package_discovery:discover_packages(ignore) check parameters
[1.751s] Level 1:colcon.colcon_core.package_discovery:discover_packages(path) check parameters
[1.751s] Level 1:colcon.colcon_core.package_discovery:discover_packages(colcon_meta) discover
[1.751s] Level 1:colcon.colcon_core.package_discovery:discover_packages(recursive) discover
[1.751s] INFO:colcon.colcon_core.package_discovery:Crawling recursively for packages in '/home/youssef/Documents/ROS/turtlebot3_ws'
[1.751s] Level 1:colcon.colcon_core.package_identification:_identify(.) by extensions ['ignore', 'ignore_ament_install']
[1.752s] Level 1:colcon.colcon_core.package_identification:_identify(.) by extension 'ignore'
[1.752s] Level 1:colcon.colcon_core.package_identification:_identify(.) by extension 'ignore_ament_install'
[1.752s] Level 1:colcon.colcon_core.package_identification:_identify(.) by extensions ['colcon_pkg']
[1.752s] Level 1:colcon.colcon_core.package_identification:_identify(.) by extension 'colcon_pkg'
[1.752s] Level 1:colcon.colcon_core.package_identification:_identify(.) by extensions ['colcon_meta']
[1.752s] Level 1:colcon.colcon_core.package_identification:_identify(.) by extension 'colcon_meta'
[1.752s] Level 1:colcon.colcon_core.package_identification:_identify(.) by extensions ['ros']
[1.752s] Level 1:colcon.colcon_core.package_identification:_identify(.) by extension 'ros'
[1.828s] Level 1:colcon.colcon_core.package_identification:_identify(.) by extensions ['cmake', 'python']
[1.828s] Level 1:colcon.colcon_core.package_identification:_identify(.) by extension 'cmake'
[1.828s] Level 1:colcon.colcon_core.package_identification:_identify(.) by extension 'python'
[1.828s] Level 1:colcon.colcon_core.package_identification:_identify(.) by extensions ['python_setup_py']
[1.828s] Level 1:colcon.colcon_core.package_identification:_identify(.) by extension 'python_setup_py'
[1.828s] Level 1:colcon.colcon_core.package_identification:_identify(build) by extensions ['ignore', 'ignore_ament_install']
[1.828s] Level 1:colcon.colcon_core.package_identification:_identify(build) by extension 'ignore'
[1.828s] Level 1:colcon.colcon_core.package_identification:_identify(build) ignored
[1.828s] Level 1:colcon.colcon_core.package_identification:_identify(install) by extensions ['ignore', 'ignore_ament_install']
[1.828s] Level 1:colcon.colcon_core.package_identification:_identify(install) by extension 'ignore'
[1.828s] Level 1:colcon.colcon_core.package_identification:_identify(install) ignored
[1.829s] Level 1:colcon.colcon_core.package_identification:_identify(log) by extensions ['ignore', 'ignore_ament_install']
[1.829s] Level 1:colcon.colcon_core.package_identification:_identify(log) by extension 'ignore'
[1.829s] Level 1:colcon.colcon_core.package_identification:_identify(log) ignored
[1.829s] Level 1:colcon.colcon_core.package_identification:_identify(src) by extensions ['ignore', 'ignore_ament_install']
[1.829s] Level 1:colcon.colcon_core.package_identification:_identify(src) by extension 'ignore'
[1.829s] Level 1:colcon.colcon_core.package_identification:_identify(src) by extension 'ignore_ament_install'
[1.829s] Level 1:colcon.colcon_core.package_identification:_identify(src) by extensions ['colcon_pkg']
[1.829s] Level 1:colcon.colcon_core.package_identification:_identify(src) by extension 'colcon_pkg'
[1.829s] Level 1:colcon.colcon_core.package_identification:_identify(src) by extensions ['colcon_meta']
[1.829s] Level 1:colcon.colcon_core.package_identification:_identify(src) by extension 'colcon_meta'
[1.829s] Level 1:colcon.colcon_core.package_identification:_identify(src) by extensions ['ros']
[1.829s] Level 1:colcon.colcon_core.package_identification:_identify(src) by extension 'ros'
[1.829s] Level 1:colcon.colcon_core.package_identification:_identify(src) by extensions ['cmake', 'python']
[1.829s] Level 1:colcon.colcon_core.package_identification:_identify(src) by extension 'cmake'
[1.829s] Level 1:colcon.colcon_core.package_identification:_identify(src) by extension 'python'
[1.829s] Level 1:colcon.colcon_core.package_identification:_identify(src) by extensions ['python_setup_py']
[1.829s] Level 1:colcon.colcon_core.package_identification:_identify(src) by extension 'python_setup_py'
[1.829s] Level 1:colcon.colcon_core.package_identification:_identify(src/turtlebot3_fake_node) by extensions ['ignore', 'ignore_ament_install']
[1.830s] Level 1:colcon.colcon_core.package_identification:_identify(src/turtlebot3_fake_node) by extension 'ignore'
[1.830s] Level 1:colcon.colcon_core.package_identification:_identify(src/turtlebot3_fake_node) by extension 'ignore_ament_install'
[1.830s] Level 1:colcon.colcon_core.package_identification:_identify(src/turtlebot3_fake_node) by extensions ['colcon_pkg']
[1.830s] Level 1:colcon.colcon_core.package_identification:_identify(src/turtlebot3_fake_node) by extension 'colcon_pkg'
[1.830s] Level 1:colcon.colcon_core.package_identification:_identify(src/turtlebot3_fake_node) by extensions ['colcon_meta']
[1.830s] Level 1:colcon.colcon_core.package_identification:_identify(src/turtlebot3_fake_node) by extension 'colcon_meta'
[1.830s] Level 1:colcon.colcon_core.package_identification:_identify(src/turtlebot3_fake_node) by extensions ['ros']
[1.830s] Level 1:colcon.colcon_core.package_identification:_identify(src/turtlebot3_fake_node) by extension 'ros'
[1.875s] DEBUG:colcon.colcon_core.package_identification:Package 'src/turtlebot3_fake_node' with type 'ros.ament_cmake' and name 'turtlebot3_fake_node'
[1.875s] Level 1:colcon.colcon_core.package_identification:_identify(src/turtlebot3_gazebo) by extensions ['ignore', 'ignore_ament_install']
[1.875s] Level 1:colcon.colcon_core.package_identification:_identify(src/turtlebot3_gazebo) by extension 'ignore'
[1.875s] Level 1:colcon.colcon_core.package_identification:_identify(src/turtlebot3_gazebo) by extension 'ignore_ament_install'
[1.875s] Level 1:colcon.colcon_core.package_identification:_identify(src/turtlebot3_gazebo) by extensions ['colcon_pkg']
[1.876s] Level 1:colcon.colcon_core.package_identification:_identify(src/turtlebot3_gazebo) by extension 'colcon_pkg'
[1.876s] Level 1:colcon.colcon_core.package_identification:_identify(src/turtlebot3_gazebo) by extensions ['colcon_meta']
[1.876s] Level 1:colcon.colcon_core.package_identification:_identify(src/turtlebot3_gazebo) by extension 'colcon_meta'
[1.876s] Level 1:colcon.colcon_core.package_identification:_identify(src/turtlebot3_gazebo) by extensions ['ros']
[1.876s] Level 1:colcon.colcon_core.package_identification:_identify(src/turtlebot3_gazebo) by extension 'ros'
[1.877s] DEBUG:colcon.colcon_core.package_identification:Package 'src/turtlebot3_gazebo' with type 'ros.ament_cmake' and name 'turtlebot3_gazebo'
[1.877s] Level 1:colcon.colcon_core.package_identification:_identify(src/turtlebot3_simulations) by extensions ['ignore', 'ignore_ament_install']
[1.877s] Level 1:colcon.colcon_core.package_identification:_identify(src/turtlebot3_simulations) by extension 'ignore'
[1.877s] Level 1:colcon.colcon_core.package_identification:_identify(src/turtlebot3_simulations) by extension 'ignore_ament_install'
[1.877s] Level 1:colcon.colcon_core.package_identification:_identify(src/turtlebot3_simulations) by extensions ['colcon_pkg']
[1.877s] Level 1:colcon.colcon_core.package_identification:_identify(src/turtlebot3_simulations) by extension 'colcon_pkg'
[1.877s] Level 1:colcon.colcon_core.package_identification:_identify(src/turtlebot3_simulations) by extensions ['colcon_meta']
[1.877s] Level 1:colcon.colcon_core.package_identification:_identify(src/turtlebot3_simulations) by extension 'colcon_meta'
[1.877s] Level 1:colcon.colcon_core.package_identification:_identify(src/turtlebot3_simulations) by extensions ['ros']
[1.877s] Level 1:colcon.colcon_core.package_identification:_identify(src/turtlebot3_simulations) by extension 'ros'
[1.878s] DEBUG:colcon.colcon_core.package_identification:Package 'src/turtlebot3_simulations' with type 'ros.ament_cmake' and name 'turtlebot3_simulations'
[1.878s] Level 1:colcon.colcon_core.package_discovery:discover_packages(recursive) using defaults
[1.878s] Level 1:colcon.colcon_core.package_discovery:discover_packages(ignore) discover
[1.878s] Level 1:colcon.colcon_core.package_discovery:discover_packages(ignore) using defaults
[1.878s] Level 1:colcon.colcon_core.package_discovery:discover_packages(path) discover
[1.878s] Level 1:colcon.colcon_core.package_discovery:discover_packages(path) using defaults
[2.195s] Level 1:colcon.colcon_core.package_discovery:discover_packages(prefix_path) check parameters
[2.195s] Level 1:colcon.colcon_core.package_discovery:discover_packages(prefix_path) discover
[2.268s] DEBUG:colcon.colcon_installed_package_information.package_discovery:Found 2 installed packages in /home/youssef/Documents/ROS/ros2_new_ws/install
[2.270s] DEBUG:colcon.colcon_installed_package_information.package_discovery:Found 3 installed packages in /home/youssef/Documents/ROS/ros2_ws/install
[2.272s] DEBUG:colcon.colcon_installed_package_information.package_discovery:Found 2 installed packages in /home/youssef/install
[2.278s] DEBUG:colcon.colcon_installed_package_information.package_discovery:Found 399 installed packages in /opt/ros/humble
[2.285s] Level 1:colcon.colcon_core.package_discovery:discover_packages(prefix_path) using defaults
[2.793s] Level 5:colcon.colcon_core.verb:set package 'turtlebot3_fake_node' build argument 'cmake_args' from command line to 'None'
[2.793s] Level 5:colcon.colcon_core.verb:set package 'turtlebot3_fake_node' build argument 'cmake_target' from command line to 'None'
[2.793s] Level 5:colcon.colcon_core.verb:set package 'turtlebot3_fake_node' build argument 'cmake_target_skip_unavailable' from command line to 'False'
[2.793s] Level 5:colcon.colcon_core.verb:set package 'turtlebot3_fake_node' build argument 'cmake_clean_cache' from command line to 'False'
[2.793s] Level 5:colcon.colcon_core.verb:set package 'turtlebot3_fake_node' build argument 'cmake_clean_first' from command line to 'False'
[2.793s] Level 5:colcon.colcon_core.verb:set package 'turtlebot3_fake_node' build argument 'cmake_force_configure' from command line to 'False'
[2.793s] Level 5:colcon.colcon_core.verb:set package 'turtlebot3_fake_node' build argument 'ament_cmake_args' from command line to 'None'
[2.793s] Level 5:colcon.colcon_core.verb:set package 'turtlebot3_fake_node' build argument 'catkin_cmake_args' from command line to 'None'
[2.793s] Level 5:colcon.colcon_core.verb:set package 'turtlebot3_fake_node' build argument 'catkin_skip_building_tests' from command line to 'False'
[2.793s] DEBUG:colcon.colcon_core.verb:Building package 'turtlebot3_fake_node' with the following arguments: {'ament_cmake_args': None, 'build_base': '/home/youssef/Documents/ROS/turtlebot3_ws/build/turtlebot3_fake_node', 'catkin_cmake_args': None, 'catkin_skip_building_tests': False, 'cmake_args': None, 'cmake_clean_cache': False, 'cmake_clean_first': False, 'cmake_force_configure': False, 'cmake_target': None, 'cmake_target_skip_unavailable': False, 'install_base': '/home/youssef/Documents/ROS/turtlebot3_ws/install/turtlebot3_fake_node', 'merge_install': False, 'path': '/home/youssef/Documents/ROS/turtlebot3_ws/src/turtlebot3_fake_node', 'symlink_install': True, 'test_result_base': None}
[2.794s] Level 5:colcon.colcon_core.verb:set package 'turtlebot3_gazebo' build argument 'cmake_args' from command line to 'None'
[2.794s] Level 5:colcon.colcon_core.verb:set package 'turtlebot3_gazebo' build argument 'cmake_target' from command line to 'None'
[2.794s] Level 5:colcon.colcon_core.verb:set package 'turtlebot3_gazebo' build argument 'cmake_target_skip_unavailable' from command line to 'False'
[2.794s] Level 5:colcon.colcon_core.verb:set package 'turtlebot3_gazebo' build argument 'cmake_clean_cache' from command line to 'False'
[2.794s] Level 5:colcon.colcon_core.verb:set package 'turtlebot3_gazebo' build argument 'cmake_clean_first' from command line to 'False'
[2.794s] Level 5:colcon.colcon_core.verb:set package 'turtlebot3_gazebo' build argument 'cmake_force_configure' from command line to 'False'
[2.794s] Level 5:colcon.colcon_core.verb:set package 'turtlebot3_gazebo' build argument 'ament_cmake_args' from command line to 'None'
[2.794s] Level 5:colcon.colcon_core.verb:set package 'turtlebot3_gazebo' build argument 'catkin_cmake_args' from command line to 'None'
[2.794s] Level 5:colcon.colcon_core.verb:set package 'turtlebot3_gazebo' build argument 'catkin_skip_building_tests' from command line to 'False'
[2.794s] DEBUG:colcon.colcon_core.verb:Building package 'turtlebot3_gazebo' with the following arguments: {'ament_cmake_args': None, 'build_base': '/home/youssef/Documents/ROS/turtlebot3_ws/build/turtlebot3_gazebo', 'catkin_cmake_args': None, 'catkin_skip_building_tests': False, 'cmake_args': None, 'cmake_clean_cache': False, 'cmake_clean_first': False, 'cmake_force_configure': False, 'cmake_target': None, 'cmake_target_skip_unavailable': False, 'install_base': '/home/youssef/Documents/ROS/turtlebot3_ws/install/turtlebot3_gazebo', 'merge_install': False, 'path': '/home/youssef/Documents/ROS/turtlebot3_ws/src/turtlebot3_gazebo', 'symlink_install': True, 'test_result_base': None}
[2.794s] Level 5:colcon.colcon_core.verb:set package 'turtlebot3_simulations' build argument 'cmake_args' from command line to 'None'
[2.794s] Level 5:colcon.colcon_core.verb:set package 'turtlebot3_simulations' build argument 'cmake_target' from command line to 'None'
[2.794s] Level 5:colcon.colcon_core.verb:set package 'turtlebot3_simulations' build argument 'cmake_target_skip_unavailable' from command line to 'False'
[2.794s] Level 5:colcon.colcon_core.verb:set package 'turtlebot3_simulations' build argument 'cmake_clean_cache' from command line to 'False'
[2.794s] Level 5:colcon.colcon_core.verb:set package 'turtlebot3_simulations' build argument 'cmake_clean_first' from command line to 'False'
[2.794s] Level 5:colcon.colcon_core.verb:set package 'turtlebot3_simulations' build argument 'cmake_force_configure' from command line to 'False'
[2.794s] Level 5:colcon.colcon_core.verb:set package 'turtlebot3_simulations' build argument 'ament_cmake_args' from command line to 'None'
[2.794s] Level 5:colcon.colcon_core.verb:set package 'turtlebot3_simulations' build argument 'catkin_cmake_args' from command line to 'None'
[2.794s] Level 5:colcon.colcon_core.verb:set package 'turtlebot3_simulations' build argument 'catkin_skip_building_tests' from command line to 'False'
[2.794s] DEBUG:colcon.colcon_core.verb:Building package 'turtlebot3_simulations' with the following arguments: {'ament_cmake_args': None, 'build_base': '/home/youssef/Documents/ROS/turtlebot3_ws/build/turtlebot3_simulations', 'catkin_cmake_args': None, 'catkin_skip_building_tests': False, 'cmake_args': None, 'cmake_clean_cache': False, 'cmake_clean_first': False, 'cmake_force_configure': False, 'cmake_target': None, 'cmake_target_skip_unavailable': False, 'install_base': '/home/youssef/Documents/ROS/turtlebot3_ws/install/turtlebot3_simulations', 'merge_install': False, 'path': '/home/youssef/Documents/ROS/turtlebot3_ws/src/turtlebot3_simulations', 'symlink_install': True, 'test_result_base': None}
[2.795s] INFO:colcon.colcon_core.executor:Executing jobs using 'parallel' executor
[2.796s] DEBUG:colcon.colcon_parallel_executor.executor.parallel:run_until_complete
[2.796s] INFO:colcon.colcon_ros.task.ament_cmake.build:Building ROS package in '/home/youssef/Documents/ROS/turtlebot3_ws/src/turtlebot3_fake_node' with build type 'ament_cmake'
[2.796s] INFO:colcon.colcon_cmake.task.cmake.build:Building CMake package in '/home/youssef/Documents/ROS/turtlebot3_ws/src/turtlebot3_fake_node'
[2.806s] INFO:colcon.colcon_core.plugin_system:Skipping extension 'colcon_core.shell.bat': Not used on non-Windows systems
[2.807s] INFO:colcon.colcon_core.shell:Skip shell extension 'powershell' for command environment: Not usable outside of PowerShell
[2.807s] DEBUG:colcon.colcon_core.shell:Skip shell extension 'dsv' for command environment
[2.821s] INFO:colcon.colcon_ros.task.ament_cmake.build:Building ROS package in '/home/youssef/Documents/ROS/turtlebot3_ws/src/turtlebot3_gazebo' with build type 'ament_cmake'
[2.821s] INFO:colcon.colcon_cmake.task.cmake.build:Building CMake package in '/home/youssef/Documents/ROS/turtlebot3_ws/src/turtlebot3_gazebo'
[2.821s] INFO:colcon.colcon_core.shell:Skip shell extension 'powershell' for command environment: Not usable outside of PowerShell
[2.821s] DEBUG:colcon.colcon_core.shell:Skip shell extension 'dsv' for command environment
[2.827s] DEBUG:colcon.colcon_core.event_handler.log_command:Invoking command in '/home/youssef/Documents/ROS/turtlebot3_ws/build/turtlebot3_fake_node': CMAKE_PREFIX_PATH=${CMAKE_PREFIX_PATH}:/home/youssef/install/my_py_pkg:/home/youssef/Documents/ROS/ros2_ws/install/my_py_pkg:/opt/ros/humble /usr/bin/cmake /home/youssef/Documents/ROS/turtlebot3_ws/src/turtlebot3_fake_node -DAMENT_CMAKE_SYMLINK_INSTALL=1 -DCMAKE_INSTALL_PREFIX=/home/youssef/Documents/ROS/turtlebot3_ws/install/turtlebot3_fake_node
[2.906s] DEBUG:colcon.colcon_core.event_handler.log_command:Invoking command in '/home/youssef/Documents/ROS/turtlebot3_ws/build/turtlebot3_gazebo': CMAKE_PREFIX_PATH=${CMAKE_PREFIX_PATH}:/home/youssef/install/my_py_pkg:/home/youssef/Documents/ROS/ros2_ws/install/my_py_pkg:/opt/ros/humble /usr/bin/cmake /home/youssef/Documents/ROS/turtlebot3_ws/src/turtlebot3_gazebo -DAMENT_CMAKE_SYMLINK_INSTALL=1 -DCMAKE_INSTALL_PREFIX=/home/youssef/Documents/ROS/turtlebot3_ws/install/turtlebot3_gazebo
[13.559s] DEBUG:colcon.colcon_core.event_handler.log_command:Invoked command in '/home/youssef/Documents/ROS/turtlebot3_ws/build/turtlebot3_fake_node' returned '0': CMAKE_PREFIX_PATH=${CMAKE_PREFIX_PATH}:/home/youssef/install/my_py_pkg:/home/youssef/Documents/ROS/ros2_ws/install/my_py_pkg:/opt/ros/humble /usr/bin/cmake /home/youssef/Documents/ROS/turtlebot3_ws/src/turtlebot3_fake_node -DAMENT_CMAKE_SYMLINK_INSTALL=1 -DCMAKE_INSTALL_PREFIX=/home/youssef/Documents/ROS/turtlebot3_ws/install/turtlebot3_fake_node
[13.559s] DEBUG:colcon.colcon_core.event_handler.log_command:Invoking command in '/home/youssef/Documents/ROS/turtlebot3_ws/build/turtlebot3_fake_node': CMAKE_PREFIX_PATH=${CMAKE_PREFIX_PATH}:/home/youssef/install/my_py_pkg:/home/youssef/Documents/ROS/ros2_ws/install/my_py_pkg:/opt/ros/humble /usr/bin/cmake --build /home/youssef/Documents/ROS/turtlebot3_ws/build/turtlebot3_fake_node -- -j8 -l8
[17.069s] DEBUG:colcon.colcon_core.event_handler.log_command:Invoked command in '/home/youssef/Documents/ROS/turtlebot3_ws/build/turtlebot3_gazebo' returned '0': CMAKE_PREFIX_PATH=${CMAKE_PREFIX_PATH}:/home/youssef/install/my_py_pkg:/home/youssef/Documents/ROS/ros2_ws/install/my_py_pkg:/opt/ros/humble /usr/bin/cmake /home/youssef/Documents/ROS/turtlebot3_ws/src/turtlebot3_gazebo -DAMENT_CMAKE_SYMLINK_INSTALL=1 -DCMAKE_INSTALL_PREFIX=/home/youssef/Documents/ROS/turtlebot3_ws/install/turtlebot3_gazebo
[17.071s] DEBUG:colcon.colcon_core.event_handler.log_command:Invoking command in '/home/youssef/Documents/ROS/turtlebot3_ws/build/turtlebot3_gazebo': CMAKE_PREFIX_PATH=${CMAKE_PREFIX_PATH}:/home/youssef/install/my_py_pkg:/home/youssef/Documents/ROS/ros2_ws/install/my_py_pkg:/opt/ros/humble /usr/bin/cmake --build /home/youssef/Documents/ROS/turtlebot3_ws/build/turtlebot3_gazebo -- -j8 -l8
[35.480s] DEBUG:colcon.colcon_core.event_handler.log_command:Invoked command in '/home/youssef/Documents/ROS/turtlebot3_ws/build/turtlebot3_fake_node' returned '0': CMAKE_PREFIX_PATH=${CMAKE_PREFIX_PATH}:/home/youssef/install/my_py_pkg:/home/youssef/Documents/ROS/ros2_ws/install/my_py_pkg:/opt/ros/humble /usr/bin/cmake --build /home/youssef/Documents/ROS/turtlebot3_ws/build/turtlebot3_fake_node -- -j8 -l8
[35.491s] DEBUG:colcon.colcon_core.event_handler.log_command:Invoking command in '/home/youssef/Documents/ROS/turtlebot3_ws/build/turtlebot3_fake_node': CMAKE_PREFIX_PATH=${CMAKE_PREFIX_PATH}:/home/youssef/install/my_py_pkg:/home/youssef/Documents/ROS/ros2_ws/install/my_py_pkg:/opt/ros/humble /usr/bin/cmake --install /home/youssef/Documents/ROS/turtlebot3_ws/build/turtlebot3_fake_node
[35.736s] Level 1:colcon.colcon_core.environment:create_environment_scripts_only(turtlebot3_fake_node)
[35.737s] DEBUG:colcon.colcon_core.event_handler.log_command:Invoked command in '/home/youssef/Documents/ROS/turtlebot3_ws/build/turtlebot3_fake_node' returned '0': CMAKE_PREFIX_PATH=${CMAKE_PREFIX_PATH}:/home/youssef/install/my_py_pkg:/home/youssef/Documents/ROS/ros2_ws/install/my_py_pkg:/opt/ros/humble /usr/bin/cmake --install /home/youssef/Documents/ROS/turtlebot3_ws/build/turtlebot3_fake_node
[35.926s] Level 1:colcon.colcon_core.environment:checking '/home/youssef/Documents/ROS/turtlebot3_ws/install/turtlebot3_fake_node' for CMake module files
[35.926s] Level 1:colcon.colcon_core.environment:checking '/home/youssef/Documents/ROS/turtlebot3_ws/install/turtlebot3_fake_node' for CMake config files
[35.926s] Level 1:colcon.colcon_core.shell:create_environment_hook('turtlebot3_fake_node', 'cmake_prefix_path')
[35.927s] INFO:colcon.colcon_core.shell:Creating environment hook '/home/youssef/Documents/ROS/turtlebot3_ws/install/turtlebot3_fake_node/share/turtlebot3_fake_node/hook/cmake_prefix_path.ps1'
[35.974s] INFO:colcon.colcon_core.shell:Creating environment descriptor '/home/youssef/Documents/ROS/turtlebot3_ws/install/turtlebot3_fake_node/share/turtlebot3_fake_node/hook/cmake_prefix_path.dsv'
[35.990s] INFO:colcon.colcon_core.shell:Creating environment hook '/home/youssef/Documents/ROS/turtlebot3_ws/install/turtlebot3_fake_node/share/turtlebot3_fake_node/hook/cmake_prefix_path.sh'
[35.992s] Level 1:colcon.colcon_core.environment:checking '/home/youssef/Documents/ROS/turtlebot3_ws/install/turtlebot3_fake_node/lib'
[35.992s] Level 1:colcon.colcon_core.environment:checking '/home/youssef/Documents/ROS/turtlebot3_ws/install/turtlebot3_fake_node/bin'
[35.992s] Level 1:colcon.colcon_core.environment:checking '/home/youssef/Documents/ROS/turtlebot3_ws/install/turtlebot3_fake_node/lib/pkgconfig/turtlebot3_fake_node.pc'
[35.993s] Level 1:colcon.colcon_core.environment:checking '/home/youssef/Documents/ROS/turtlebot3_ws/install/turtlebot3_fake_node/lib/python3.10/site-packages'
[35.993s] Level 1:colcon.colcon_core.environment:checking '/home/youssef/Documents/ROS/turtlebot3_ws/install/turtlebot3_fake_node/bin'
[35.994s] INFO:colcon.colcon_core.shell:Creating package script '/home/youssef/Documents/ROS/turtlebot3_ws/install/turtlebot3_fake_node/share/turtlebot3_fake_node/package.ps1'
[35.995s] INFO:colcon.colcon_core.shell:Creating package descriptor '/home/youssef/Documents/ROS/turtlebot3_ws/install/turtlebot3_fake_node/share/turtlebot3_fake_node/package.dsv'
[35.996s] INFO:colcon.colcon_core.shell:Creating package script '/home/youssef/Documents/ROS/turtlebot3_ws/install/turtlebot3_fake_node/share/turtlebot3_fake_node/package.sh'
[35.998s] INFO:colcon.colcon_core.shell:Creating package script '/home/youssef/Documents/ROS/turtlebot3_ws/install/turtlebot3_fake_node/share/turtlebot3_fake_node/package.bash'
[36.037s] INFO:colcon.colcon_core.shell:Creating package script '/home/youssef/Documents/ROS/turtlebot3_ws/install/turtlebot3_fake_node/share/turtlebot3_fake_node/package.zsh'
[36.049s] Level 1:colcon.colcon_core.environment:create_file_with_runtime_dependencies(/home/youssef/Documents/ROS/turtlebot3_ws/install/turtlebot3_fake_node/share/colcon-core/packages/turtlebot3_fake_node)
[36.050s] Level 1:colcon.colcon_core.environment:create_environment_scripts_only(turtlebot3_fake_node)
[36.050s] Level 1:colcon.colcon_core.environment:checking '/home/youssef/Documents/ROS/turtlebot3_ws/install/turtlebot3_fake_node' for CMake module files
[36.051s] Level 1:colcon.colcon_core.environment:checking '/home/youssef/Documents/ROS/turtlebot3_ws/install/turtlebot3_fake_node' for CMake config files
[36.052s] Level 1:colcon.colcon_core.shell:create_environment_hook('turtlebot3_fake_node', 'cmake_prefix_path')
[36.052s] INFO:colcon.colcon_core.shell:Creating environment hook '/home/youssef/Documents/ROS/turtlebot3_ws/install/turtlebot3_fake_node/share/turtlebot3_fake_node/hook/cmake_prefix_path.ps1'
[36.053s] INFO:colcon.colcon_core.shell:Creating environment descriptor '/home/youssef/Documents/ROS/turtlebot3_ws/install/turtlebot3_fake_node/share/turtlebot3_fake_node/hook/cmake_prefix_path.dsv'
[36.054s] INFO:colcon.colcon_core.shell:Creating environment hook '/home/youssef/Documents/ROS/turtlebot3_ws/install/turtlebot3_fake_node/share/turtlebot3_fake_node/hook/cmake_prefix_path.sh'
[36.054s] Level 1:colcon.colcon_core.environment:checking '/home/youssef/Documents/ROS/turtlebot3_ws/install/turtlebot3_fake_node/lib'
[36.055s] Level 1:colcon.colcon_core.environment:checking '/home/youssef/Documents/ROS/turtlebot3_ws/install/turtlebot3_fake_node/bin'
[36.055s] Level 1:colcon.colcon_core.environment:checking '/home/youssef/Documents/ROS/turtlebot3_ws/install/turtlebot3_fake_node/lib/pkgconfig/turtlebot3_fake_node.pc'
[36.055s] Level 1:colcon.colcon_core.environment:checking '/home/youssef/Documents/ROS/turtlebot3_ws/install/turtlebot3_fake_node/lib/python3.10/site-packages'
[36.055s] Level 1:colcon.colcon_core.environment:checking '/home/youssef/Documents/ROS/turtlebot3_ws/install/turtlebot3_fake_node/bin'
[36.056s] INFO:colcon.colcon_core.shell:Creating package script '/home/youssef/Documents/ROS/turtlebot3_ws/install/turtlebot3_fake_node/share/turtlebot3_fake_node/package.ps1'
[36.057s] INFO:colcon.colcon_core.shell:Creating package descriptor '/home/youssef/Documents/ROS/turtlebot3_ws/install/turtlebot3_fake_node/share/turtlebot3_fake_node/package.dsv'
[36.058s] INFO:colcon.colcon_core.shell:Creating package script '/home/youssef/Documents/ROS/turtlebot3_ws/install/turtlebot3_fake_node/share/turtlebot3_fake_node/package.sh'
[36.058s] INFO:colcon.colcon_core.shell:Creating package script '/home/youssef/Documents/ROS/turtlebot3_ws/install/turtlebot3_fake_node/share/turtlebot3_fake_node/package.bash'
[36.059s] INFO:colcon.colcon_core.shell:Creating package script '/home/youssef/Documents/ROS/turtlebot3_ws/install/turtlebot3_fake_node/share/turtlebot3_fake_node/package.zsh'
[36.059s] Level 1:colcon.colcon_core.environment:create_file_with_runtime_dependencies(/home/youssef/Documents/ROS/turtlebot3_ws/install/turtlebot3_fake_node/share/colcon-core/packages/turtlebot3_fake_node)
[45.419s] DEBUG:colcon.colcon_core.event_handler.log_command:Invoked command in '/home/youssef/Documents/ROS/turtlebot3_ws/build/turtlebot3_gazebo' returned '0': CMAKE_PREFIX_PATH=${CMAKE_PREFIX_PATH}:/home/youssef/install/my_py_pkg:/home/youssef/Documents/ROS/ros2_ws/install/my_py_pkg:/opt/ros/humble /usr/bin/cmake --build /home/youssef/Documents/ROS/turtlebot3_ws/build/turtlebot3_gazebo -- -j8 -l8
[45.421s] DEBUG:colcon.colcon_core.event_handler.log_command:Invoking command in '/home/youssef/Documents/ROS/turtlebot3_ws/build/turtlebot3_gazebo': CMAKE_PREFIX_PATH=${CMAKE_PREFIX_PATH}:/home/youssef/install/my_py_pkg:/home/youssef/Documents/ROS/ros2_ws/install/my_py_pkg:/opt/ros/humble /usr/bin/cmake --install /home/youssef/Documents/ROS/turtlebot3_ws/build/turtlebot3_gazebo
[46.050s] Level 1:colcon.colcon_core.environment:create_environment_scripts_only(turtlebot3_gazebo)
[46.051s] DEBUG:colcon.colcon_core.event_handler.log_command:Invoked command in '/home/youssef/Documents/ROS/turtlebot3_ws/build/turtlebot3_gazebo' returned '0': CMAKE_PREFIX_PATH=${CMAKE_PREFIX_PATH}:/home/youssef/install/my_py_pkg:/home/youssef/Documents/ROS/ros2_ws/install/my_py_pkg:/opt/ros/humble /usr/bin/cmake --install /home/youssef/Documents/ROS/turtlebot3_ws/build/turtlebot3_gazebo
[46.051s] Level 1:colcon.colcon_core.environment:checking '/home/youssef/Documents/ROS/turtlebot3_ws/install/turtlebot3_gazebo' for CMake module files
[46.052s] Level 1:colcon.colcon_core.environment:checking '/home/youssef/Documents/ROS/turtlebot3_ws/install/turtlebot3_gazebo' for CMake config files
[46.052s] Level 1:colcon.colcon_core.shell:create_environment_hook('turtlebot3_gazebo', 'cmake_prefix_path')
[46.053s] INFO:colcon.colcon_core.shell:Creating environment hook '/home/youssef/Documents/ROS/turtlebot3_ws/install/turtlebot3_gazebo/share/turtlebot3_gazebo/hook/cmake_prefix_path.ps1'
[46.053s] INFO:colcon.colcon_core.shell:Creating environment descriptor '/home/youssef/Documents/ROS/turtlebot3_ws/install/turtlebot3_gazebo/share/turtlebot3_gazebo/hook/cmake_prefix_path.dsv'
[46.053s] INFO:colcon.colcon_core.shell:Creating environment hook '/home/youssef/Documents/ROS/turtlebot3_ws/install/turtlebot3_gazebo/share/turtlebot3_gazebo/hook/cmake_prefix_path.sh'
[46.054s] Level 1:colcon.colcon_core.environment:checking '/home/youssef/Documents/ROS/turtlebot3_ws/install/turtlebot3_gazebo/lib'
[46.054s] Level 1:colcon.colcon_core.environment:checking '/home/youssef/Documents/ROS/turtlebot3_ws/install/turtlebot3_gazebo/bin'
[46.054s] Level 1:colcon.colcon_core.environment:checking '/home/youssef/Documents/ROS/turtlebot3_ws/install/turtlebot3_gazebo/lib/pkgconfig/turtlebot3_gazebo.pc'
[46.054s] Level 1:colcon.colcon_core.environment:checking '/home/youssef/Documents/ROS/turtlebot3_ws/install/turtlebot3_gazebo/lib/python3.10/site-packages'
[46.055s] Level 1:colcon.colcon_core.environment:checking '/home/youssef/Documents/ROS/turtlebot3_ws/install/turtlebot3_gazebo/bin'
[46.055s] INFO:colcon.colcon_core.shell:Creating package script '/home/youssef/Documents/ROS/turtlebot3_ws/install/turtlebot3_gazebo/share/turtlebot3_gazebo/package.ps1'
[46.055s] INFO:colcon.colcon_core.shell:Creating package descriptor '/home/youssef/Documents/ROS/turtlebot3_ws/install/turtlebot3_gazebo/share/turtlebot3_gazebo/package.dsv'
[46.056s] INFO:colcon.colcon_core.shell:Creating package script '/home/youssef/Documents/ROS/turtlebot3_ws/install/turtlebot3_gazebo/share/turtlebot3_gazebo/package.sh'
[46.056s] INFO:colcon.colcon_core.shell:Creating package script '/home/youssef/Documents/ROS/turtlebot3_ws/install/turtlebot3_gazebo/share/turtlebot3_gazebo/package.bash'
[46.056s] INFO:colcon.colcon_core.shell:Creating package script '/home/youssef/Documents/ROS/turtlebot3_ws/install/turtlebot3_gazebo/share/turtlebot3_gazebo/package.zsh'
[46.056s] Level 1:colcon.colcon_core.environment:create_file_with_runtime_dependencies(/home/youssef/Documents/ROS/turtlebot3_ws/install/turtlebot3_gazebo/share/colcon-core/packages/turtlebot3_gazebo)
[46.057s] Level 1:colcon.colcon_core.environment:create_environment_scripts_only(turtlebot3_gazebo)
[46.057s] Level 1:colcon.colcon_core.environment:checking '/home/youssef/Documents/ROS/turtlebot3_ws/install/turtlebot3_gazebo' for CMake module files
[46.058s] Level 1:colcon.colcon_core.environment:checking '/home/youssef/Documents/ROS/turtlebot3_ws/install/turtlebot3_gazebo' for CMake config files
[46.058s] Level 1:colcon.colcon_core.shell:create_environment_hook('turtlebot3_gazebo', 'cmake_prefix_path')
[46.059s] INFO:colcon.colcon_core.shell:Creating environment hook '/home/youssef/Documents/ROS/turtlebot3_ws/install/turtlebot3_gazebo/share/turtlebot3_gazebo/hook/cmake_prefix_path.ps1'
[46.059s] INFO:colcon.colcon_core.shell:Creating environment descriptor '/home/youssef/Documents/ROS/turtlebot3_ws/install/turtlebot3_gazebo/share/turtlebot3_gazebo/hook/cmake_prefix_path.dsv'
[46.059s] INFO:colcon.colcon_core.shell:Creating environment hook '/home/youssef/Documents/ROS/turtlebot3_ws/install/turtlebot3_gazebo/share/turtlebot3_gazebo/hook/cmake_prefix_path.sh'
[46.060s] Level 1:colcon.colcon_core.environment:checking '/home/youssef/Documents/ROS/turtlebot3_ws/install/turtlebot3_gazebo/lib'
[46.060s] Level 1:colcon.colcon_core.environment:checking '/home/youssef/Documents/ROS/turtlebot3_ws/install/turtlebot3_gazebo/bin'
[46.060s] Level 1:colcon.colcon_core.environment:checking '/home/youssef/Documents/ROS/turtlebot3_ws/install/turtlebot3_gazebo/lib/pkgconfig/turtlebot3_gazebo.pc'
[46.060s] Level 1:colcon.colcon_core.environment:checking '/home/youssef/Documents/ROS/turtlebot3_ws/install/turtlebot3_gazebo/lib/python3.10/site-packages'
[46.060s] Level 1:colcon.colcon_core.environment:checking '/home/youssef/Documents/ROS/turtlebot3_ws/install/turtlebot3_gazebo/bin'
[46.061s] INFO:colcon.colcon_core.shell:Creating package script '/home/youssef/Documents/ROS/turtlebot3_ws/install/turtlebot3_gazebo/share/turtlebot3_gazebo/package.ps1'
[46.061s] INFO:colcon.colcon_core.shell:Creating package descriptor '/home/youssef/Documents/ROS/turtlebot3_ws/install/turtlebot3_gazebo/share/turtlebot3_gazebo/package.dsv'
[46.062s] INFO:colcon.colcon_core.shell:Creating package script '/home/youssef/Documents/ROS/turtlebot3_ws/install/turtlebot3_gazebo/share/turtlebot3_gazebo/package.sh'
[46.062s] INFO:colcon.colcon_core.shell:Creating package script '/home/youssef/Documents/ROS/turtlebot3_ws/install/turtlebot3_gazebo/share/turtlebot3_gazebo/package.bash'
[46.063s] INFO:colcon.colcon_core.shell:Creating package script '/home/youssef/Documents/ROS/turtlebot3_ws/install/turtlebot3_gazebo/share/turtlebot3_gazebo/package.zsh'
[46.063s] Level 1:colcon.colcon_core.environment:create_file_with_runtime_dependencies(/home/youssef/Documents/ROS/turtlebot3_ws/install/turtlebot3_gazebo/share/colcon-core/packages/turtlebot3_gazebo)
[46.064s] INFO:colcon.colcon_ros.task.ament_cmake.build:Building ROS package in '/home/youssef/Documents/ROS/turtlebot3_ws/src/turtlebot3_simulations' with build type 'ament_cmake'
[46.064s] INFO:colcon.colcon_cmake.task.cmake.build:Building CMake package in '/home/youssef/Documents/ROS/turtlebot3_ws/src/turtlebot3_simulations'
[46.064s] INFO:colcon.colcon_core.shell:Skip shell extension 'powershell' for command environment: Not usable outside of PowerShell
[46.064s] DEBUG:colcon.colcon_core.shell:Skip shell extension 'dsv' for command environment
[46.087s] DEBUG:colcon.colcon_core.event_handler.log_command:Invoking command in '/home/youssef/Documents/ROS/turtlebot3_ws/build/turtlebot3_simulations': AMENT_PREFIX_PATH=/home/youssef/Documents/ROS/turtlebot3_ws/install/turtlebot3_gazebo:/home/youssef/Documents/ROS/turtlebot3_ws/install/turtlebot3_fake_node:${AMENT_PREFIX_PATH} CMAKE_PREFIX_PATH=/home/youssef/Documents/ROS/turtlebot3_ws/install/turtlebot3_gazebo:/home/youssef/Documents/ROS/turtlebot3_ws/install/turtlebot3_fake_node:/home/youssef/Documents/ROS/ros2_new_ws/install/my_robot_bringup:/home/youssef/Documents/ROS/ros2_new_ws/install/my_robot_description:/home/youssef/install/my_cpp_pkg:/home/youssef/Documents/ROS/ros2_ws/install/my_lidar_world:/home/youssef/Documents/ROS/ros2_ws/install/my_cpp_pkg:/home/youssef/install/my_py_pkg:/home/youssef/Documents/ROS/ros2_ws/install/my_py_pkg:/opt/ros/humble /usr/bin/cmake /home/youssef/Documents/ROS/turtlebot3_ws/src/turtlebot3_simulations -DAMENT_CMAKE_SYMLINK_INSTALL=1 -DCMAKE_INSTALL_PREFIX=/home/youssef/Documents/ROS/turtlebot3_ws/install/turtlebot3_simulations
[47.055s] DEBUG:colcon.colcon_core.event_handler.log_command:Invoked command in '/home/youssef/Documents/ROS/turtlebot3_ws/build/turtlebot3_simulations' returned '0': AMENT_PREFIX_PATH=/home/youssef/Documents/ROS/turtlebot3_ws/install/turtlebot3_gazebo:/home/youssef/Documents/ROS/turtlebot3_ws/install/turtlebot3_fake_node:${AMENT_PREFIX_PATH} CMAKE_PREFIX_PATH=/home/youssef/Documents/ROS/turtlebot3_ws/install/turtlebot3_gazebo:/home/youssef/Documents/ROS/turtlebot3_ws/install/turtlebot3_fake_node:/home/youssef/Documents/ROS/ros2_new_ws/install/my_robot_bringup:/home/youssef/Documents/ROS/ros2_new_ws/install/my_robot_description:/home/youssef/install/my_cpp_pkg:/home/youssef/Documents/ROS/ros2_ws/install/my_lidar_world:/home/youssef/Documents/ROS/ros2_ws/install/my_cpp_pkg:/home/youssef/install/my_py_pkg:/home/youssef/Documents/ROS/ros2_ws/install/my_py_pkg:/opt/ros/humble /usr/bin/cmake /home/youssef/Documents/ROS/turtlebot3_ws/src/turtlebot3_simulations -DAMENT_CMAKE_SYMLINK_INSTALL=1 -DCMAKE_INSTALL_PREFIX=/home/youssef/Documents/ROS/turtlebot3_ws/install/turtlebot3_simulations
[47.056s] DEBUG:colcon.colcon_core.event_handler.log_command:Invoking command in '/home/youssef/Documents/ROS/turtlebot3_ws/build/turtlebot3_simulations': AMENT_PREFIX_PATH=/home/youssef/Documents/ROS/turtlebot3_ws/install/turtlebot3_gazebo:/home/youssef/Documents/ROS/turtlebot3_ws/install/turtlebot3_fake_node:${AMENT_PREFIX_PATH} CMAKE_PREFIX_PATH=/home/youssef/Documents/ROS/turtlebot3_ws/install/turtlebot3_gazebo:/home/youssef/Documents/ROS/turtlebot3_ws/install/turtlebot3_fake_node:/home/youssef/Documents/ROS/ros2_new_ws/install/my_robot_bringup:/home/youssef/Documents/ROS/ros2_new_ws/install/my_robot_description:/home/youssef/install/my_cpp_pkg:/home/youssef/Documents/ROS/ros2_ws/install/my_lidar_world:/home/youssef/Documents/ROS/ros2_ws/install/my_cpp_pkg:/home/youssef/install/my_py_pkg:/home/youssef/Documents/ROS/ros2_ws/install/my_py_pkg:/opt/ros/humble /usr/bin/cmake --build /home/youssef/Documents/ROS/turtlebot3_ws/build/turtlebot3_simulations -- -j8 -l8
[47.087s] DEBUG:colcon.colcon_core.event_handler.log_command:Invoked command in '/home/youssef/Documents/ROS/turtlebot3_ws/build/turtlebot3_simulations' returned '0': AMENT_PREFIX_PATH=/home/youssef/Documents/ROS/turtlebot3_ws/install/turtlebot3_gazebo:/home/youssef/Documents/ROS/turtlebot3_ws/install/turtlebot3_fake_node:${AMENT_PREFIX_PATH} CMAKE_PREFIX_PATH=/home/youssef/Documents/ROS/turtlebot3_ws/install/turtlebot3_gazebo:/home/youssef/Documents/ROS/turtlebot3_ws/install/turtlebot3_fake_node:/home/youssef/Documents/ROS/ros2_new_ws/install/my_robot_bringup:/home/youssef/Documents/ROS/ros2_new_ws/install/my_robot_description:/home/youssef/install/my_cpp_pkg:/home/youssef/Documents/ROS/ros2_ws/install/my_lidar_world:/home/youssef/Documents/ROS/ros2_ws/install/my_cpp_pkg:/home/youssef/install/my_py_pkg:/home/youssef/Documents/ROS/ros2_ws/install/my_py_pkg:/opt/ros/humble /usr/bin/cmake --build /home/youssef/Documents/ROS/turtlebot3_ws/build/turtlebot3_simulations -- -j8 -l8
[47.088s] DEBUG:colcon.colcon_core.event_handler.log_command:Invoking command in '/home/youssef/Documents/ROS/turtlebot3_ws/build/turtlebot3_simulations': AMENT_PREFIX_PATH=/home/youssef/Documents/ROS/turtlebot3_ws/install/turtlebot3_gazebo:/home/youssef/Documents/ROS/turtlebot3_ws/install/turtlebot3_fake_node:${AMENT_PREFIX_PATH} CMAKE_PREFIX_PATH=/home/youssef/Documents/ROS/turtlebot3_ws/install/turtlebot3_gazebo:/home/youssef/Documents/ROS/turtlebot3_ws/install/turtlebot3_fake_node:/home/youssef/Documents/ROS/ros2_new_ws/install/my_robot_bringup:/home/youssef/Documents/ROS/ros2_new_ws/install/my_robot_description:/home/youssef/install/my_cpp_pkg:/home/youssef/Documents/ROS/ros2_ws/install/my_lidar_world:/home/youssef/Documents/ROS/ros2_ws/install/my_cpp_pkg:/home/youssef/install/my_py_pkg:/home/youssef/Documents/ROS/ros2_ws/install/my_py_pkg:/opt/ros/humble /usr/bin/cmake --install /home/youssef/Documents/ROS/turtlebot3_ws/build/turtlebot3_simulations
[47.212s] Level 1:colcon.colcon_core.environment:create_environment_scripts_only(turtlebot3_simulations)
[47.212s] Level 1:colcon.colcon_core.environment:checking '/home/youssef/Documents/ROS/turtlebot3_ws/install/turtlebot3_simulations' for CMake module files
[47.213s] DEBUG:colcon.colcon_core.event_handler.log_command:Invoked command in '/home/youssef/Documents/ROS/turtlebot3_ws/build/turtlebot3_simulations' returned '0': AMENT_PREFIX_PATH=/home/youssef/Documents/ROS/turtlebot3_ws/install/turtlebot3_gazebo:/home/youssef/Documents/ROS/turtlebot3_ws/install/turtlebot3_fake_node:${AMENT_PREFIX_PATH} CMAKE_PREFIX_PATH=/home/youssef/Documents/ROS/turtlebot3_ws/install/turtlebot3_gazebo:/home/youssef/Documents/ROS/turtlebot3_ws/install/turtlebot3_fake_node:/home/youssef/Documents/ROS/ros2_new_ws/install/my_robot_bringup:/home/youssef/Documents/ROS/ros2_new_ws/install/my_robot_description:/home/youssef/install/my_cpp_pkg:/home/youssef/Documents/ROS/ros2_ws/install/my_lidar_world:/home/youssef/Documents/ROS/ros2_ws/install/my_cpp_pkg:/home/youssef/install/my_py_pkg:/home/youssef/Documents/ROS/ros2_ws/install/my_py_pkg:/opt/ros/humble /usr/bin/cmake --install /home/youssef/Documents/ROS/turtlebot3_ws/build/turtlebot3_simulations
[47.213s] Level 1:colcon.colcon_core.environment:checking '/home/youssef/Documents/ROS/turtlebot3_ws/install/turtlebot3_simulations' for CMake config files
[47.213s] Level 1:colcon.colcon_core.shell:create_environment_hook('turtlebot3_simulations', 'cmake_prefix_path')
[47.214s] INFO:colcon.colcon_core.shell:Creating environment hook '/home/youssef/Documents/ROS/turtlebot3_ws/install/turtlebot3_simulations/share/turtlebot3_simulations/hook/cmake_prefix_path.ps1'
[47.214s] INFO:colcon.colcon_core.shell:Creating environment descriptor '/home/youssef/Documents/ROS/turtlebot3_ws/install/turtlebot3_simulations/share/turtlebot3_simulations/hook/cmake_prefix_path.dsv'
[47.214s] INFO:colcon.colcon_core.shell:Creating environment hook '/home/youssef/Documents/ROS/turtlebot3_ws/install/turtlebot3_simulations/share/turtlebot3_simulations/hook/cmake_prefix_path.sh'
[47.215s] Level 1:colcon.colcon_core.environment:checking '/home/youssef/Documents/ROS/turtlebot3_ws/install/turtlebot3_simulations/bin'
[47.215s] Level 1:colcon.colcon_core.environment:checking '/home/youssef/Documents/ROS/turtlebot3_ws/install/turtlebot3_simulations/lib/pkgconfig/turtlebot3_simulations.pc'
[47.215s] Level 1:colcon.colcon_core.environment:checking '/home/youssef/Documents/ROS/turtlebot3_ws/install/turtlebot3_simulations/lib/python3.10/site-packages'
[47.215s] Level 1:colcon.colcon_core.environment:checking '/home/youssef/Documents/ROS/turtlebot3_ws/install/turtlebot3_simulations/bin'
[47.216s] INFO:colcon.colcon_core.shell:Creating package script '/home/youssef/Documents/ROS/turtlebot3_ws/install/turtlebot3_simulations/share/turtlebot3_simulations/package.ps1'
[47.216s] INFO:colcon.colcon_core.shell:Creating package descriptor '/home/youssef/Documents/ROS/turtlebot3_ws/install/turtlebot3_simulations/share/turtlebot3_simulations/package.dsv'
[47.216s] INFO:colcon.colcon_core.shell:Creating package script '/home/youssef/Documents/ROS/turtlebot3_ws/install/turtlebot3_simulations/share/turtlebot3_simulations/package.sh'
[47.217s] INFO:colcon.colcon_core.shell:Creating package script '/home/youssef/Documents/ROS/turtlebot3_ws/install/turtlebot3_simulations/share/turtlebot3_simulations/package.bash'
[47.217s] INFO:colcon.colcon_core.shell:Creating package script '/home/youssef/Documents/ROS/turtlebot3_ws/install/turtlebot3_simulations/share/turtlebot3_simulations/package.zsh'
[47.217s] Level 1:colcon.colcon_core.environment:create_file_with_runtime_dependencies(/home/youssef/Documents/ROS/turtlebot3_ws/install/turtlebot3_simulations/share/colcon-core/packages/turtlebot3_simulations)
[47.218s] Level 1:colcon.colcon_core.environment:create_environment_scripts_only(turtlebot3_simulations)
[47.218s] Level 1:colcon.colcon_core.environment:checking '/home/youssef/Documents/ROS/turtlebot3_ws/install/turtlebot3_simulations' for CMake module files
[47.218s] Level 1:colcon.colcon_core.environment:checking '/home/youssef/Documents/ROS/turtlebot3_ws/install/turtlebot3_simulations' for CMake config files
[47.219s] Level 1:colcon.colcon_core.shell:create_environment_hook('turtlebot3_simulations', 'cmake_prefix_path')
[47.219s] INFO:colcon.colcon_core.shell:Creating environment hook '/home/youssef/Documents/ROS/turtlebot3_ws/install/turtlebot3_simulations/share/turtlebot3_simulations/hook/cmake_prefix_path.ps1'
[47.219s] INFO:colcon.colcon_core.shell:Creating environment descriptor '/home/youssef/Documents/ROS/turtlebot3_ws/install/turtlebot3_simulations/share/turtlebot3_simulations/hook/cmake_prefix_path.dsv'
[47.220s] INFO:colcon.colcon_core.shell:Creating environment hook '/home/youssef/Documents/ROS/turtlebot3_ws/install/turtlebot3_simulations/share/turtlebot3_simulations/hook/cmake_prefix_path.sh'
[47.220s] Level 1:colcon.colcon_core.environment:checking '/home/youssef/Documents/ROS/turtlebot3_ws/install/turtlebot3_simulations/bin'
[47.220s] Level 1:colcon.colcon_core.environment:checking '/home/youssef/Documents/ROS/turtlebot3_ws/install/turtlebot3_simulations/lib/pkgconfig/turtlebot3_simulations.pc'
[47.220s] Level 1:colcon.colcon_core.environment:checking '/home/youssef/Documents/ROS/turtlebot3_ws/install/turtlebot3_simulations/lib/python3.10/site-packages'
[47.221s] Level 1:colcon.colcon_core.environment:checking '/home/youssef/Documents/ROS/turtlebot3_ws/install/turtlebot3_simulations/bin'
[47.221s] INFO:colcon.colcon_core.shell:Creating package script '/home/youssef/Documents/ROS/turtlebot3_ws/install/turtlebot3_simulations/share/turtlebot3_simulations/package.ps1'
[47.221s] INFO:colcon.colcon_core.shell:Creating package descriptor '/home/youssef/Documents/ROS/turtlebot3_ws/install/turtlebot3_simulations/share/turtlebot3_simulations/package.dsv'
[47.222s] INFO:colcon.colcon_core.shell:Creating package script '/home/youssef/Documents/ROS/turtlebot3_ws/install/turtlebot3_simulations/share/turtlebot3_simulations/package.sh'
[47.222s] INFO:colcon.colcon_core.shell:Creating package script '/home/youssef/Documents/ROS/turtlebot3_ws/install/turtlebot3_simulations/share/turtlebot3_simulations/package.bash'
[47.223s] INFO:colcon.colcon_core.shell:Creating package script '/home/youssef/Documents/ROS/turtlebot3_ws/install/turtlebot3_simulations/share/turtlebot3_simulations/package.zsh'
[47.223s] Level 1:colcon.colcon_core.environment:create_file_with_runtime_dependencies(/home/youssef/Documents/ROS/turtlebot3_ws/install/turtlebot3_simulations/share/colcon-core/packages/turtlebot3_simulations)
[47.223s] DEBUG:colcon.colcon_parallel_executor.executor.parallel:closing loop
[47.224s] DEBUG:colcon.colcon_parallel_executor.executor.parallel:loop closed
[47.224s] DEBUG:colcon.colcon_parallel_executor.executor.parallel:run_until_complete finished with '0'
[47.224s] DEBUG:colcon.colcon_core.event_reactor:joining thread
[47.314s] INFO:colcon.colcon_core.plugin_system:Skipping extension 'colcon_notification.desktop_notification.terminal_notifier': Not used on non-Darwin systems
[47.314s] INFO:colcon.colcon_core.plugin_system:Skipping extension 'colcon_notification.desktop_notification.win32': Not used on non-Windows systems
[47.314s] INFO:colcon.colcon_notification.desktop_notification:Sending desktop notification using 'notify2'
[47.325s] DEBUG:colcon.colcon_core.event_reactor:joined thread
[47.325s] INFO:colcon.colcon_core.shell:Creating prefix script '/home/youssef/Documents/ROS/turtlebot3_ws/install/local_setup.ps1'
[47.327s] INFO:colcon.colcon_core.shell:Creating prefix util module '/home/youssef/Documents/ROS/turtlebot3_ws/install/_local_setup_util_ps1.py'
[47.329s] INFO:colcon.colcon_core.shell:Creating prefix chain script '/home/youssef/Documents/ROS/turtlebot3_ws/install/setup.ps1'
[47.330s] INFO:colcon.colcon_core.shell:Creating prefix script '/home/youssef/Documents/ROS/turtlebot3_ws/install/local_setup.sh'
[47.330s] INFO:colcon.colcon_core.shell:Creating prefix util module '/home/youssef/Documents/ROS/turtlebot3_ws/install/_local_setup_util_sh.py'
[47.331s] INFO:colcon.colcon_core.shell:Creating prefix chain script '/home/youssef/Documents/ROS/turtlebot3_ws/install/setup.sh'
[47.332s] INFO:colcon.colcon_core.shell:Creating prefix script '/home/youssef/Documents/ROS/turtlebot3_ws/install/local_setup.bash'
[47.344s] INFO:colcon.colcon_core.shell:Creating prefix chain script '/home/youssef/Documents/ROS/turtlebot3_ws/install/setup.bash'
[47.345s] INFO:colcon.colcon_core.shell:Creating prefix script '/home/youssef/Documents/ROS/turtlebot3_ws/install/local_setup.zsh'
[47.346s] INFO:colcon.colcon_core.shell:Creating prefix chain script '/home/youssef/Documents/ROS/turtlebot3_ws/install/setup.zsh'
