[0.282s] Invoking command in '/home/youssef/Documents/ROS/ros2_new_ws/build/my_robot_description': CMAKE_PREFIX_PATH=${CMAKE_PREFIX_PATH}:/home/youssef/install/my_py_pkg:/home/youssef/Documents/ROS/ros2_ws/install/my_py_pkg:/opt/ros/humble /usr/bin/cmake --build /home/youssef/Documents/ROS/ros2_new_ws/build/my_robot_description -- -j8 -l8
[1.577s] -- Found ament_cmake: 1.3.10 (/opt/ros/humble/share/ament_cmake/cmake)
[4.844s] -- Configuring done
[4.968s] -- Generating done
[4.976s] -- Build files have been written to: /home/youssef/Documents/ROS/ros2_new_ws/build/my_robot_description
[5.018s] Invoked command in '/home/youssef/Documents/ROS/ros2_new_ws/build/my_robot_description' returned '0': CMAKE_PREFIX_PATH=${CMAKE_PREFIX_PATH}:/home/youssef/install/my_py_pkg:/home/youssef/Documents/ROS/ros2_ws/install/my_py_pkg:/opt/ros/humble /usr/bin/cmake --build /home/youssef/Documents/ROS/ros2_new_ws/build/my_robot_description -- -j8 -l8
[5.027s] Invoking command in '/home/youssef/Documents/ROS/ros2_new_ws/build/my_robot_description': CMAKE_PREFIX_PATH=${CMAKE_PREFIX_PATH}:/home/youssef/install/my_py_pkg:/home/youssef/Documents/ROS/ros2_ws/install/my_py_pkg:/opt/ros/humble /usr/bin/cmake --install /home/youssef/Documents/ROS/ros2_new_ws/build/my_robot_description
[5.034s] -- Install configuration: ""
[5.048s] -- Up-to-date: /home/youssef/Documents/ROS/ros2_new_ws/install/my_robot_description/share/my_robot_description//urdf
[5.083s] -- Up-to-date: /home/youssef/Documents/ROS/ros2_new_ws/install/my_robot_description/share/my_robot_description//urdf/my_robot.urdf
[5.088s] -- Installing: /home/youssef/Documents/ROS/ros2_new_ws/install/my_robot_description/share/my_robot_description//launch
[5.088s] -- Installing: /home/youssef/Documents/ROS/ros2_new_ws/install/my_robot_description/share/my_robot_description//launch/display.launch.xml
[5.089s] -- Up-to-date: /home/youssef/Documents/ROS/ros2_new_ws/install/my_robot_description/share/ament_index/resource_index/package_run_dependencies/my_robot_description
[5.090s] -- Up-to-date: /home/youssef/Documents/ROS/ros2_new_ws/install/my_robot_description/share/ament_index/resource_index/parent_prefix_path/my_robot_description
[5.090s] -- Up-to-date: /home/youssef/Documents/ROS/ros2_new_ws/install/my_robot_description/share/my_robot_description/environment/ament_prefix_path.sh
[5.091s] -- Installing: /home/youssef/Documents/ROS/ros2_new_ws/install/my_robot_description/share/my_robot_description/environment/ament_prefix_path.dsv
[5.092s] -- Up-to-date: /home/youssef/Documents/ROS/ros2_new_ws/install/my_robot_description/share/my_robot_description/environment/path.sh
[5.092s] -- Installing: /home/youssef/Documents/ROS/ros2_new_ws/install/my_robot_description/share/my_robot_description/environment/path.dsv
[5.093s] -- Up-to-date: /home/youssef/Documents/ROS/ros2_new_ws/install/my_robot_description/share/my_robot_description/local_setup.bash
[5.093s] -- Up-to-date: /home/youssef/Documents/ROS/ros2_new_ws/install/my_robot_description/share/my_robot_description/local_setup.sh
[5.094s] -- Up-to-date: /home/youssef/Documents/ROS/ros2_new_ws/install/my_robot_description/share/my_robot_description/local_setup.zsh
[5.094s] -- Installing: /home/youssef/Documents/ROS/ros2_new_ws/install/my_robot_description/share/my_robot_description/local_setup.dsv
[5.095s] -- Installing: /home/youssef/Documents/ROS/ros2_new_ws/install/my_robot_description/share/my_robot_description/package.dsv
[5.095s] -- Up-to-date: /home/youssef/Documents/ROS/ros2_new_ws/install/my_robot_description/share/ament_index/resource_index/packages/my_robot_description
[5.096s] -- Up-to-date: /home/youssef/Documents/ROS/ros2_new_ws/install/my_robot_description/share/my_robot_description/cmake/my_robot_descriptionConfig.cmake
[5.096s] -- Up-to-date: /home/youssef/Documents/ROS/ros2_new_ws/install/my_robot_description/share/my_robot_description/cmake/my_robot_descriptionConfig-version.cmake
[5.097s] -- Up-to-date: /home/youssef/Documents/ROS/ros2_new_ws/install/my_robot_description/share/my_robot_description/package.xml
[5.099s] Invoked command in '/home/youssef/Documents/ROS/ros2_new_ws/build/my_robot_description' returned '0': CMAKE_PREFIX_PATH=${CMAKE_PREFIX_PATH}:/home/youssef/install/my_py_pkg:/home/youssef/Documents/ROS/ros2_ws/install/my_py_pkg:/opt/ros/humble /usr/bin/cmake --install /home/youssef/Documents/ROS/ros2_new_ws/build/my_robot_description
