[0.022s] Invoking command in '/home/youssef/Documents/ROS/turtlebot3_ws/build/turtlebot3_simulations': AMENT_PREFIX_PATH=/home/youssef/Documents/ROS/turtlebot3_ws/install/turtlebot3_gazebo:/home/youssef/Documents/ROS/turtlebot3_ws/install/turtlebot3_fake_node:${AMENT_PREFIX_PATH} CMAKE_PREFIX_PATH=/home/youssef/Documents/ROS/turtlebot3_ws/install/turtlebot3_gazebo:/home/youssef/Documents/ROS/turtlebot3_ws/install/turtlebot3_fake_node:/home/youssef/Documents/ROS/ros2_new_ws/install/my_robot_bringup:/home/youssef/Documents/ROS/ros2_new_ws/install/my_robot_description:/home/youssef/install/my_cpp_pkg:/home/youssef/Documents/ROS/ros2_ws/install/my_lidar_world:/home/youssef/Documents/ROS/ros2_ws/install/my_cpp_pkg:/home/youssef/install/my_py_pkg:/home/youssef/Documents/ROS/ros2_ws/install/my_py_pkg:/opt/ros/humble /usr/bin/cmake /home/youssef/Documents/ROS/turtlebot3_ws/src/turtlebot3_simulations -DAMENT_CMAKE_SYMLINK_INSTALL=1 -DCMAKE_INSTALL_PREFIX=/home/youssef/Documents/ROS/turtlebot3_ws/install/turtlebot3_simulations
[0.093s] -- The C compiler identification is GNU 11.4.0
[0.142s] -- The CXX compiler identification is GNU 11.4.0
[0.148s] -- Detecting C compiler ABI info
[0.207s] -- Detecting C compiler ABI info - done
[0.215s] -- Check for working C compiler: /usr/bin/cc - skipped
[0.215s] -- Detecting C compile features
[0.215s] -- Detecting C compile features - done
[0.218s] -- Detecting CXX compiler ABI info
[0.288s] -- Detecting CXX compiler ABI info - done
[0.296s] -- Check for working CXX compiler: /usr/bin/c++ - skipped
[0.296s] -- Detecting CXX compile features
[0.297s] -- Detecting CXX compile features - done
[0.299s] -- Found ament_cmake: 1.3.11 (/opt/ros/humble/share/ament_cmake/cmake)
[0.838s] -- Found Python3: /usr/bin/python3 (found version "3.10.12") found components: Interpreter 
[0.894s] -- Override CMake install command with custom implementation using symlinks instead of copying resources
[0.984s] -- Configuring done
[0.986s] -- Generating done
[0.987s] -- Build files have been written to: /home/youssef/Documents/ROS/turtlebot3_ws/build/turtlebot3_simulations
[0.991s] Invoked command in '/home/youssef/Documents/ROS/turtlebot3_ws/build/turtlebot3_simulations' returned '0': AMENT_PREFIX_PATH=/home/youssef/Documents/ROS/turtlebot3_ws/install/turtlebot3_gazebo:/home/youssef/Documents/ROS/turtlebot3_ws/install/turtlebot3_fake_node:${AMENT_PREFIX_PATH} CMAKE_PREFIX_PATH=/home/youssef/Documents/ROS/turtlebot3_ws/install/turtlebot3_gazebo:/home/youssef/Documents/ROS/turtlebot3_ws/install/turtlebot3_fake_node:/home/youssef/Documents/ROS/ros2_new_ws/install/my_robot_bringup:/home/youssef/Documents/ROS/ros2_new_ws/install/my_robot_description:/home/youssef/install/my_cpp_pkg:/home/youssef/Documents/ROS/ros2_ws/install/my_lidar_world:/home/youssef/Documents/ROS/ros2_ws/install/my_cpp_pkg:/home/youssef/install/my_py_pkg:/home/youssef/Documents/ROS/ros2_ws/install/my_py_pkg:/opt/ros/humble /usr/bin/cmake /home/youssef/Documents/ROS/turtlebot3_ws/src/turtlebot3_simulations -DAMENT_CMAKE_SYMLINK_INSTALL=1 -DCMAKE_INSTALL_PREFIX=/home/youssef/Documents/ROS/turtlebot3_ws/install/turtlebot3_simulations
[0.992s] Invoking command in '/home/youssef/Documents/ROS/turtlebot3_ws/build/turtlebot3_simulations': AMENT_PREFIX_PATH=/home/youssef/Documents/ROS/turtlebot3_ws/install/turtlebot3_gazebo:/home/youssef/Documents/ROS/turtlebot3_ws/install/turtlebot3_fake_node:${AMENT_PREFIX_PATH} CMAKE_PREFIX_PATH=/home/youssef/Documents/ROS/turtlebot3_ws/install/turtlebot3_gazebo:/home/youssef/Documents/ROS/turtlebot3_ws/install/turtlebot3_fake_node:/home/youssef/Documents/ROS/ros2_new_ws/install/my_robot_bringup:/home/youssef/Documents/ROS/ros2_new_ws/install/my_robot_description:/home/youssef/install/my_cpp_pkg:/home/youssef/Documents/ROS/ros2_ws/install/my_lidar_world:/home/youssef/Documents/ROS/ros2_ws/install/my_cpp_pkg:/home/youssef/install/my_py_pkg:/home/youssef/Documents/ROS/ros2_ws/install/my_py_pkg:/opt/ros/humble /usr/bin/cmake --build /home/youssef/Documents/ROS/turtlebot3_ws/build/turtlebot3_simulations -- -j8 -l8
[1.022s] Invoked command in '/home/youssef/Documents/ROS/turtlebot3_ws/build/turtlebot3_simulations' returned '0': AMENT_PREFIX_PATH=/home/youssef/Documents/ROS/turtlebot3_ws/install/turtlebot3_gazebo:/home/youssef/Documents/ROS/turtlebot3_ws/install/turtlebot3_fake_node:${AMENT_PREFIX_PATH} CMAKE_PREFIX_PATH=/home/youssef/Documents/ROS/turtlebot3_ws/install/turtlebot3_gazebo:/home/youssef/Documents/ROS/turtlebot3_ws/install/turtlebot3_fake_node:/home/youssef/Documents/ROS/ros2_new_ws/install/my_robot_bringup:/home/youssef/Documents/ROS/ros2_new_ws/install/my_robot_description:/home/youssef/install/my_cpp_pkg:/home/youssef/Documents/ROS/ros2_ws/install/my_lidar_world:/home/youssef/Documents/ROS/ros2_ws/install/my_cpp_pkg:/home/youssef/install/my_py_pkg:/home/youssef/Documents/ROS/ros2_ws/install/my_py_pkg:/opt/ros/humble /usr/bin/cmake --build /home/youssef/Documents/ROS/turtlebot3_ws/build/turtlebot3_simulations -- -j8 -l8
[1.023s] Invoking command in '/home/youssef/Documents/ROS/turtlebot3_ws/build/turtlebot3_simulations': AMENT_PREFIX_PATH=/home/youssef/Documents/ROS/turtlebot3_ws/install/turtlebot3_gazebo:/home/youssef/Documents/ROS/turtlebot3_ws/install/turtlebot3_fake_node:${AMENT_PREFIX_PATH} CMAKE_PREFIX_PATH=/home/youssef/Documents/ROS/turtlebot3_ws/install/turtlebot3_gazebo:/home/youssef/Documents/ROS/turtlebot3_ws/install/turtlebot3_fake_node:/home/youssef/Documents/ROS/ros2_new_ws/install/my_robot_bringup:/home/youssef/Documents/ROS/ros2_new_ws/install/my_robot_description:/home/youssef/install/my_cpp_pkg:/home/youssef/Documents/ROS/ros2_ws/install/my_lidar_world:/home/youssef/Documents/ROS/ros2_ws/install/my_cpp_pkg:/home/youssef/install/my_py_pkg:/home/youssef/Documents/ROS/ros2_ws/install/my_py_pkg:/opt/ros/humble /usr/bin/cmake --install /home/youssef/Documents/ROS/turtlebot3_ws/build/turtlebot3_simulations
[1.029s] -- Install configuration: ""
[1.030s] -- Execute custom install script
[1.030s] -- Symlinking: /home/youssef/Documents/ROS/turtlebot3_ws/install/turtlebot3_simulations/share/ament_index/resource_index/package_run_dependencies/turtlebot3_simulations
[1.037s] -- Symlinking: /home/youssef/Documents/ROS/turtlebot3_ws/install/turtlebot3_simulations/share/ament_index/resource_index/parent_prefix_path/turtlebot3_simulations
[1.045s] -- Symlinking: /home/youssef/Documents/ROS/turtlebot3_ws/install/turtlebot3_simulations/share/turtlebot3_simulations/environment/ament_prefix_path.sh
[1.052s] -- Symlinking: /home/youssef/Documents/ROS/turtlebot3_ws/install/turtlebot3_simulations/share/turtlebot3_simulations/environment/ament_prefix_path.dsv
[1.060s] -- Symlinking: /home/youssef/Documents/ROS/turtlebot3_ws/install/turtlebot3_simulations/share/turtlebot3_simulations/environment/path.sh
[1.068s] -- Symlinking: /home/youssef/Documents/ROS/turtlebot3_ws/install/turtlebot3_simulations/share/turtlebot3_simulations/environment/path.dsv
[1.075s] -- Symlinking: /home/youssef/Documents/ROS/turtlebot3_ws/install/turtlebot3_simulations/share/turtlebot3_simulations/local_setup.bash
[1.083s] -- Symlinking: /home/youssef/Documents/ROS/turtlebot3_ws/install/turtlebot3_simulations/share/turtlebot3_simulations/local_setup.sh
[1.091s] -- Symlinking: /home/youssef/Documents/ROS/turtlebot3_ws/install/turtlebot3_simulations/share/turtlebot3_simulations/local_setup.zsh
[1.099s] -- Symlinking: /home/youssef/Documents/ROS/turtlebot3_ws/install/turtlebot3_simulations/share/turtlebot3_simulations/local_setup.dsv
[1.106s] -- Symlinking: /home/youssef/Documents/ROS/turtlebot3_ws/install/turtlebot3_simulations/share/turtlebot3_simulations/package.dsv
[1.114s] -- Symlinking: /home/youssef/Documents/ROS/turtlebot3_ws/install/turtlebot3_simulations/share/ament_index/resource_index/packages/turtlebot3_simulations
[1.122s] -- Symlinking: /home/youssef/Documents/ROS/turtlebot3_ws/install/turtlebot3_simulations/share/turtlebot3_simulations/cmake/turtlebot3_simulationsConfig.cmake
[1.131s] -- Symlinking: /home/youssef/Documents/ROS/turtlebot3_ws/install/turtlebot3_simulations/share/turtlebot3_simulations/cmake/turtlebot3_simulationsConfig-version.cmake
[1.138s] -- Symlinking: /home/youssef/Documents/ROS/turtlebot3_ws/install/turtlebot3_simulations/share/turtlebot3_simulations/package.xml
[1.148s] Invoked command in '/home/youssef/Documents/ROS/turtlebot3_ws/build/turtlebot3_simulations' returned '0': AMENT_PREFIX_PATH=/home/youssef/Documents/ROS/turtlebot3_ws/install/turtlebot3_gazebo:/home/youssef/Documents/ROS/turtlebot3_ws/install/turtlebot3_fake_node:${AMENT_PREFIX_PATH} CMAKE_PREFIX_PATH=/home/youssef/Documents/ROS/turtlebot3_ws/install/turtlebot3_gazebo:/home/youssef/Documents/ROS/turtlebot3_ws/install/turtlebot3_fake_node:/home/youssef/Documents/ROS/ros2_new_ws/install/my_robot_bringup:/home/youssef/Documents/ROS/ros2_new_ws/install/my_robot_description:/home/youssef/install/my_cpp_pkg:/home/youssef/Documents/ROS/ros2_ws/install/my_lidar_world:/home/youssef/Documents/ROS/ros2_ws/install/my_cpp_pkg:/home/youssef/install/my_py_pkg:/home/youssef/Documents/ROS/ros2_ws/install/my_py_pkg:/opt/ros/humble /usr/bin/cmake --install /home/youssef/Documents/ROS/turtlebot3_ws/build/turtlebot3_simulations
