[0.156s] Invoking command in '/home/youssef/Documents/ROS/ros2_new_ws/build/my_robot_description': CMAKE_PREFIX_PATH=${CMAKE_PREFIX_PATH}:/home/youssef/install/my_py_pkg:/home/youssef/Documents/ROS/ros2_ws/install/my_py_pkg:/opt/ros/humble /usr/bin/cmake /home/youssef/Documents/ROS/ros2_new_ws/src/my_robot_description -DAMENT_CMAKE_SYMLINK_INSTALL=1 -DCMAKE_INSTALL_PREFIX=/home/youssef/Documents/ROS/ros2_new_ws/install/my_robot_description
[1.746s] -- Found ament_cmake: 1.3.10 (/opt/ros/humble/share/ament_cmake/cmake)
[3.190s] -- Override CMake install command with custom implementation using symlinks instead of copying resources
[3.926s] -- Configuring done
[4.046s] -- Generating done
[4.051s] -- Build files have been written to: /home/youssef/Documents/ROS/ros2_new_ws/build/my_robot_description
[4.059s] Invoked command in '/home/youssef/Documents/ROS/ros2_new_ws/build/my_robot_description' returned '0': CMAKE_PREFIX_PATH=${CMAKE_PREFIX_PATH}:/home/youssef/install/my_py_pkg:/home/youssef/Documents/ROS/ros2_ws/install/my_py_pkg:/opt/ros/humble /usr/bin/cmake /home/youssef/Documents/ROS/ros2_new_ws/src/my_robot_description -DAMENT_CMAKE_SYMLINK_INSTALL=1 -DCMAKE_INSTALL_PREFIX=/home/youssef/Documents/ROS/ros2_new_ws/install/my_robot_description
[4.066s] Invoking command in '/home/youssef/Documents/ROS/ros2_new_ws/build/my_robot_description': CMAKE_PREFIX_PATH=${CMAKE_PREFIX_PATH}:/home/youssef/install/my_py_pkg:/home/youssef/Documents/ROS/ros2_ws/install/my_py_pkg:/opt/ros/humble /usr/bin/cmake --build /home/youssef/Documents/ROS/ros2_new_ws/build/my_robot_description -- -j8 -l8
[4.322s] Invoked command in '/home/youssef/Documents/ROS/ros2_new_ws/build/my_robot_description' returned '0': CMAKE_PREFIX_PATH=${CMAKE_PREFIX_PATH}:/home/youssef/install/my_py_pkg:/home/youssef/Documents/ROS/ros2_ws/install/my_py_pkg:/opt/ros/humble /usr/bin/cmake --build /home/youssef/Documents/ROS/ros2_new_ws/build/my_robot_description -- -j8 -l8
[4.332s] Invoking command in '/home/youssef/Documents/ROS/ros2_new_ws/build/my_robot_description': CMAKE_PREFIX_PATH=${CMAKE_PREFIX_PATH}:/home/youssef/install/my_py_pkg:/home/youssef/Documents/ROS/ros2_ws/install/my_py_pkg:/opt/ros/humble /usr/bin/cmake --install /home/youssef/Documents/ROS/ros2_new_ws/build/my_robot_description
[4.339s] -- Install configuration: ""
[4.339s] -- Execute custom install script
[4.392s] -- Up-to-date symlink: /home/youssef/Documents/ROS/ros2_new_ws/install/my_robot_description/share/my_robot_description//urdf/common_properties.urdf.xacro
[4.392s] -- Up-to-date symlink: /home/youssef/Documents/ROS/ros2_new_ws/install/my_robot_description/share/my_robot_description//urdf/mobile_base.urdf.xacro
[4.393s] -- Up-to-date symlink: /home/youssef/Documents/ROS/ros2_new_ws/install/my_robot_description/share/my_robot_description//urdf/my_robot.urdf.xacro
[4.394s] -- Up-to-date symlink: /home/youssef/Documents/ROS/ros2_new_ws/install/my_robot_description/share/my_robot_description//launch/display.launch.xml
[4.394s] -- Up-to-date symlink: /home/youssef/Documents/ROS/ros2_new_ws/install/my_robot_description/share/my_robot_description//rviz/urdf_config.rviz
[4.394s] -- Up-to-date symlink: /home/youssef/Documents/ROS/ros2_new_ws/install/my_robot_description/share/ament_index/resource_index/package_run_dependencies/my_robot_description
[4.395s] -- Up-to-date symlink: /home/youssef/Documents/ROS/ros2_new_ws/install/my_robot_description/share/ament_index/resource_index/parent_prefix_path/my_robot_description
[4.395s] -- Up-to-date symlink: /home/youssef/Documents/ROS/ros2_new_ws/install/my_robot_description/share/my_robot_description/environment/ament_prefix_path.sh
[4.395s] -- Up-to-date symlink: /home/youssef/Documents/ROS/ros2_new_ws/install/my_robot_description/share/my_robot_description/environment/ament_prefix_path.dsv
[4.395s] -- Up-to-date symlink: /home/youssef/Documents/ROS/ros2_new_ws/install/my_robot_description/share/my_robot_description/environment/path.sh
[4.396s] -- Up-to-date symlink: /home/youssef/Documents/ROS/ros2_new_ws/install/my_robot_description/share/my_robot_description/environment/path.dsv
[4.396s] -- Up-to-date symlink: /home/youssef/Documents/ROS/ros2_new_ws/install/my_robot_description/share/my_robot_description/local_setup.bash
[4.396s] -- Up-to-date symlink: /home/youssef/Documents/ROS/ros2_new_ws/install/my_robot_description/share/my_robot_description/local_setup.sh
[4.396s] -- Up-to-date symlink: /home/youssef/Documents/ROS/ros2_new_ws/install/my_robot_description/share/my_robot_description/local_setup.zsh
[4.397s] -- Up-to-date symlink: /home/youssef/Documents/ROS/ros2_new_ws/install/my_robot_description/share/my_robot_description/local_setup.dsv
[4.397s] -- Symlinking: /home/youssef/Documents/ROS/ros2_new_ws/install/my_robot_description/share/my_robot_description/package.dsv
[4.405s] -- Up-to-date symlink: /home/youssef/Documents/ROS/ros2_new_ws/install/my_robot_description/share/ament_index/resource_index/packages/my_robot_description
[4.405s] -- Up-to-date symlink: /home/youssef/Documents/ROS/ros2_new_ws/install/my_robot_description/share/my_robot_description/cmake/my_robot_descriptionConfig.cmake
[4.406s] -- Up-to-date symlink: /home/youssef/Documents/ROS/ros2_new_ws/install/my_robot_description/share/my_robot_description/cmake/my_robot_descriptionConfig-version.cmake
[4.406s] -- Up-to-date symlink: /home/youssef/Documents/ROS/ros2_new_ws/install/my_robot_description/share/my_robot_description/package.xml
[4.408s] Invoked command in '/home/youssef/Documents/ROS/ros2_new_ws/build/my_robot_description' returned '0': CMAKE_PREFIX_PATH=${CMAKE_PREFIX_PATH}:/home/youssef/install/my_py_pkg:/home/youssef/Documents/ROS/ros2_ws/install/my_py_pkg:/opt/ros/humble /usr/bin/cmake --install /home/youssef/Documents/ROS/ros2_new_ws/build/my_robot_description
