[0.808s] Invoking command in '/home/youssef/Documents/ROS/ros2_ws/src/my_py_pkg': PYTHONPATH=/home/youssef/Documents/ROS/build/my_py_pkg/prefix_override:/usr/lib/python3/dist-packages/colcon_core/task/python/colcon_distutils_commands:/home/youssef/Documents/ROS/install/my_py_pkg/lib/python3.10/site-packages:${PYTHONPATH} /usr/bin/python3 -W ignore:setup.py install is deprecated setup.py egg_info --egg-base ../../../build/my_py_pkg build --build-base /home/youssef/Documents/ROS/build/my_py_pkg/build install --record /home/youssef/Documents/ROS/build/my_py_pkg/install.log --single-version-externally-managed install_data
[1.116s] running egg_info
[1.117s] writing ../../../build/my_py_pkg/my_py_pkg.egg-info/PKG-INFO
[1.118s] writing dependency_links to ../../../build/my_py_pkg/my_py_pkg.egg-info/dependency_links.txt
[1.118s] writing entry points to ../../../build/my_py_pkg/my_py_pkg.egg-info/entry_points.txt
[1.118s] writing requirements to ../../../build/my_py_pkg/my_py_pkg.egg-info/requires.txt
[1.118s] writing top-level names to ../../../build/my_py_pkg/my_py_pkg.egg-info/top_level.txt
[1.120s] reading manifest file '../../../build/my_py_pkg/my_py_pkg.egg-info/SOURCES.txt'
[1.586s] writing manifest file '../../../build/my_py_pkg/my_py_pkg.egg-info/SOURCES.txt'
[1.586s] running build
[1.587s] running build_py
[1.587s] copying my_py_pkg/my_first_node.py -> /home/youssef/Documents/ROS/build/my_py_pkg/build/lib/my_py_pkg
[1.587s] running install
[1.589s] running install_lib
[1.591s] copying /home/youssef/Documents/ROS/build/my_py_pkg/build/lib/my_py_pkg/my_first_node.py -> /home/youssef/Documents/ROS/install/my_py_pkg/lib/python3.10/site-packages/my_py_pkg
[1.593s] byte-compiling /home/youssef/Documents/ROS/install/my_py_pkg/lib/python3.10/site-packages/my_py_pkg/my_first_node.py to my_first_node.cpython-310.pyc
[1.594s] running install_data
[1.594s] running install_egg_info
[1.597s] removing '/home/youssef/Documents/ROS/install/my_py_pkg/lib/python3.10/site-packages/my_py_pkg-0.0.0-py3.10.egg-info' (and everything under it)
[1.597s] Copying ../../../build/my_py_pkg/my_py_pkg.egg-info to /home/youssef/Documents/ROS/install/my_py_pkg/lib/python3.10/site-packages/my_py_pkg-0.0.0-py3.10.egg-info
[1.598s] running install_scripts
[1.624s] Installing py_node script to /home/youssef/Documents/ROS/install/my_py_pkg/lib/my_py_pkg
[1.625s] writing list of installed files to '/home/youssef/Documents/ROS/build/my_py_pkg/install.log'
[1.654s] Invoked command in '/home/youssef/Documents/ROS/ros2_ws/src/my_py_pkg' returned '0': PYTHONPATH=/home/youssef/Documents/ROS/build/my_py_pkg/prefix_override:/usr/lib/python3/dist-packages/colcon_core/task/python/colcon_distutils_commands:/home/youssef/Documents/ROS/install/my_py_pkg/lib/python3.10/site-packages:${PYTHONPATH} /usr/bin/python3 -W ignore:setup.py install is deprecated setup.py egg_info --egg-base ../../../build/my_py_pkg build --build-base /home/youssef/Documents/ROS/build/my_py_pkg/build install --record /home/youssef/Documents/ROS/build/my_py_pkg/install.log --single-version-externally-managed install_data
