[0.120s] DEBUG:colcon:Command line arguments: ['/usr/bin/colcon', 'build', '--symlink-install']
[0.120s] DEBUG:colcon:Parsed command line arguments: Namespace(log_base=None, log_level=None, verb_name='build', build_base='build', install_base='install', merge_install=False, symlink_install=True, test_result_base=None, continue_on_error=False, executor='parallel', parallel_workers=8, event_handlers=None, ignore_user_meta=False, metas=['./colcon.meta'], base_paths=['.'], packages_ignore=None, packages_ignore_regex=None, paths=None, packages_up_to=None, packages_up_to_regex=None, packages_above=None, packages_above_and_dependencies=None, packages_above_depth=None, packages_select_by_dep=None, packages_skip_by_dep=None, packages_skip_up_to=None, packages_select_build_failed=False, packages_skip_build_finished=False, packages_select_test_failures=False, packages_skip_test_passed=False, packages_select=None, packages_skip=None, packages_select_regex=None, packages_skip_regex=None, packages_start=None, packages_end=None, allow_overriding=[], cmake_args=None, cmake_target=None, cmake_target_skip_unavailable=False, cmake_clean_cache=False, cmake_clean_first=False, cmake_force_configure=False, ament_cmake_args=None, catkin_cmake_args=None, catkin_skip_building_tests=False, verb_parser=<colcon_defaults.argument_parser.defaults.DefaultArgumentsDecorator object at 0x7b7f3d959ea0>, verb_extension=<colcon_core.verb.build.BuildVerb object at 0x7b7f3d959990>, main=<bound method BuildVerb.main of <colcon_core.verb.build.BuildVerb object at 0x7b7f3d959990>>)
[7.022s] Level 1:colcon.colcon_core.package_discovery:discover_packages(colcon_meta) check parameters
[7.023s] Level 1:colcon.colcon_core.package_discovery:discover_packages(recursive) check parameters
[7.023s] Level 1:colcon.colcon_core.package_discovery:discover_packages(ignore) check parameters
[7.023s] Level 1:colcon.colcon_core.package_discovery:discover_packages(path) check parameters
[7.023s] Level 1:colcon.colcon_core.package_discovery:discover_packages(colcon_meta) discover
[7.023s] Level 1:colcon.colcon_core.package_discovery:discover_packages(recursive) discover
[7.024s] INFO:colcon.colcon_core.package_discovery:Crawling recursively for packages in '/home/youssef/Documents/ROS/ros2_new_ws'
[7.024s] Level 1:colcon.colcon_core.package_identification:_identify(.) by extensions ['ignore', 'ignore_ament_install']
[7.024s] Level 1:colcon.colcon_core.package_identification:_identify(.) by extension 'ignore'
[7.025s] Level 1:colcon.colcon_core.package_identification:_identify(.) by extension 'ignore_ament_install'
[7.025s] Level 1:colcon.colcon_core.package_identification:_identify(.) by extensions ['colcon_pkg']
[7.025s] Level 1:colcon.colcon_core.package_identification:_identify(.) by extension 'colcon_pkg'
[7.025s] Level 1:colcon.colcon_core.package_identification:_identify(.) by extensions ['colcon_meta']
[7.025s] Level 1:colcon.colcon_core.package_identification:_identify(.) by extension 'colcon_meta'
[7.025s] Level 1:colcon.colcon_core.package_identification:_identify(.) by extensions ['ros']
[7.026s] Level 1:colcon.colcon_core.package_identification:_identify(.) by extension 'ros'
[7.122s] Level 1:colcon.colcon_core.package_identification:_identify(.) by extensions ['cmake', 'python']
[7.123s] Level 1:colcon.colcon_core.package_identification:_identify(.) by extension 'cmake'
[7.123s] Level 1:colcon.colcon_core.package_identification:_identify(.) by extension 'python'
[7.123s] Level 1:colcon.colcon_core.package_identification:_identify(.) by extensions ['python_setup_py']
[7.123s] Level 1:colcon.colcon_core.package_identification:_identify(.) by extension 'python_setup_py'
[7.124s] Level 1:colcon.colcon_core.package_identification:_identify(build) by extensions ['ignore', 'ignore_ament_install']
[7.124s] Level 1:colcon.colcon_core.package_identification:_identify(build) by extension 'ignore'
[7.124s] Level 1:colcon.colcon_core.package_identification:_identify(build) ignored
[7.125s] Level 1:colcon.colcon_core.package_identification:_identify(install) by extensions ['ignore', 'ignore_ament_install']
[7.125s] Level 1:colcon.colcon_core.package_identification:_identify(install) by extension 'ignore'
[7.125s] Level 1:colcon.colcon_core.package_identification:_identify(install) ignored
[7.125s] Level 1:colcon.colcon_core.package_identification:_identify(log) by extensions ['ignore', 'ignore_ament_install']
[7.126s] Level 1:colcon.colcon_core.package_identification:_identify(log) by extension 'ignore'
[7.126s] Level 1:colcon.colcon_core.package_identification:_identify(log) ignored
[7.126s] Level 1:colcon.colcon_core.package_identification:_identify(src) by extensions ['ignore', 'ignore_ament_install']
[7.126s] Level 1:colcon.colcon_core.package_identification:_identify(src) by extension 'ignore'
[7.126s] Level 1:colcon.colcon_core.package_identification:_identify(src) by extension 'ignore_ament_install'
[7.127s] Level 1:colcon.colcon_core.package_identification:_identify(src) by extensions ['colcon_pkg']
[7.127s] Level 1:colcon.colcon_core.package_identification:_identify(src) by extension 'colcon_pkg'
[7.127s] Level 1:colcon.colcon_core.package_identification:_identify(src) by extensions ['colcon_meta']
[7.127s] Level 1:colcon.colcon_core.package_identification:_identify(src) by extension 'colcon_meta'
[7.127s] Level 1:colcon.colcon_core.package_identification:_identify(src) by extensions ['ros']
[7.127s] Level 1:colcon.colcon_core.package_identification:_identify(src) by extension 'ros'
[7.127s] Level 1:colcon.colcon_core.package_identification:_identify(src) by extensions ['cmake', 'python']
[7.127s] Level 1:colcon.colcon_core.package_identification:_identify(src) by extension 'cmake'
[7.128s] Level 1:colcon.colcon_core.package_identification:_identify(src) by extension 'python'
[7.128s] Level 1:colcon.colcon_core.package_identification:_identify(src) by extensions ['python_setup_py']
[7.128s] Level 1:colcon.colcon_core.package_identification:_identify(src) by extension 'python_setup_py'
[7.128s] Level 1:colcon.colcon_core.package_identification:_identify(src/my_robot_bringup) by extensions ['ignore', 'ignore_ament_install']
[7.128s] Level 1:colcon.colcon_core.package_identification:_identify(src/my_robot_bringup) by extension 'ignore'
[7.128s] Level 1:colcon.colcon_core.package_identification:_identify(src/my_robot_bringup) by extension 'ignore_ament_install'
[7.129s] Level 1:colcon.colcon_core.package_identification:_identify(src/my_robot_bringup) by extensions ['colcon_pkg']
[7.129s] Level 1:colcon.colcon_core.package_identification:_identify(src/my_robot_bringup) by extension 'colcon_pkg'
[7.129s] Level 1:colcon.colcon_core.package_identification:_identify(src/my_robot_bringup) by extensions ['colcon_meta']
[7.129s] Level 1:colcon.colcon_core.package_identification:_identify(src/my_robot_bringup) by extension 'colcon_meta'
[7.129s] Level 1:colcon.colcon_core.package_identification:_identify(src/my_robot_bringup) by extensions ['ros']
[7.129s] Level 1:colcon.colcon_core.package_identification:_identify(src/my_robot_bringup) by extension 'ros'
[7.193s] DEBUG:colcon.colcon_core.package_identification:Package 'src/my_robot_bringup' with type 'ros.ament_cmake' and name 'my_robot_bringup'
[7.194s] Level 1:colcon.colcon_core.package_identification:_identify(src/my_robot_description) by extensions ['ignore', 'ignore_ament_install']
[7.194s] Level 1:colcon.colcon_core.package_identification:_identify(src/my_robot_description) by extension 'ignore'
[7.194s] Level 1:colcon.colcon_core.package_identification:_identify(src/my_robot_description) by extension 'ignore_ament_install'
[7.195s] Level 1:colcon.colcon_core.package_identification:_identify(src/my_robot_description) by extensions ['colcon_pkg']
[7.195s] Level 1:colcon.colcon_core.package_identification:_identify(src/my_robot_description) by extension 'colcon_pkg'
[7.195s] Level 1:colcon.colcon_core.package_identification:_identify(src/my_robot_description) by extensions ['colcon_meta']
[7.195s] Level 1:colcon.colcon_core.package_identification:_identify(src/my_robot_description) by extension 'colcon_meta'
[7.195s] Level 1:colcon.colcon_core.package_identification:_identify(src/my_robot_description) by extensions ['ros']
[7.195s] Level 1:colcon.colcon_core.package_identification:_identify(src/my_robot_description) by extension 'ros'
[7.206s] DEBUG:colcon.colcon_core.package_identification:Package 'src/my_robot_description' with type 'ros.ament_cmake' and name 'my_robot_description'
[7.206s] Level 1:colcon.colcon_core.package_discovery:discover_packages(recursive) using defaults
[7.206s] Level 1:colcon.colcon_core.package_discovery:discover_packages(ignore) discover
[7.206s] Level 1:colcon.colcon_core.package_discovery:discover_packages(ignore) using defaults
[7.206s] Level 1:colcon.colcon_core.package_discovery:discover_packages(path) discover
[7.207s] Level 1:colcon.colcon_core.package_discovery:discover_packages(path) using defaults
[7.752s] Level 1:colcon.colcon_core.package_discovery:discover_packages(prefix_path) check parameters
[7.752s] Level 1:colcon.colcon_core.package_discovery:discover_packages(prefix_path) discover
[7.830s] DEBUG:colcon.colcon_installed_package_information.package_discovery:Found 2 installed packages in /home/youssef/Documents/ROS/ros2_new_ws/install
[7.832s] DEBUG:colcon.colcon_installed_package_information.package_discovery:Found 3 installed packages in /home/youssef/Documents/ROS/ros2_ws/install
[7.834s] DEBUG:colcon.colcon_installed_package_information.package_discovery:Found 2 installed packages in /home/youssef/install
[7.839s] DEBUG:colcon.colcon_installed_package_information.package_discovery:Found 317 installed packages in /opt/ros/humble
[7.845s] Level 1:colcon.colcon_core.package_discovery:discover_packages(prefix_path) using defaults
[8.365s] Level 5:colcon.colcon_core.verb:set package 'my_robot_description' build argument 'cmake_args' from command line to 'None'
[8.365s] Level 5:colcon.colcon_core.verb:set package 'my_robot_description' build argument 'cmake_target' from command line to 'None'
[8.365s] Level 5:colcon.colcon_core.verb:set package 'my_robot_description' build argument 'cmake_target_skip_unavailable' from command line to 'False'
[8.365s] Level 5:colcon.colcon_core.verb:set package 'my_robot_description' build argument 'cmake_clean_cache' from command line to 'False'
[8.365s] Level 5:colcon.colcon_core.verb:set package 'my_robot_description' build argument 'cmake_clean_first' from command line to 'False'
[8.365s] Level 5:colcon.colcon_core.verb:set package 'my_robot_description' build argument 'cmake_force_configure' from command line to 'False'
[8.365s] Level 5:colcon.colcon_core.verb:set package 'my_robot_description' build argument 'ament_cmake_args' from command line to 'None'
[8.365s] Level 5:colcon.colcon_core.verb:set package 'my_robot_description' build argument 'catkin_cmake_args' from command line to 'None'
[8.365s] Level 5:colcon.colcon_core.verb:set package 'my_robot_description' build argument 'catkin_skip_building_tests' from command line to 'False'
[8.365s] DEBUG:colcon.colcon_core.verb:Building package 'my_robot_description' with the following arguments: {'ament_cmake_args': None, 'build_base': '/home/youssef/Documents/ROS/ros2_new_ws/build/my_robot_description', 'catkin_cmake_args': None, 'catkin_skip_building_tests': False, 'cmake_args': None, 'cmake_clean_cache': False, 'cmake_clean_first': False, 'cmake_force_configure': False, 'cmake_target': None, 'cmake_target_skip_unavailable': False, 'install_base': '/home/youssef/Documents/ROS/ros2_new_ws/install/my_robot_description', 'merge_install': False, 'path': '/home/youssef/Documents/ROS/ros2_new_ws/src/my_robot_description', 'symlink_install': True, 'test_result_base': None}
[8.366s] Level 5:colcon.colcon_core.verb:set package 'my_robot_bringup' build argument 'cmake_args' from command line to 'None'
[8.366s] Level 5:colcon.colcon_core.verb:set package 'my_robot_bringup' build argument 'cmake_target' from command line to 'None'
[8.366s] Level 5:colcon.colcon_core.verb:set package 'my_robot_bringup' build argument 'cmake_target_skip_unavailable' from command line to 'False'
[8.366s] Level 5:colcon.colcon_core.verb:set package 'my_robot_bringup' build argument 'cmake_clean_cache' from command line to 'False'
[8.366s] Level 5:colcon.colcon_core.verb:set package 'my_robot_bringup' build argument 'cmake_clean_first' from command line to 'False'
[8.366s] Level 5:colcon.colcon_core.verb:set package 'my_robot_bringup' build argument 'cmake_force_configure' from command line to 'False'
[8.366s] Level 5:colcon.colcon_core.verb:set package 'my_robot_bringup' build argument 'ament_cmake_args' from command line to 'None'
[8.366s] Level 5:colcon.colcon_core.verb:set package 'my_robot_bringup' build argument 'catkin_cmake_args' from command line to 'None'
[8.366s] Level 5:colcon.colcon_core.verb:set package 'my_robot_bringup' build argument 'catkin_skip_building_tests' from command line to 'False'
[8.366s] DEBUG:colcon.colcon_core.verb:Building package 'my_robot_bringup' with the following arguments: {'ament_cmake_args': None, 'build_base': '/home/youssef/Documents/ROS/ros2_new_ws/build/my_robot_bringup', 'catkin_cmake_args': None, 'catkin_skip_building_tests': False, 'cmake_args': None, 'cmake_clean_cache': False, 'cmake_clean_first': False, 'cmake_force_configure': False, 'cmake_target': None, 'cmake_target_skip_unavailable': False, 'install_base': '/home/youssef/Documents/ROS/ros2_new_ws/install/my_robot_bringup', 'merge_install': False, 'path': '/home/youssef/Documents/ROS/ros2_new_ws/src/my_robot_bringup', 'symlink_install': True, 'test_result_base': None}
[8.366s] INFO:colcon.colcon_core.executor:Executing jobs using 'parallel' executor
[8.367s] DEBUG:colcon.colcon_parallel_executor.executor.parallel:run_until_complete
[8.367s] INFO:colcon.colcon_ros.task.ament_cmake.build:Building ROS package in '/home/youssef/Documents/ROS/ros2_new_ws/src/my_robot_description' with build type 'ament_cmake'
[8.367s] INFO:colcon.colcon_cmake.task.cmake.build:Building CMake package in '/home/youssef/Documents/ROS/ros2_new_ws/src/my_robot_description'
[8.447s] INFO:colcon.colcon_core.plugin_system:Skipping extension 'colcon_core.shell.bat': Not used on non-Windows systems
[8.448s] INFO:colcon.colcon_core.shell:Skip shell extension 'powershell' for command environment: Not usable outside of PowerShell
[8.448s] DEBUG:colcon.colcon_core.shell:Skip shell extension 'dsv' for command environment
[8.547s] DEBUG:colcon.colcon_core.event_handler.log_command:Invoking command in '/home/youssef/Documents/ROS/ros2_new_ws/build/my_robot_description': CMAKE_PREFIX_PATH=${CMAKE_PREFIX_PATH}:/home/youssef/install/my_py_pkg:/home/youssef/Documents/ROS/ros2_ws/install/my_py_pkg:/opt/ros/humble /usr/bin/cmake --build /home/youssef/Documents/ROS/ros2_new_ws/build/my_robot_description -- -j8 -l8
[8.986s] DEBUG:colcon.colcon_core.event_handler.log_command:Invoked command in '/home/youssef/Documents/ROS/ros2_new_ws/build/my_robot_description' returned '0': CMAKE_PREFIX_PATH=${CMAKE_PREFIX_PATH}:/home/youssef/install/my_py_pkg:/home/youssef/Documents/ROS/ros2_ws/install/my_py_pkg:/opt/ros/humble /usr/bin/cmake --build /home/youssef/Documents/ROS/ros2_new_ws/build/my_robot_description -- -j8 -l8
[9.073s] DEBUG:colcon.colcon_core.event_handler.log_command:Invoking command in '/home/youssef/Documents/ROS/ros2_new_ws/build/my_robot_description': CMAKE_PREFIX_PATH=${CMAKE_PREFIX_PATH}:/home/youssef/install/my_py_pkg:/home/youssef/Documents/ROS/ros2_ws/install/my_py_pkg:/opt/ros/humble /usr/bin/cmake --install /home/youssef/Documents/ROS/ros2_new_ws/build/my_robot_description
[9.207s] Level 1:colcon.colcon_core.environment:create_environment_scripts_only(my_robot_description)
[9.208s] DEBUG:colcon.colcon_core.event_handler.log_command:Invoked command in '/home/youssef/Documents/ROS/ros2_new_ws/build/my_robot_description' returned '0': CMAKE_PREFIX_PATH=${CMAKE_PREFIX_PATH}:/home/youssef/install/my_py_pkg:/home/youssef/Documents/ROS/ros2_ws/install/my_py_pkg:/opt/ros/humble /usr/bin/cmake --install /home/youssef/Documents/ROS/ros2_new_ws/build/my_robot_description
[9.366s] Level 1:colcon.colcon_core.environment:checking '/home/youssef/Documents/ROS/ros2_new_ws/install/my_robot_description' for CMake module files
[9.368s] Level 1:colcon.colcon_core.environment:checking '/home/youssef/Documents/ROS/ros2_new_ws/install/my_robot_description' for CMake config files
[9.377s] Level 1:colcon.colcon_core.shell:create_environment_hook('my_robot_description', 'cmake_prefix_path')
[9.378s] INFO:colcon.colcon_core.shell:Creating environment hook '/home/youssef/Documents/ROS/ros2_new_ws/install/my_robot_description/share/my_robot_description/hook/cmake_prefix_path.ps1'
[9.411s] INFO:colcon.colcon_core.shell:Creating environment descriptor '/home/youssef/Documents/ROS/ros2_new_ws/install/my_robot_description/share/my_robot_description/hook/cmake_prefix_path.dsv'
[9.413s] INFO:colcon.colcon_core.shell:Creating environment hook '/home/youssef/Documents/ROS/ros2_new_ws/install/my_robot_description/share/my_robot_description/hook/cmake_prefix_path.sh'
[9.416s] Level 1:colcon.colcon_core.environment:checking '/home/youssef/Documents/ROS/ros2_new_ws/install/my_robot_description/bin'
[9.416s] Level 1:colcon.colcon_core.environment:checking '/home/youssef/Documents/ROS/ros2_new_ws/install/my_robot_description/lib/pkgconfig/my_robot_description.pc'
[9.417s] Level 1:colcon.colcon_core.environment:checking '/home/youssef/Documents/ROS/ros2_new_ws/install/my_robot_description/lib/python3.10/site-packages'
[9.418s] Level 1:colcon.colcon_core.environment:checking '/home/youssef/Documents/ROS/ros2_new_ws/install/my_robot_description/bin'
[9.419s] INFO:colcon.colcon_core.shell:Creating package script '/home/youssef/Documents/ROS/ros2_new_ws/install/my_robot_description/share/my_robot_description/package.ps1'
[9.423s] INFO:colcon.colcon_core.shell:Creating package descriptor '/home/youssef/Documents/ROS/ros2_new_ws/install/my_robot_description/share/my_robot_description/package.dsv'
[9.425s] INFO:colcon.colcon_core.shell:Creating package script '/home/youssef/Documents/ROS/ros2_new_ws/install/my_robot_description/share/my_robot_description/package.sh'
[9.428s] INFO:colcon.colcon_core.shell:Creating package script '/home/youssef/Documents/ROS/ros2_new_ws/install/my_robot_description/share/my_robot_description/package.bash'
[9.432s] INFO:colcon.colcon_core.shell:Creating package script '/home/youssef/Documents/ROS/ros2_new_ws/install/my_robot_description/share/my_robot_description/package.zsh'
[9.444s] Level 1:colcon.colcon_core.environment:create_file_with_runtime_dependencies(/home/youssef/Documents/ROS/ros2_new_ws/install/my_robot_description/share/colcon-core/packages/my_robot_description)
[9.446s] Level 1:colcon.colcon_core.environment:create_environment_scripts_only(my_robot_description)
[9.447s] Level 1:colcon.colcon_core.environment:checking '/home/youssef/Documents/ROS/ros2_new_ws/install/my_robot_description' for CMake module files
[9.448s] Level 1:colcon.colcon_core.environment:checking '/home/youssef/Documents/ROS/ros2_new_ws/install/my_robot_description' for CMake config files
[9.450s] Level 1:colcon.colcon_core.shell:create_environment_hook('my_robot_description', 'cmake_prefix_path')
[9.450s] INFO:colcon.colcon_core.shell:Creating environment hook '/home/youssef/Documents/ROS/ros2_new_ws/install/my_robot_description/share/my_robot_description/hook/cmake_prefix_path.ps1'
[9.452s] INFO:colcon.colcon_core.shell:Creating environment descriptor '/home/youssef/Documents/ROS/ros2_new_ws/install/my_robot_description/share/my_robot_description/hook/cmake_prefix_path.dsv'
[9.453s] INFO:colcon.colcon_core.shell:Creating environment hook '/home/youssef/Documents/ROS/ros2_new_ws/install/my_robot_description/share/my_robot_description/hook/cmake_prefix_path.sh'
[9.455s] Level 1:colcon.colcon_core.environment:checking '/home/youssef/Documents/ROS/ros2_new_ws/install/my_robot_description/bin'
[9.455s] Level 1:colcon.colcon_core.environment:checking '/home/youssef/Documents/ROS/ros2_new_ws/install/my_robot_description/lib/pkgconfig/my_robot_description.pc'
[9.456s] Level 1:colcon.colcon_core.environment:checking '/home/youssef/Documents/ROS/ros2_new_ws/install/my_robot_description/lib/python3.10/site-packages'
[9.457s] Level 1:colcon.colcon_core.environment:checking '/home/youssef/Documents/ROS/ros2_new_ws/install/my_robot_description/bin'
[9.458s] INFO:colcon.colcon_core.shell:Creating package script '/home/youssef/Documents/ROS/ros2_new_ws/install/my_robot_description/share/my_robot_description/package.ps1'
[9.459s] INFO:colcon.colcon_core.shell:Creating package descriptor '/home/youssef/Documents/ROS/ros2_new_ws/install/my_robot_description/share/my_robot_description/package.dsv'
[9.461s] INFO:colcon.colcon_core.shell:Creating package script '/home/youssef/Documents/ROS/ros2_new_ws/install/my_robot_description/share/my_robot_description/package.sh'
[9.462s] INFO:colcon.colcon_core.shell:Creating package script '/home/youssef/Documents/ROS/ros2_new_ws/install/my_robot_description/share/my_robot_description/package.bash'
[9.463s] INFO:colcon.colcon_core.shell:Creating package script '/home/youssef/Documents/ROS/ros2_new_ws/install/my_robot_description/share/my_robot_description/package.zsh'
[9.464s] Level 1:colcon.colcon_core.environment:create_file_with_runtime_dependencies(/home/youssef/Documents/ROS/ros2_new_ws/install/my_robot_description/share/colcon-core/packages/my_robot_description)
[9.465s] INFO:colcon.colcon_ros.task.ament_cmake.build:Building ROS package in '/home/youssef/Documents/ROS/ros2_new_ws/src/my_robot_bringup' with build type 'ament_cmake'
[9.465s] INFO:colcon.colcon_cmake.task.cmake.build:Building CMake package in '/home/youssef/Documents/ROS/ros2_new_ws/src/my_robot_bringup'
[9.465s] INFO:colcon.colcon_core.shell:Skip shell extension 'powershell' for command environment: Not usable outside of PowerShell
[9.465s] DEBUG:colcon.colcon_core.shell:Skip shell extension 'dsv' for command environment
[9.564s] DEBUG:colcon.colcon_core.event_handler.log_command:Invoking command in '/home/youssef/Documents/ROS/ros2_new_ws/build/my_robot_bringup': CMAKE_PREFIX_PATH=/home/youssef/Documents/ROS/ros2_new_ws/install/my_robot_description:/home/youssef/Documents/ROS/ros2_new_ws/install/my_robot_bringup:/home/youssef/install/my_cpp_pkg:/home/youssef/Documents/ROS/ros2_ws/install/my_lidar_world:/home/youssef/Documents/ROS/ros2_ws/install/my_cpp_pkg:/home/youssef/install/my_py_pkg:/home/youssef/Documents/ROS/ros2_ws/install/my_py_pkg:/opt/ros/humble /usr/bin/cmake --build /home/youssef/Documents/ROS/ros2_new_ws/build/my_robot_bringup -- -j8 -l8
[9.724s] DEBUG:colcon.colcon_core.event_handler.log_command:Invoked command in '/home/youssef/Documents/ROS/ros2_new_ws/build/my_robot_bringup' returned '0': CMAKE_PREFIX_PATH=/home/youssef/Documents/ROS/ros2_new_ws/install/my_robot_description:/home/youssef/Documents/ROS/ros2_new_ws/install/my_robot_bringup:/home/youssef/install/my_cpp_pkg:/home/youssef/Documents/ROS/ros2_ws/install/my_lidar_world:/home/youssef/Documents/ROS/ros2_ws/install/my_cpp_pkg:/home/youssef/install/my_py_pkg:/home/youssef/Documents/ROS/ros2_ws/install/my_py_pkg:/opt/ros/humble /usr/bin/cmake --build /home/youssef/Documents/ROS/ros2_new_ws/build/my_robot_bringup -- -j8 -l8
[9.757s] DEBUG:colcon.colcon_core.event_handler.log_command:Invoking command in '/home/youssef/Documents/ROS/ros2_new_ws/build/my_robot_bringup': CMAKE_PREFIX_PATH=/home/youssef/Documents/ROS/ros2_new_ws/install/my_robot_description:/home/youssef/Documents/ROS/ros2_new_ws/install/my_robot_bringup:/home/youssef/install/my_cpp_pkg:/home/youssef/Documents/ROS/ros2_ws/install/my_lidar_world:/home/youssef/Documents/ROS/ros2_ws/install/my_cpp_pkg:/home/youssef/install/my_py_pkg:/home/youssef/Documents/ROS/ros2_ws/install/my_py_pkg:/opt/ros/humble /usr/bin/cmake --install /home/youssef/Documents/ROS/ros2_new_ws/build/my_robot_bringup
[9.845s] Level 1:colcon.colcon_core.environment:create_environment_scripts_only(my_robot_bringup)
[9.846s] Level 1:colcon.colcon_core.environment:checking '/home/youssef/Documents/ROS/ros2_new_ws/install/my_robot_bringup' for CMake module files
[9.848s] DEBUG:colcon.colcon_core.event_handler.log_command:Invoked command in '/home/youssef/Documents/ROS/ros2_new_ws/build/my_robot_bringup' returned '0': CMAKE_PREFIX_PATH=/home/youssef/Documents/ROS/ros2_new_ws/install/my_robot_description:/home/youssef/Documents/ROS/ros2_new_ws/install/my_robot_bringup:/home/youssef/install/my_cpp_pkg:/home/youssef/Documents/ROS/ros2_ws/install/my_lidar_world:/home/youssef/Documents/ROS/ros2_ws/install/my_cpp_pkg:/home/youssef/install/my_py_pkg:/home/youssef/Documents/ROS/ros2_ws/install/my_py_pkg:/opt/ros/humble /usr/bin/cmake --install /home/youssef/Documents/ROS/ros2_new_ws/build/my_robot_bringup
[9.849s] Level 1:colcon.colcon_core.environment:checking '/home/youssef/Documents/ROS/ros2_new_ws/install/my_robot_bringup' for CMake config files
[9.850s] Level 1:colcon.colcon_core.shell:create_environment_hook('my_robot_bringup', 'cmake_prefix_path')
[9.851s] INFO:colcon.colcon_core.shell:Creating environment hook '/home/youssef/Documents/ROS/ros2_new_ws/install/my_robot_bringup/share/my_robot_bringup/hook/cmake_prefix_path.ps1'
[9.853s] INFO:colcon.colcon_core.shell:Creating environment descriptor '/home/youssef/Documents/ROS/ros2_new_ws/install/my_robot_bringup/share/my_robot_bringup/hook/cmake_prefix_path.dsv'
[9.854s] INFO:colcon.colcon_core.shell:Creating environment hook '/home/youssef/Documents/ROS/ros2_new_ws/install/my_robot_bringup/share/my_robot_bringup/hook/cmake_prefix_path.sh'
[9.856s] Level 1:colcon.colcon_core.environment:checking '/home/youssef/Documents/ROS/ros2_new_ws/install/my_robot_bringup/bin'
[9.856s] Level 1:colcon.colcon_core.environment:checking '/home/youssef/Documents/ROS/ros2_new_ws/install/my_robot_bringup/lib/pkgconfig/my_robot_bringup.pc'
[9.857s] Level 1:colcon.colcon_core.environment:checking '/home/youssef/Documents/ROS/ros2_new_ws/install/my_robot_bringup/lib/python3.10/site-packages'
[9.857s] Level 1:colcon.colcon_core.environment:checking '/home/youssef/Documents/ROS/ros2_new_ws/install/my_robot_bringup/bin'
[9.858s] INFO:colcon.colcon_core.shell:Creating package script '/home/youssef/Documents/ROS/ros2_new_ws/install/my_robot_bringup/share/my_robot_bringup/package.ps1'
[9.860s] INFO:colcon.colcon_core.shell:Creating package descriptor '/home/youssef/Documents/ROS/ros2_new_ws/install/my_robot_bringup/share/my_robot_bringup/package.dsv'
[9.861s] INFO:colcon.colcon_core.shell:Creating package script '/home/youssef/Documents/ROS/ros2_new_ws/install/my_robot_bringup/share/my_robot_bringup/package.sh'
[9.863s] INFO:colcon.colcon_core.shell:Creating package script '/home/youssef/Documents/ROS/ros2_new_ws/install/my_robot_bringup/share/my_robot_bringup/package.bash'
[9.864s] INFO:colcon.colcon_core.shell:Creating package script '/home/youssef/Documents/ROS/ros2_new_ws/install/my_robot_bringup/share/my_robot_bringup/package.zsh'
[9.865s] Level 1:colcon.colcon_core.environment:create_file_with_runtime_dependencies(/home/youssef/Documents/ROS/ros2_new_ws/install/my_robot_bringup/share/colcon-core/packages/my_robot_bringup)
[9.867s] Level 1:colcon.colcon_core.environment:create_environment_scripts_only(my_robot_bringup)
[9.868s] Level 1:colcon.colcon_core.environment:checking '/home/youssef/Documents/ROS/ros2_new_ws/install/my_robot_bringup' for CMake module files
[9.869s] Level 1:colcon.colcon_core.environment:checking '/home/youssef/Documents/ROS/ros2_new_ws/install/my_robot_bringup' for CMake config files
[9.870s] Level 1:colcon.colcon_core.shell:create_environment_hook('my_robot_bringup', 'cmake_prefix_path')
[9.871s] INFO:colcon.colcon_core.shell:Creating environment hook '/home/youssef/Documents/ROS/ros2_new_ws/install/my_robot_bringup/share/my_robot_bringup/hook/cmake_prefix_path.ps1'
[9.872s] INFO:colcon.colcon_core.shell:Creating environment descriptor '/home/youssef/Documents/ROS/ros2_new_ws/install/my_robot_bringup/share/my_robot_bringup/hook/cmake_prefix_path.dsv'
[9.873s] INFO:colcon.colcon_core.shell:Creating environment hook '/home/youssef/Documents/ROS/ros2_new_ws/install/my_robot_bringup/share/my_robot_bringup/hook/cmake_prefix_path.sh'
[9.875s] Level 1:colcon.colcon_core.environment:checking '/home/youssef/Documents/ROS/ros2_new_ws/install/my_robot_bringup/bin'
[9.875s] Level 1:colcon.colcon_core.environment:checking '/home/youssef/Documents/ROS/ros2_new_ws/install/my_robot_bringup/lib/pkgconfig/my_robot_bringup.pc'
[9.876s] Level 1:colcon.colcon_core.environment:checking '/home/youssef/Documents/ROS/ros2_new_ws/install/my_robot_bringup/lib/python3.10/site-packages'
[9.877s] Level 1:colcon.colcon_core.environment:checking '/home/youssef/Documents/ROS/ros2_new_ws/install/my_robot_bringup/bin'
[9.877s] INFO:colcon.colcon_core.shell:Creating package script '/home/youssef/Documents/ROS/ros2_new_ws/install/my_robot_bringup/share/my_robot_bringup/package.ps1'
[9.878s] INFO:colcon.colcon_core.shell:Creating package descriptor '/home/youssef/Documents/ROS/ros2_new_ws/install/my_robot_bringup/share/my_robot_bringup/package.dsv'
[9.880s] INFO:colcon.colcon_core.shell:Creating package script '/home/youssef/Documents/ROS/ros2_new_ws/install/my_robot_bringup/share/my_robot_bringup/package.sh'
[9.881s] INFO:colcon.colcon_core.shell:Creating package script '/home/youssef/Documents/ROS/ros2_new_ws/install/my_robot_bringup/share/my_robot_bringup/package.bash'
[9.881s] INFO:colcon.colcon_core.shell:Creating package script '/home/youssef/Documents/ROS/ros2_new_ws/install/my_robot_bringup/share/my_robot_bringup/package.zsh'
[9.882s] Level 1:colcon.colcon_core.environment:create_file_with_runtime_dependencies(/home/youssef/Documents/ROS/ros2_new_ws/install/my_robot_bringup/share/colcon-core/packages/my_robot_bringup)
[9.883s] DEBUG:colcon.colcon_parallel_executor.executor.parallel:closing loop
[9.883s] DEBUG:colcon.colcon_parallel_executor.executor.parallel:loop closed
[9.883s] DEBUG:colcon.colcon_parallel_executor.executor.parallel:run_until_complete finished with '0'
[9.883s] DEBUG:colcon.colcon_core.event_reactor:joining thread
[9.938s] INFO:colcon.colcon_core.plugin_system:Skipping extension 'colcon_notification.desktop_notification.terminal_notifier': Not used on non-Darwin systems
[9.939s] INFO:colcon.colcon_core.plugin_system:Skipping extension 'colcon_notification.desktop_notification.win32': Not used on non-Windows systems
[9.939s] INFO:colcon.colcon_notification.desktop_notification:Sending desktop notification using 'notify2'
[9.966s] DEBUG:colcon.colcon_core.event_reactor:joined thread
[9.967s] INFO:colcon.colcon_core.shell:Creating prefix script '/home/youssef/Documents/ROS/ros2_new_ws/install/local_setup.ps1'
[9.970s] INFO:colcon.colcon_core.shell:Creating prefix util module '/home/youssef/Documents/ROS/ros2_new_ws/install/_local_setup_util_ps1.py'
[9.975s] INFO:colcon.colcon_core.shell:Creating prefix chain script '/home/youssef/Documents/ROS/ros2_new_ws/install/setup.ps1'
[9.979s] INFO:colcon.colcon_core.shell:Creating prefix script '/home/youssef/Documents/ROS/ros2_new_ws/install/local_setup.sh'
[9.981s] INFO:colcon.colcon_core.shell:Creating prefix util module '/home/youssef/Documents/ROS/ros2_new_ws/install/_local_setup_util_sh.py'
[9.982s] INFO:colcon.colcon_core.shell:Creating prefix chain script '/home/youssef/Documents/ROS/ros2_new_ws/install/setup.sh'
[9.986s] INFO:colcon.colcon_core.shell:Creating prefix script '/home/youssef/Documents/ROS/ros2_new_ws/install/local_setup.bash'
[9.987s] INFO:colcon.colcon_core.shell:Creating prefix chain script '/home/youssef/Documents/ROS/ros2_new_ws/install/setup.bash'
[9.991s] INFO:colcon.colcon_core.shell:Creating prefix script '/home/youssef/Documents/ROS/ros2_new_ws/install/local_setup.zsh'
[9.993s] INFO:colcon.colcon_core.shell:Creating prefix chain script '/home/youssef/Documents/ROS/ros2_new_ws/install/setup.zsh'
