[0.681s] DEBUG:colcon:Command line arguments: ['/usr/bin/colcon', 'build']
[0.681s] DEBUG:colcon:Parsed command line arguments: Namespace(log_base=None, log_level=None, verb_name='build', build_base='build', install_base='install', merge_install=False, symlink_install=False, test_result_base=None, continue_on_error=False, executor='parallel', parallel_workers=8, event_handlers=None, ignore_user_meta=False, metas=['./colcon.meta'], base_paths=['.'], packages_ignore=None, packages_ignore_regex=None, paths=None, packages_up_to=None, packages_up_to_regex=None, packages_above=None, packages_above_and_dependencies=None, packages_above_depth=None, packages_select_by_dep=None, packages_skip_by_dep=None, packages_skip_up_to=None, packages_select_build_failed=False, packages_skip_build_finished=False, packages_select_test_failures=False, packages_skip_test_passed=False, packages_select=None, packages_skip=None, packages_select_regex=None, packages_skip_regex=None, packages_start=None, packages_end=None, allow_overriding=[], cmake_args=None, cmake_target=None, cmake_target_skip_unavailable=False, cmake_clean_cache=False, cmake_clean_first=False, cmake_force_configure=False, ament_cmake_args=None, catkin_cmake_args=None, catkin_skip_building_tests=False, verb_parser=<colcon_defaults.argument_parser.defaults.DefaultArgumentsDecorator object at 0x7523496c5a80>, verb_extension=<colcon_core.verb.build.BuildVerb object at 0x7523496c5570>, main=<bound method BuildVerb.main of <colcon_core.verb.build.BuildVerb object at 0x7523496c5570>>)
[8.005s] Level 1:colcon.colcon_core.package_discovery:discover_packages(colcon_meta) check parameters
[8.005s] Level 1:colcon.colcon_core.package_discovery:discover_packages(recursive) check parameters
[8.005s] Level 1:colcon.colcon_core.package_discovery:discover_packages(ignore) check parameters
[8.005s] Level 1:colcon.colcon_core.package_discovery:discover_packages(path) check parameters
[8.005s] Level 1:colcon.colcon_core.package_discovery:discover_packages(colcon_meta) discover
[8.006s] Level 1:colcon.colcon_core.package_discovery:discover_packages(recursive) discover
[8.006s] INFO:colcon.colcon_core.package_discovery:Crawling recursively for packages in '/home/youssef/Documents/ROS/ros2_new_ws'
[8.006s] Level 1:colcon.colcon_core.package_identification:_identify(.) by extensions ['ignore', 'ignore_ament_install']
[8.006s] Level 1:colcon.colcon_core.package_identification:_identify(.) by extension 'ignore'
[8.006s] Level 1:colcon.colcon_core.package_identification:_identify(.) by extension 'ignore_ament_install'
[8.006s] Level 1:colcon.colcon_core.package_identification:_identify(.) by extensions ['colcon_pkg']
[8.006s] Level 1:colcon.colcon_core.package_identification:_identify(.) by extension 'colcon_pkg'
[8.006s] Level 1:colcon.colcon_core.package_identification:_identify(.) by extensions ['colcon_meta']
[8.006s] Level 1:colcon.colcon_core.package_identification:_identify(.) by extension 'colcon_meta'
[8.006s] Level 1:colcon.colcon_core.package_identification:_identify(.) by extensions ['ros']
[8.006s] Level 1:colcon.colcon_core.package_identification:_identify(.) by extension 'ros'
[8.017s] Level 1:colcon.colcon_core.package_identification:_identify(.) by extensions ['cmake', 'python']
[8.017s] Level 1:colcon.colcon_core.package_identification:_identify(.) by extension 'cmake'
[8.017s] Level 1:colcon.colcon_core.package_identification:_identify(.) by extension 'python'
[8.017s] Level 1:colcon.colcon_core.package_identification:_identify(.) by extensions ['python_setup_py']
[8.017s] Level 1:colcon.colcon_core.package_identification:_identify(.) by extension 'python_setup_py'
[8.017s] Level 1:colcon.colcon_core.package_identification:_identify(build) by extensions ['ignore', 'ignore_ament_install']
[8.017s] Level 1:colcon.colcon_core.package_identification:_identify(build) by extension 'ignore'
[8.017s] Level 1:colcon.colcon_core.package_identification:_identify(build) ignored
[8.017s] Level 1:colcon.colcon_core.package_identification:_identify(install) by extensions ['ignore', 'ignore_ament_install']
[8.017s] Level 1:colcon.colcon_core.package_identification:_identify(install) by extension 'ignore'
[8.018s] Level 1:colcon.colcon_core.package_identification:_identify(install) ignored
[8.018s] Level 1:colcon.colcon_core.package_identification:_identify(log) by extensions ['ignore', 'ignore_ament_install']
[8.018s] Level 1:colcon.colcon_core.package_identification:_identify(log) by extension 'ignore'
[8.018s] Level 1:colcon.colcon_core.package_identification:_identify(log) ignored
[8.018s] Level 1:colcon.colcon_core.package_identification:_identify(src) by extensions ['ignore', 'ignore_ament_install']
[8.018s] Level 1:colcon.colcon_core.package_identification:_identify(src) by extension 'ignore'
[8.018s] Level 1:colcon.colcon_core.package_identification:_identify(src) by extension 'ignore_ament_install'
[8.018s] Level 1:colcon.colcon_core.package_identification:_identify(src) by extensions ['colcon_pkg']
[8.018s] Level 1:colcon.colcon_core.package_identification:_identify(src) by extension 'colcon_pkg'
[8.018s] Level 1:colcon.colcon_core.package_identification:_identify(src) by extensions ['colcon_meta']
[8.018s] Level 1:colcon.colcon_core.package_identification:_identify(src) by extension 'colcon_meta'
[8.018s] Level 1:colcon.colcon_core.package_identification:_identify(src) by extensions ['ros']
[8.018s] Level 1:colcon.colcon_core.package_identification:_identify(src) by extension 'ros'
[8.018s] Level 1:colcon.colcon_core.package_identification:_identify(src) by extensions ['cmake', 'python']
[8.018s] Level 1:colcon.colcon_core.package_identification:_identify(src) by extension 'cmake'
[8.018s] Level 1:colcon.colcon_core.package_identification:_identify(src) by extension 'python'
[8.018s] Level 1:colcon.colcon_core.package_identification:_identify(src) by extensions ['python_setup_py']
[8.018s] Level 1:colcon.colcon_core.package_identification:_identify(src) by extension 'python_setup_py'
[8.019s] Level 1:colcon.colcon_core.package_discovery:discover_packages(recursive) using defaults
[8.019s] Level 1:colcon.colcon_core.package_discovery:discover_packages(ignore) discover
[8.019s] Level 1:colcon.colcon_core.package_discovery:discover_packages(ignore) using defaults
[8.019s] Level 1:colcon.colcon_core.package_discovery:discover_packages(path) discover
[8.019s] Level 1:colcon.colcon_core.package_discovery:discover_packages(path) using defaults
[8.703s] Level 1:colcon.colcon_core.package_discovery:discover_packages(prefix_path) check parameters
[8.704s] Level 1:colcon.colcon_core.package_discovery:discover_packages(prefix_path) discover
[8.707s] DEBUG:colcon.colcon_installed_package_information.package_discovery:Found 0 installed packages in /home/youssef/Documents/ROS/ros2_new_ws/install
[8.708s] DEBUG:colcon.colcon_installed_package_information.package_discovery:Found 3 installed packages in /home/youssef/Documents/ROS/ros2_ws/install
[8.709s] DEBUG:colcon.colcon_installed_package_information.package_discovery:Found 316 installed packages in /opt/ros/humble
[8.711s] Level 1:colcon.colcon_core.package_discovery:discover_packages(prefix_path) using defaults
[8.758s] INFO:colcon.colcon_core.executor:Executing jobs using 'parallel' executor
[8.759s] DEBUG:colcon.colcon_parallel_executor.executor.parallel:run_until_complete
[8.759s] DEBUG:colcon.colcon_parallel_executor.executor.parallel:closing loop
[8.759s] DEBUG:colcon.colcon_parallel_executor.executor.parallel:loop closed
[8.759s] DEBUG:colcon.colcon_parallel_executor.executor.parallel:run_until_complete finished with '0'
[8.759s] DEBUG:colcon.colcon_core.event_reactor:joining thread
[8.796s] INFO:colcon.colcon_core.plugin_system:Skipping extension 'colcon_notification.desktop_notification.terminal_notifier': Not used on non-Darwin systems
[8.796s] INFO:colcon.colcon_core.plugin_system:Skipping extension 'colcon_notification.desktop_notification.win32': Not used on non-Windows systems
[8.796s] INFO:colcon.colcon_notification.desktop_notification:Sending desktop notification using 'notify2'
[8.806s] DEBUG:colcon.colcon_core.event_reactor:joined thread
[8.851s] INFO:colcon.colcon_core.plugin_system:Skipping extension 'colcon_core.shell.bat': Not used on non-Windows systems
[8.852s] INFO:colcon.colcon_core.shell:Creating prefix script '/home/youssef/Documents/ROS/ros2_new_ws/install/local_setup.ps1'
[8.860s] INFO:colcon.colcon_core.shell:Creating prefix util module '/home/youssef/Documents/ROS/ros2_new_ws/install/_local_setup_util_ps1.py'
[8.901s] INFO:colcon.colcon_core.shell:Creating prefix chain script '/home/youssef/Documents/ROS/ros2_new_ws/install/setup.ps1'
[8.902s] INFO:colcon.colcon_core.shell:Creating prefix script '/home/youssef/Documents/ROS/ros2_new_ws/install/local_setup.sh'
[8.910s] INFO:colcon.colcon_core.shell:Creating prefix util module '/home/youssef/Documents/ROS/ros2_new_ws/install/_local_setup_util_sh.py'
[8.911s] INFO:colcon.colcon_core.shell:Creating prefix chain script '/home/youssef/Documents/ROS/ros2_new_ws/install/setup.sh'
[8.912s] INFO:colcon.colcon_core.shell:Creating prefix script '/home/youssef/Documents/ROS/ros2_new_ws/install/local_setup.bash'
[8.913s] INFO:colcon.colcon_core.shell:Creating prefix chain script '/home/youssef/Documents/ROS/ros2_new_ws/install/setup.bash'
[8.914s] INFO:colcon.colcon_core.shell:Creating prefix script '/home/youssef/Documents/ROS/ros2_new_ws/install/local_setup.zsh'
[8.923s] INFO:colcon.colcon_core.shell:Creating prefix chain script '/home/youssef/Documents/ROS/ros2_new_ws/install/setup.zsh'
