[0.133s] Invoking command in '/home/youssef/Documents/ROS/ros2_new_ws/build/my_robot_bringup': CMAKE_PREFIX_PATH=/home/youssef/Documents/ROS/ros2_new_ws/install/my_robot_description:/home/youssef/Documents/ROS/ros2_new_ws/install/my_robot_bringup:/home/youssef/install/my_cpp_pkg:/home/youssef/Documents/ROS/ros2_ws/install/my_lidar_world:/home/youssef/Documents/ROS/ros2_ws/install/my_cpp_pkg:/home/youssef/install/my_py_pkg:/home/youssef/Documents/ROS/ros2_ws/install/my_py_pkg:/opt/ros/humble /usr/bin/cmake /home/youssef/Documents/ROS/ros2_new_ws/src/my_robot_bringup -DCMAKE_INSTALL_PREFIX=/home/youssef/Documents/ROS/ros2_new_ws/install/my_robot_bringup
[0.240s] -- Found ament_cmake: 1.3.10 (/opt/ros/humble/share/ament_cmake/cmake)
[0.545s] -- Override CMake install command with custom implementation using symlinks instead of copying resources
[1.074s] -- Configuring done
[1.301s] -- Generating done
[1.307s] -- Build files have been written to: /home/youssef/Documents/ROS/ros2_new_ws/build/my_robot_bringup
[1.314s] Invoked command in '/home/youssef/Documents/ROS/ros2_new_ws/build/my_robot_bringup' returned '0': CMAKE_PREFIX_PATH=/home/youssef/Documents/ROS/ros2_new_ws/install/my_robot_description:/home/youssef/Documents/ROS/ros2_new_ws/install/my_robot_bringup:/home/youssef/install/my_cpp_pkg:/home/youssef/Documents/ROS/ros2_ws/install/my_lidar_world:/home/youssef/Documents/ROS/ros2_ws/install/my_cpp_pkg:/home/youssef/install/my_py_pkg:/home/youssef/Documents/ROS/ros2_ws/install/my_py_pkg:/opt/ros/humble /usr/bin/cmake /home/youssef/Documents/ROS/ros2_new_ws/src/my_robot_bringup -DCMAKE_INSTALL_PREFIX=/home/youssef/Documents/ROS/ros2_new_ws/install/my_robot_bringup
[1.318s] Invoking command in '/home/youssef/Documents/ROS/ros2_new_ws/build/my_robot_bringup': CMAKE_PREFIX_PATH=/home/youssef/Documents/ROS/ros2_new_ws/install/my_robot_description:/home/youssef/Documents/ROS/ros2_new_ws/install/my_robot_bringup:/home/youssef/install/my_cpp_pkg:/home/youssef/Documents/ROS/ros2_ws/install/my_lidar_world:/home/youssef/Documents/ROS/ros2_ws/install/my_cpp_pkg:/home/youssef/install/my_py_pkg:/home/youssef/Documents/ROS/ros2_ws/install/my_py_pkg:/opt/ros/humble /usr/bin/cmake --build /home/youssef/Documents/ROS/ros2_new_ws/build/my_robot_bringup -- -j8 -l8
[1.353s] Invoked command in '/home/youssef/Documents/ROS/ros2_new_ws/build/my_robot_bringup' returned '0': CMAKE_PREFIX_PATH=/home/youssef/Documents/ROS/ros2_new_ws/install/my_robot_description:/home/youssef/Documents/ROS/ros2_new_ws/install/my_robot_bringup:/home/youssef/install/my_cpp_pkg:/home/youssef/Documents/ROS/ros2_ws/install/my_lidar_world:/home/youssef/Documents/ROS/ros2_ws/install/my_cpp_pkg:/home/youssef/install/my_py_pkg:/home/youssef/Documents/ROS/ros2_ws/install/my_py_pkg:/opt/ros/humble /usr/bin/cmake --build /home/youssef/Documents/ROS/ros2_new_ws/build/my_robot_bringup -- -j8 -l8
[1.403s] Invoking command in '/home/youssef/Documents/ROS/ros2_new_ws/build/my_robot_bringup': CMAKE_PREFIX_PATH=/home/youssef/Documents/ROS/ros2_new_ws/install/my_robot_description:/home/youssef/Documents/ROS/ros2_new_ws/install/my_robot_bringup:/home/youssef/install/my_cpp_pkg:/home/youssef/Documents/ROS/ros2_ws/install/my_lidar_world:/home/youssef/Documents/ROS/ros2_ws/install/my_cpp_pkg:/home/youssef/install/my_py_pkg:/home/youssef/Documents/ROS/ros2_ws/install/my_py_pkg:/opt/ros/humble /usr/bin/cmake --install /home/youssef/Documents/ROS/ros2_new_ws/build/my_robot_bringup
[1.425s] -- Install configuration: ""
[1.426s] -- Execute custom install script
[1.467s] -- Up-to-date symlink: /home/youssef/Documents/ROS/ros2_new_ws/install/my_robot_bringup/share/my_robot_bringup//launch/my_robot_gazebo.launch.xml
[1.556s] -- Up-to-date symlink: /home/youssef/Documents/ROS/ros2_new_ws/install/my_robot_bringup/share/my_robot_bringup//rviz/urdf_config.rviz
[1.713s] -- Up-to-date symlink: /home/youssef/Documents/ROS/ros2_new_ws/install/my_robot_bringup/share/my_robot_bringup//worlds/test_world.world
[1.713s] -- Up-to-date symlink: /home/youssef/Documents/ROS/ros2_new_ws/install/my_robot_bringup/share/ament_index/resource_index/package_run_dependencies/my_robot_bringup
[1.721s] -- Up-to-date symlink: /home/youssef/Documents/ROS/ros2_new_ws/install/my_robot_bringup/share/ament_index/resource_index/parent_prefix_path/my_robot_bringup
[1.743s] -- Up-to-date symlink: /home/youssef/Documents/ROS/ros2_new_ws/install/my_robot_bringup/share/my_robot_bringup/environment/ament_prefix_path.sh
[1.744s] -- Up-to-date symlink: /home/youssef/Documents/ROS/ros2_new_ws/install/my_robot_bringup/share/my_robot_bringup/environment/ament_prefix_path.dsv
[1.745s] -- Up-to-date symlink: /home/youssef/Documents/ROS/ros2_new_ws/install/my_robot_bringup/share/my_robot_bringup/environment/path.sh
[1.746s] -- Up-to-date symlink: /home/youssef/Documents/ROS/ros2_new_ws/install/my_robot_bringup/share/my_robot_bringup/environment/path.dsv
[1.747s] -- Up-to-date symlink: /home/youssef/Documents/ROS/ros2_new_ws/install/my_robot_bringup/share/my_robot_bringup/local_setup.bash
[1.748s] -- Up-to-date symlink: /home/youssef/Documents/ROS/ros2_new_ws/install/my_robot_bringup/share/my_robot_bringup/local_setup.sh
[1.749s] -- Up-to-date symlink: /home/youssef/Documents/ROS/ros2_new_ws/install/my_robot_bringup/share/my_robot_bringup/local_setup.zsh
[1.750s] -- Up-to-date symlink: /home/youssef/Documents/ROS/ros2_new_ws/install/my_robot_bringup/share/my_robot_bringup/local_setup.dsv
[1.750s] -- Symlinking: /home/youssef/Documents/ROS/ros2_new_ws/install/my_robot_bringup/share/my_robot_bringup/package.dsv
[1.764s] -- Up-to-date symlink: /home/youssef/Documents/ROS/ros2_new_ws/install/my_robot_bringup/share/ament_index/resource_index/packages/my_robot_bringup
[1.764s] -- Up-to-date symlink: /home/youssef/Documents/ROS/ros2_new_ws/install/my_robot_bringup/share/my_robot_bringup/cmake/my_robot_bringupConfig.cmake
[1.764s] -- Up-to-date symlink: /home/youssef/Documents/ROS/ros2_new_ws/install/my_robot_bringup/share/my_robot_bringup/cmake/my_robot_bringupConfig-version.cmake
[1.764s] -- Up-to-date symlink: /home/youssef/Documents/ROS/ros2_new_ws/install/my_robot_bringup/share/my_robot_bringup/package.xml
[1.767s] Invoked command in '/home/youssef/Documents/ROS/ros2_new_ws/build/my_robot_bringup' returned '0': CMAKE_PREFIX_PATH=/home/youssef/Documents/ROS/ros2_new_ws/install/my_robot_description:/home/youssef/Documents/ROS/ros2_new_ws/install/my_robot_bringup:/home/youssef/install/my_cpp_pkg:/home/youssef/Documents/ROS/ros2_ws/install/my_lidar_world:/home/youssef/Documents/ROS/ros2_ws/install/my_cpp_pkg:/home/youssef/install/my_py_pkg:/home/youssef/Documents/ROS/ros2_ws/install/my_py_pkg:/opt/ros/humble /usr/bin/cmake --install /home/youssef/Documents/ROS/ros2_new_ws/build/my_robot_bringup
