[0.121s] DEBUG:colcon:Command line arguments: ['/usr/bin/colcon', 'build', '--symlink-install']
[0.121s] DEBUG:colcon:Parsed command line arguments: Namespace(log_base=None, log_level=None, verb_name='build', build_base='build', install_base='install', merge_install=False, symlink_install=True, test_result_base=None, continue_on_error=False, executor='parallel', parallel_workers=8, event_handlers=None, ignore_user_meta=False, metas=['./colcon.meta'], base_paths=['.'], packages_ignore=None, packages_ignore_regex=None, paths=None, packages_up_to=None, packages_up_to_regex=None, packages_above=None, packages_above_and_dependencies=None, packages_above_depth=None, packages_select_by_dep=None, packages_skip_by_dep=None, packages_skip_up_to=None, packages_select_build_failed=False, packages_skip_build_finished=False, packages_select_test_failures=False, packages_skip_test_passed=False, packages_select=None, packages_skip=None, packages_select_regex=None, packages_skip_regex=None, packages_start=None, packages_end=None, allow_overriding=[], cmake_args=None, cmake_target=None, cmake_target_skip_unavailable=False, cmake_clean_cache=False, cmake_clean_first=False, cmake_force_configure=False, ament_cmake_args=None, catkin_cmake_args=None, catkin_skip_building_tests=False, verb_parser=<colcon_defaults.argument_parser.defaults.DefaultArgumentsDecorator object at 0x7f52aac4dcf0>, verb_extension=<colcon_core.verb.build.BuildVerb object at 0x7f52aac4d7e0>, main=<bound method BuildVerb.main of <colcon_core.verb.build.BuildVerb object at 0x7f52aac4d7e0>>)
[8.251s] Level 1:colcon.colcon_core.package_discovery:discover_packages(colcon_meta) check parameters
[8.252s] Level 1:colcon.colcon_core.package_discovery:discover_packages(recursive) check parameters
[8.252s] Level 1:colcon.colcon_core.package_discovery:discover_packages(ignore) check parameters
[8.252s] Level 1:colcon.colcon_core.package_discovery:discover_packages(path) check parameters
[8.252s] Level 1:colcon.colcon_core.package_discovery:discover_packages(colcon_meta) discover
[8.253s] Level 1:colcon.colcon_core.package_discovery:discover_packages(recursive) discover
[8.253s] INFO:colcon.colcon_core.package_discovery:Crawling recursively for packages in '/home/youssef/Documents/ROS/ros2_new_ws'
[8.253s] Level 1:colcon.colcon_core.package_identification:_identify(.) by extensions ['ignore', 'ignore_ament_install']
[8.254s] Level 1:colcon.colcon_core.package_identification:_identify(.) by extension 'ignore'
[8.254s] Level 1:colcon.colcon_core.package_identification:_identify(.) by extension 'ignore_ament_install'
[8.254s] Level 1:colcon.colcon_core.package_identification:_identify(.) by extensions ['colcon_pkg']
[8.254s] Level 1:colcon.colcon_core.package_identification:_identify(.) by extension 'colcon_pkg'
[8.254s] Level 1:colcon.colcon_core.package_identification:_identify(.) by extensions ['colcon_meta']
[8.255s] Level 1:colcon.colcon_core.package_identification:_identify(.) by extension 'colcon_meta'
[8.255s] Level 1:colcon.colcon_core.package_identification:_identify(.) by extensions ['ros']
[8.255s] Level 1:colcon.colcon_core.package_identification:_identify(.) by extension 'ros'
[8.290s] Level 1:colcon.colcon_core.package_identification:_identify(.) by extensions ['cmake', 'python']
[8.290s] Level 1:colcon.colcon_core.package_identification:_identify(.) by extension 'cmake'
[8.290s] Level 1:colcon.colcon_core.package_identification:_identify(.) by extension 'python'
[8.291s] Level 1:colcon.colcon_core.package_identification:_identify(.) by extensions ['python_setup_py']
[8.291s] Level 1:colcon.colcon_core.package_identification:_identify(.) by extension 'python_setup_py'
[8.291s] Level 1:colcon.colcon_core.package_identification:_identify(build) by extensions ['ignore', 'ignore_ament_install']
[8.291s] Level 1:colcon.colcon_core.package_identification:_identify(build) by extension 'ignore'
[8.291s] Level 1:colcon.colcon_core.package_identification:_identify(build) ignored
[8.291s] Level 1:colcon.colcon_core.package_identification:_identify(install) by extensions ['ignore', 'ignore_ament_install']
[8.291s] Level 1:colcon.colcon_core.package_identification:_identify(install) by extension 'ignore'
[8.291s] Level 1:colcon.colcon_core.package_identification:_identify(install) ignored
[8.292s] Level 1:colcon.colcon_core.package_identification:_identify(log) by extensions ['ignore', 'ignore_ament_install']
[8.292s] Level 1:colcon.colcon_core.package_identification:_identify(log) by extension 'ignore'
[8.292s] Level 1:colcon.colcon_core.package_identification:_identify(log) ignored
[8.292s] Level 1:colcon.colcon_core.package_identification:_identify(src) by extensions ['ignore', 'ignore_ament_install']
[8.292s] Level 1:colcon.colcon_core.package_identification:_identify(src) by extension 'ignore'
[8.292s] Level 1:colcon.colcon_core.package_identification:_identify(src) by extension 'ignore_ament_install'
[8.292s] Level 1:colcon.colcon_core.package_identification:_identify(src) by extensions ['colcon_pkg']
[8.292s] Level 1:colcon.colcon_core.package_identification:_identify(src) by extension 'colcon_pkg'
[8.292s] Level 1:colcon.colcon_core.package_identification:_identify(src) by extensions ['colcon_meta']
[8.292s] Level 1:colcon.colcon_core.package_identification:_identify(src) by extension 'colcon_meta'
[8.293s] Level 1:colcon.colcon_core.package_identification:_identify(src) by extensions ['ros']
[8.293s] Level 1:colcon.colcon_core.package_identification:_identify(src) by extension 'ros'
[8.293s] Level 1:colcon.colcon_core.package_identification:_identify(src) by extensions ['cmake', 'python']
[8.293s] Level 1:colcon.colcon_core.package_identification:_identify(src) by extension 'cmake'
[8.293s] Level 1:colcon.colcon_core.package_identification:_identify(src) by extension 'python'
[8.293s] Level 1:colcon.colcon_core.package_identification:_identify(src) by extensions ['python_setup_py']
[8.293s] Level 1:colcon.colcon_core.package_identification:_identify(src) by extension 'python_setup_py'
[8.293s] Level 1:colcon.colcon_core.package_identification:_identify(src/my_robot_bringup) by extensions ['ignore', 'ignore_ament_install']
[8.293s] Level 1:colcon.colcon_core.package_identification:_identify(src/my_robot_bringup) by extension 'ignore'
[8.294s] Level 1:colcon.colcon_core.package_identification:_identify(src/my_robot_bringup) by extension 'ignore_ament_install'
[8.294s] Level 1:colcon.colcon_core.package_identification:_identify(src/my_robot_bringup) by extensions ['colcon_pkg']
[8.294s] Level 1:colcon.colcon_core.package_identification:_identify(src/my_robot_bringup) by extension 'colcon_pkg'
[8.294s] Level 1:colcon.colcon_core.package_identification:_identify(src/my_robot_bringup) by extensions ['colcon_meta']
[8.294s] Level 1:colcon.colcon_core.package_identification:_identify(src/my_robot_bringup) by extension 'colcon_meta'
[8.294s] Level 1:colcon.colcon_core.package_identification:_identify(src/my_robot_bringup) by extensions ['ros']
[8.294s] Level 1:colcon.colcon_core.package_identification:_identify(src/my_robot_bringup) by extension 'ros'
[8.334s] DEBUG:colcon.colcon_core.package_identification:Package 'src/my_robot_bringup' with type 'ros.ament_cmake' and name 'my_robot_bringup'
[8.334s] Level 1:colcon.colcon_core.package_identification:_identify(src/my_robot_description) by extensions ['ignore', 'ignore_ament_install']
[8.335s] Level 1:colcon.colcon_core.package_identification:_identify(src/my_robot_description) by extension 'ignore'
[8.335s] Level 1:colcon.colcon_core.package_identification:_identify(src/my_robot_description) by extension 'ignore_ament_install'
[8.335s] Level 1:colcon.colcon_core.package_identification:_identify(src/my_robot_description) by extensions ['colcon_pkg']
[8.336s] Level 1:colcon.colcon_core.package_identification:_identify(src/my_robot_description) by extension 'colcon_pkg'
[8.336s] Level 1:colcon.colcon_core.package_identification:_identify(src/my_robot_description) by extensions ['colcon_meta']
[8.336s] Level 1:colcon.colcon_core.package_identification:_identify(src/my_robot_description) by extension 'colcon_meta'
[8.336s] Level 1:colcon.colcon_core.package_identification:_identify(src/my_robot_description) by extensions ['ros']
[8.336s] Level 1:colcon.colcon_core.package_identification:_identify(src/my_robot_description) by extension 'ros'
[8.346s] DEBUG:colcon.colcon_core.package_identification:Package 'src/my_robot_description' with type 'ros.ament_cmake' and name 'my_robot_description'
[8.346s] Level 1:colcon.colcon_core.package_discovery:discover_packages(recursive) using defaults
[8.347s] Level 1:colcon.colcon_core.package_discovery:discover_packages(ignore) discover
[8.347s] Level 1:colcon.colcon_core.package_discovery:discover_packages(ignore) using defaults
[8.347s] Level 1:colcon.colcon_core.package_discovery:discover_packages(path) discover
[8.347s] Level 1:colcon.colcon_core.package_discovery:discover_packages(path) using defaults
[8.830s] Level 1:colcon.colcon_core.package_discovery:discover_packages(prefix_path) check parameters
[8.830s] Level 1:colcon.colcon_core.package_discovery:discover_packages(prefix_path) discover
[8.870s] DEBUG:colcon.colcon_installed_package_information.package_discovery:Found 2 installed packages in /home/youssef/Documents/ROS/ros2_new_ws/install
[8.870s] DEBUG:colcon.colcon_installed_package_information.package_discovery:Found 3 installed packages in /home/youssef/Documents/ROS/ros2_ws/install
[8.871s] DEBUG:colcon.colcon_installed_package_information.package_discovery:Found 2 installed packages in /home/youssef/install
[8.873s] DEBUG:colcon.colcon_installed_package_information.package_discovery:Found 317 installed packages in /opt/ros/humble
[8.875s] Level 1:colcon.colcon_core.package_discovery:discover_packages(prefix_path) using defaults
[9.327s] Level 5:colcon.colcon_core.verb:set package 'my_robot_description' build argument 'cmake_args' from command line to 'None'
[9.327s] Level 5:colcon.colcon_core.verb:set package 'my_robot_description' build argument 'cmake_target' from command line to 'None'
[9.327s] Level 5:colcon.colcon_core.verb:set package 'my_robot_description' build argument 'cmake_target_skip_unavailable' from command line to 'False'
[9.327s] Level 5:colcon.colcon_core.verb:set package 'my_robot_description' build argument 'cmake_clean_cache' from command line to 'False'
[9.327s] Level 5:colcon.colcon_core.verb:set package 'my_robot_description' build argument 'cmake_clean_first' from command line to 'False'
[9.327s] Level 5:colcon.colcon_core.verb:set package 'my_robot_description' build argument 'cmake_force_configure' from command line to 'False'
[9.327s] Level 5:colcon.colcon_core.verb:set package 'my_robot_description' build argument 'ament_cmake_args' from command line to 'None'
[9.327s] Level 5:colcon.colcon_core.verb:set package 'my_robot_description' build argument 'catkin_cmake_args' from command line to 'None'
[9.327s] Level 5:colcon.colcon_core.verb:set package 'my_robot_description' build argument 'catkin_skip_building_tests' from command line to 'False'
[9.327s] DEBUG:colcon.colcon_core.verb:Building package 'my_robot_description' with the following arguments: {'ament_cmake_args': None, 'build_base': '/home/youssef/Documents/ROS/ros2_new_ws/build/my_robot_description', 'catkin_cmake_args': None, 'catkin_skip_building_tests': False, 'cmake_args': None, 'cmake_clean_cache': False, 'cmake_clean_first': False, 'cmake_force_configure': False, 'cmake_target': None, 'cmake_target_skip_unavailable': False, 'install_base': '/home/youssef/Documents/ROS/ros2_new_ws/install/my_robot_description', 'merge_install': False, 'path': '/home/youssef/Documents/ROS/ros2_new_ws/src/my_robot_description', 'symlink_install': True, 'test_result_base': None}
[9.327s] Level 5:colcon.colcon_core.verb:set package 'my_robot_bringup' build argument 'cmake_args' from command line to 'None'
[9.327s] Level 5:colcon.colcon_core.verb:set package 'my_robot_bringup' build argument 'cmake_target' from command line to 'None'
[9.327s] Level 5:colcon.colcon_core.verb:set package 'my_robot_bringup' build argument 'cmake_target_skip_unavailable' from command line to 'False'
[9.327s] Level 5:colcon.colcon_core.verb:set package 'my_robot_bringup' build argument 'cmake_clean_cache' from command line to 'False'
[9.327s] Level 5:colcon.colcon_core.verb:set package 'my_robot_bringup' build argument 'cmake_clean_first' from command line to 'False'
[9.327s] Level 5:colcon.colcon_core.verb:set package 'my_robot_bringup' build argument 'cmake_force_configure' from command line to 'False'
[9.327s] Level 5:colcon.colcon_core.verb:set package 'my_robot_bringup' build argument 'ament_cmake_args' from command line to 'None'
[9.327s] Level 5:colcon.colcon_core.verb:set package 'my_robot_bringup' build argument 'catkin_cmake_args' from command line to 'None'
[9.327s] Level 5:colcon.colcon_core.verb:set package 'my_robot_bringup' build argument 'catkin_skip_building_tests' from command line to 'False'
[9.328s] DEBUG:colcon.colcon_core.verb:Building package 'my_robot_bringup' with the following arguments: {'ament_cmake_args': None, 'build_base': '/home/youssef/Documents/ROS/ros2_new_ws/build/my_robot_bringup', 'catkin_cmake_args': None, 'catkin_skip_building_tests': False, 'cmake_args': None, 'cmake_clean_cache': False, 'cmake_clean_first': False, 'cmake_force_configure': False, 'cmake_target': None, 'cmake_target_skip_unavailable': False, 'install_base': '/home/youssef/Documents/ROS/ros2_new_ws/install/my_robot_bringup', 'merge_install': False, 'path': '/home/youssef/Documents/ROS/ros2_new_ws/src/my_robot_bringup', 'symlink_install': True, 'test_result_base': None}
[9.328s] INFO:colcon.colcon_core.executor:Executing jobs using 'parallel' executor
[9.328s] DEBUG:colcon.colcon_parallel_executor.executor.parallel:run_until_complete
[9.329s] INFO:colcon.colcon_ros.task.ament_cmake.build:Building ROS package in '/home/youssef/Documents/ROS/ros2_new_ws/src/my_robot_description' with build type 'ament_cmake'
[9.329s] INFO:colcon.colcon_cmake.task.cmake.build:Building CMake package in '/home/youssef/Documents/ROS/ros2_new_ws/src/my_robot_description'
[9.469s] INFO:colcon.colcon_core.plugin_system:Skipping extension 'colcon_core.shell.bat': Not used on non-Windows systems
[9.470s] INFO:colcon.colcon_core.shell:Skip shell extension 'powershell' for command environment: Not usable outside of PowerShell
[9.470s] DEBUG:colcon.colcon_core.shell:Skip shell extension 'dsv' for command environment
[9.641s] DEBUG:colcon.colcon_core.event_handler.log_command:Invoking command in '/home/youssef/Documents/ROS/ros2_new_ws/build/my_robot_description': CMAKE_PREFIX_PATH=${CMAKE_PREFIX_PATH}:/home/youssef/install/my_py_pkg:/home/youssef/Documents/ROS/ros2_ws/install/my_py_pkg:/opt/ros/humble /usr/bin/cmake --build /home/youssef/Documents/ROS/ros2_new_ws/build/my_robot_description -- -j8 -l8
[10.309s] DEBUG:colcon.colcon_core.event_handler.log_command:Invoked command in '/home/youssef/Documents/ROS/ros2_new_ws/build/my_robot_description' returned '0': CMAKE_PREFIX_PATH=${CMAKE_PREFIX_PATH}:/home/youssef/install/my_py_pkg:/home/youssef/Documents/ROS/ros2_ws/install/my_py_pkg:/opt/ros/humble /usr/bin/cmake --build /home/youssef/Documents/ROS/ros2_new_ws/build/my_robot_description -- -j8 -l8
[10.435s] DEBUG:colcon.colcon_core.event_handler.log_command:Invoking command in '/home/youssef/Documents/ROS/ros2_new_ws/build/my_robot_description': CMAKE_PREFIX_PATH=${CMAKE_PREFIX_PATH}:/home/youssef/install/my_py_pkg:/home/youssef/Documents/ROS/ros2_ws/install/my_py_pkg:/opt/ros/humble /usr/bin/cmake --install /home/youssef/Documents/ROS/ros2_new_ws/build/my_robot_description
[10.610s] Level 1:colcon.colcon_core.environment:create_environment_scripts_only(my_robot_description)
[10.611s] DEBUG:colcon.colcon_core.event_handler.log_command:Invoked command in '/home/youssef/Documents/ROS/ros2_new_ws/build/my_robot_description' returned '0': CMAKE_PREFIX_PATH=${CMAKE_PREFIX_PATH}:/home/youssef/install/my_py_pkg:/home/youssef/Documents/ROS/ros2_ws/install/my_py_pkg:/opt/ros/humble /usr/bin/cmake --install /home/youssef/Documents/ROS/ros2_new_ws/build/my_robot_description
[10.717s] Level 1:colcon.colcon_core.environment:checking '/home/youssef/Documents/ROS/ros2_new_ws/install/my_robot_description' for CMake module files
[10.719s] Level 1:colcon.colcon_core.environment:checking '/home/youssef/Documents/ROS/ros2_new_ws/install/my_robot_description' for CMake config files
[10.724s] Level 1:colcon.colcon_core.shell:create_environment_hook('my_robot_description', 'cmake_prefix_path')
[10.725s] INFO:colcon.colcon_core.shell:Creating environment hook '/home/youssef/Documents/ROS/ros2_new_ws/install/my_robot_description/share/my_robot_description/hook/cmake_prefix_path.ps1'
[10.728s] INFO:colcon.colcon_core.shell:Creating environment descriptor '/home/youssef/Documents/ROS/ros2_new_ws/install/my_robot_description/share/my_robot_description/hook/cmake_prefix_path.dsv'
[10.730s] INFO:colcon.colcon_core.shell:Creating environment hook '/home/youssef/Documents/ROS/ros2_new_ws/install/my_robot_description/share/my_robot_description/hook/cmake_prefix_path.sh'
[10.734s] Level 1:colcon.colcon_core.environment:checking '/home/youssef/Documents/ROS/ros2_new_ws/install/my_robot_description/bin'
[10.734s] Level 1:colcon.colcon_core.environment:checking '/home/youssef/Documents/ROS/ros2_new_ws/install/my_robot_description/lib/pkgconfig/my_robot_description.pc'
[10.735s] Level 1:colcon.colcon_core.environment:checking '/home/youssef/Documents/ROS/ros2_new_ws/install/my_robot_description/lib/python3.10/site-packages'
[10.736s] Level 1:colcon.colcon_core.environment:checking '/home/youssef/Documents/ROS/ros2_new_ws/install/my_robot_description/bin'
[10.737s] INFO:colcon.colcon_core.shell:Creating package script '/home/youssef/Documents/ROS/ros2_new_ws/install/my_robot_description/share/my_robot_description/package.ps1'
[10.740s] INFO:colcon.colcon_core.shell:Creating package descriptor '/home/youssef/Documents/ROS/ros2_new_ws/install/my_robot_description/share/my_robot_description/package.dsv'
[10.742s] INFO:colcon.colcon_core.shell:Creating package script '/home/youssef/Documents/ROS/ros2_new_ws/install/my_robot_description/share/my_robot_description/package.sh'
[10.745s] INFO:colcon.colcon_core.shell:Creating package script '/home/youssef/Documents/ROS/ros2_new_ws/install/my_robot_description/share/my_robot_description/package.bash'
[10.749s] INFO:colcon.colcon_core.shell:Creating package script '/home/youssef/Documents/ROS/ros2_new_ws/install/my_robot_description/share/my_robot_description/package.zsh'
[10.784s] Level 1:colcon.colcon_core.environment:create_file_with_runtime_dependencies(/home/youssef/Documents/ROS/ros2_new_ws/install/my_robot_description/share/colcon-core/packages/my_robot_description)
[10.786s] Level 1:colcon.colcon_core.environment:create_environment_scripts_only(my_robot_description)
[10.786s] Level 1:colcon.colcon_core.environment:checking '/home/youssef/Documents/ROS/ros2_new_ws/install/my_robot_description' for CMake module files
[10.788s] Level 1:colcon.colcon_core.environment:checking '/home/youssef/Documents/ROS/ros2_new_ws/install/my_robot_description' for CMake config files
[10.789s] Level 1:colcon.colcon_core.shell:create_environment_hook('my_robot_description', 'cmake_prefix_path')
[10.790s] INFO:colcon.colcon_core.shell:Creating environment hook '/home/youssef/Documents/ROS/ros2_new_ws/install/my_robot_description/share/my_robot_description/hook/cmake_prefix_path.ps1'
[10.791s] INFO:colcon.colcon_core.shell:Creating environment descriptor '/home/youssef/Documents/ROS/ros2_new_ws/install/my_robot_description/share/my_robot_description/hook/cmake_prefix_path.dsv'
[10.793s] INFO:colcon.colcon_core.shell:Creating environment hook '/home/youssef/Documents/ROS/ros2_new_ws/install/my_robot_description/share/my_robot_description/hook/cmake_prefix_path.sh'
[10.794s] Level 1:colcon.colcon_core.environment:checking '/home/youssef/Documents/ROS/ros2_new_ws/install/my_robot_description/bin'
[10.795s] Level 1:colcon.colcon_core.environment:checking '/home/youssef/Documents/ROS/ros2_new_ws/install/my_robot_description/lib/pkgconfig/my_robot_description.pc'
[10.796s] Level 1:colcon.colcon_core.environment:checking '/home/youssef/Documents/ROS/ros2_new_ws/install/my_robot_description/lib/python3.10/site-packages'
[10.796s] Level 1:colcon.colcon_core.environment:checking '/home/youssef/Documents/ROS/ros2_new_ws/install/my_robot_description/bin'
[10.797s] INFO:colcon.colcon_core.shell:Creating package script '/home/youssef/Documents/ROS/ros2_new_ws/install/my_robot_description/share/my_robot_description/package.ps1'
[10.799s] INFO:colcon.colcon_core.shell:Creating package descriptor '/home/youssef/Documents/ROS/ros2_new_ws/install/my_robot_description/share/my_robot_description/package.dsv'
[10.801s] INFO:colcon.colcon_core.shell:Creating package script '/home/youssef/Documents/ROS/ros2_new_ws/install/my_robot_description/share/my_robot_description/package.sh'
[10.803s] INFO:colcon.colcon_core.shell:Creating package script '/home/youssef/Documents/ROS/ros2_new_ws/install/my_robot_description/share/my_robot_description/package.bash'
[10.804s] INFO:colcon.colcon_core.shell:Creating package script '/home/youssef/Documents/ROS/ros2_new_ws/install/my_robot_description/share/my_robot_description/package.zsh'
[10.805s] Level 1:colcon.colcon_core.environment:create_file_with_runtime_dependencies(/home/youssef/Documents/ROS/ros2_new_ws/install/my_robot_description/share/colcon-core/packages/my_robot_description)
[10.806s] INFO:colcon.colcon_ros.task.ament_cmake.build:Building ROS package in '/home/youssef/Documents/ROS/ros2_new_ws/src/my_robot_bringup' with build type 'ament_cmake'
[10.806s] INFO:colcon.colcon_cmake.task.cmake.build:Building CMake package in '/home/youssef/Documents/ROS/ros2_new_ws/src/my_robot_bringup'
[10.807s] INFO:colcon.colcon_core.shell:Skip shell extension 'powershell' for command environment: Not usable outside of PowerShell
[10.807s] DEBUG:colcon.colcon_core.shell:Skip shell extension 'dsv' for command environment
[10.915s] DEBUG:colcon.colcon_core.event_handler.log_command:Invoking command in '/home/youssef/Documents/ROS/ros2_new_ws/build/my_robot_bringup': CMAKE_PREFIX_PATH=/home/youssef/Documents/ROS/ros2_new_ws/install/my_robot_description:/home/youssef/Documents/ROS/ros2_new_ws/install/my_robot_bringup:/home/youssef/install/my_cpp_pkg:/home/youssef/Documents/ROS/ros2_ws/install/my_lidar_world:/home/youssef/Documents/ROS/ros2_ws/install/my_cpp_pkg:/home/youssef/install/my_py_pkg:/home/youssef/Documents/ROS/ros2_ws/install/my_py_pkg:/opt/ros/humble /usr/bin/cmake --build /home/youssef/Documents/ROS/ros2_new_ws/build/my_robot_bringup -- -j8 -l8
[11.001s] DEBUG:colcon.colcon_core.event_handler.log_command:Invoked command in '/home/youssef/Documents/ROS/ros2_new_ws/build/my_robot_bringup' returned '0': CMAKE_PREFIX_PATH=/home/youssef/Documents/ROS/ros2_new_ws/install/my_robot_description:/home/youssef/Documents/ROS/ros2_new_ws/install/my_robot_bringup:/home/youssef/install/my_cpp_pkg:/home/youssef/Documents/ROS/ros2_ws/install/my_lidar_world:/home/youssef/Documents/ROS/ros2_ws/install/my_cpp_pkg:/home/youssef/install/my_py_pkg:/home/youssef/Documents/ROS/ros2_ws/install/my_py_pkg:/opt/ros/humble /usr/bin/cmake --build /home/youssef/Documents/ROS/ros2_new_ws/build/my_robot_bringup -- -j8 -l8
[11.041s] DEBUG:colcon.colcon_core.event_handler.log_command:Invoking command in '/home/youssef/Documents/ROS/ros2_new_ws/build/my_robot_bringup': CMAKE_PREFIX_PATH=/home/youssef/Documents/ROS/ros2_new_ws/install/my_robot_description:/home/youssef/Documents/ROS/ros2_new_ws/install/my_robot_bringup:/home/youssef/install/my_cpp_pkg:/home/youssef/Documents/ROS/ros2_ws/install/my_lidar_world:/home/youssef/Documents/ROS/ros2_ws/install/my_cpp_pkg:/home/youssef/install/my_py_pkg:/home/youssef/Documents/ROS/ros2_ws/install/my_py_pkg:/opt/ros/humble /usr/bin/cmake --install /home/youssef/Documents/ROS/ros2_new_ws/build/my_robot_bringup
[11.147s] Level 1:colcon.colcon_core.environment:create_environment_scripts_only(my_robot_bringup)
[11.148s] Level 1:colcon.colcon_core.environment:checking '/home/youssef/Documents/ROS/ros2_new_ws/install/my_robot_bringup' for CMake module files
[11.150s] DEBUG:colcon.colcon_core.event_handler.log_command:Invoked command in '/home/youssef/Documents/ROS/ros2_new_ws/build/my_robot_bringup' returned '0': CMAKE_PREFIX_PATH=/home/youssef/Documents/ROS/ros2_new_ws/install/my_robot_description:/home/youssef/Documents/ROS/ros2_new_ws/install/my_robot_bringup:/home/youssef/install/my_cpp_pkg:/home/youssef/Documents/ROS/ros2_ws/install/my_lidar_world:/home/youssef/Documents/ROS/ros2_ws/install/my_cpp_pkg:/home/youssef/install/my_py_pkg:/home/youssef/Documents/ROS/ros2_ws/install/my_py_pkg:/opt/ros/humble /usr/bin/cmake --install /home/youssef/Documents/ROS/ros2_new_ws/build/my_robot_bringup
[11.151s] Level 1:colcon.colcon_core.environment:checking '/home/youssef/Documents/ROS/ros2_new_ws/install/my_robot_bringup' for CMake config files
[11.154s] Level 1:colcon.colcon_core.shell:create_environment_hook('my_robot_bringup', 'cmake_prefix_path')
[11.155s] INFO:colcon.colcon_core.shell:Creating environment hook '/home/youssef/Documents/ROS/ros2_new_ws/install/my_robot_bringup/share/my_robot_bringup/hook/cmake_prefix_path.ps1'
[11.156s] INFO:colcon.colcon_core.shell:Creating environment descriptor '/home/youssef/Documents/ROS/ros2_new_ws/install/my_robot_bringup/share/my_robot_bringup/hook/cmake_prefix_path.dsv'
[11.158s] INFO:colcon.colcon_core.shell:Creating environment hook '/home/youssef/Documents/ROS/ros2_new_ws/install/my_robot_bringup/share/my_robot_bringup/hook/cmake_prefix_path.sh'
[11.159s] Level 1:colcon.colcon_core.environment:checking '/home/youssef/Documents/ROS/ros2_new_ws/install/my_robot_bringup/bin'
[11.160s] Level 1:colcon.colcon_core.environment:checking '/home/youssef/Documents/ROS/ros2_new_ws/install/my_robot_bringup/lib/pkgconfig/my_robot_bringup.pc'
[11.160s] Level 1:colcon.colcon_core.environment:checking '/home/youssef/Documents/ROS/ros2_new_ws/install/my_robot_bringup/lib/python3.10/site-packages'
[11.161s] Level 1:colcon.colcon_core.environment:checking '/home/youssef/Documents/ROS/ros2_new_ws/install/my_robot_bringup/bin'
[11.162s] INFO:colcon.colcon_core.shell:Creating package script '/home/youssef/Documents/ROS/ros2_new_ws/install/my_robot_bringup/share/my_robot_bringup/package.ps1'
[11.164s] INFO:colcon.colcon_core.shell:Creating package descriptor '/home/youssef/Documents/ROS/ros2_new_ws/install/my_robot_bringup/share/my_robot_bringup/package.dsv'
[11.165s] INFO:colcon.colcon_core.shell:Creating package script '/home/youssef/Documents/ROS/ros2_new_ws/install/my_robot_bringup/share/my_robot_bringup/package.sh'
[11.166s] INFO:colcon.colcon_core.shell:Creating package script '/home/youssef/Documents/ROS/ros2_new_ws/install/my_robot_bringup/share/my_robot_bringup/package.bash'
[11.168s] INFO:colcon.colcon_core.shell:Creating package script '/home/youssef/Documents/ROS/ros2_new_ws/install/my_robot_bringup/share/my_robot_bringup/package.zsh'
[11.169s] Level 1:colcon.colcon_core.environment:create_file_with_runtime_dependencies(/home/youssef/Documents/ROS/ros2_new_ws/install/my_robot_bringup/share/colcon-core/packages/my_robot_bringup)
[11.171s] Level 1:colcon.colcon_core.environment:create_environment_scripts_only(my_robot_bringup)
[11.172s] Level 1:colcon.colcon_core.environment:checking '/home/youssef/Documents/ROS/ros2_new_ws/install/my_robot_bringup' for CMake module files
[11.173s] Level 1:colcon.colcon_core.environment:checking '/home/youssef/Documents/ROS/ros2_new_ws/install/my_robot_bringup' for CMake config files
[11.174s] Level 1:colcon.colcon_core.shell:create_environment_hook('my_robot_bringup', 'cmake_prefix_path')
[11.175s] INFO:colcon.colcon_core.shell:Creating environment hook '/home/youssef/Documents/ROS/ros2_new_ws/install/my_robot_bringup/share/my_robot_bringup/hook/cmake_prefix_path.ps1'
[11.176s] INFO:colcon.colcon_core.shell:Creating environment descriptor '/home/youssef/Documents/ROS/ros2_new_ws/install/my_robot_bringup/share/my_robot_bringup/hook/cmake_prefix_path.dsv'
[11.177s] INFO:colcon.colcon_core.shell:Creating environment hook '/home/youssef/Documents/ROS/ros2_new_ws/install/my_robot_bringup/share/my_robot_bringup/hook/cmake_prefix_path.sh'
[11.178s] Level 1:colcon.colcon_core.environment:checking '/home/youssef/Documents/ROS/ros2_new_ws/install/my_robot_bringup/bin'
[11.178s] Level 1:colcon.colcon_core.environment:checking '/home/youssef/Documents/ROS/ros2_new_ws/install/my_robot_bringup/lib/pkgconfig/my_robot_bringup.pc'
[11.179s] Level 1:colcon.colcon_core.environment:checking '/home/youssef/Documents/ROS/ros2_new_ws/install/my_robot_bringup/lib/python3.10/site-packages'
[11.179s] Level 1:colcon.colcon_core.environment:checking '/home/youssef/Documents/ROS/ros2_new_ws/install/my_robot_bringup/bin'
[11.180s] INFO:colcon.colcon_core.shell:Creating package script '/home/youssef/Documents/ROS/ros2_new_ws/install/my_robot_bringup/share/my_robot_bringup/package.ps1'
[11.181s] INFO:colcon.colcon_core.shell:Creating package descriptor '/home/youssef/Documents/ROS/ros2_new_ws/install/my_robot_bringup/share/my_robot_bringup/package.dsv'
[11.182s] INFO:colcon.colcon_core.shell:Creating package script '/home/youssef/Documents/ROS/ros2_new_ws/install/my_robot_bringup/share/my_robot_bringup/package.sh'
[11.183s] INFO:colcon.colcon_core.shell:Creating package script '/home/youssef/Documents/ROS/ros2_new_ws/install/my_robot_bringup/share/my_robot_bringup/package.bash'
[11.184s] INFO:colcon.colcon_core.shell:Creating package script '/home/youssef/Documents/ROS/ros2_new_ws/install/my_robot_bringup/share/my_robot_bringup/package.zsh'
[11.184s] Level 1:colcon.colcon_core.environment:create_file_with_runtime_dependencies(/home/youssef/Documents/ROS/ros2_new_ws/install/my_robot_bringup/share/colcon-core/packages/my_robot_bringup)
[11.185s] DEBUG:colcon.colcon_parallel_executor.executor.parallel:closing loop
[11.185s] DEBUG:colcon.colcon_parallel_executor.executor.parallel:loop closed
[11.185s] DEBUG:colcon.colcon_parallel_executor.executor.parallel:run_until_complete finished with '0'
[11.185s] DEBUG:colcon.colcon_core.event_reactor:joining thread
[11.278s] INFO:colcon.colcon_core.plugin_system:Skipping extension 'colcon_notification.desktop_notification.terminal_notifier': Not used on non-Darwin systems
[11.278s] INFO:colcon.colcon_core.plugin_system:Skipping extension 'colcon_notification.desktop_notification.win32': Not used on non-Windows systems
[11.278s] INFO:colcon.colcon_notification.desktop_notification:Sending desktop notification using 'notify2'
[11.319s] DEBUG:colcon.colcon_core.event_reactor:joined thread
[11.319s] INFO:colcon.colcon_core.shell:Creating prefix script '/home/youssef/Documents/ROS/ros2_new_ws/install/local_setup.ps1'
[11.321s] INFO:colcon.colcon_core.shell:Creating prefix util module '/home/youssef/Documents/ROS/ros2_new_ws/install/_local_setup_util_ps1.py'
[11.324s] INFO:colcon.colcon_core.shell:Creating prefix chain script '/home/youssef/Documents/ROS/ros2_new_ws/install/setup.ps1'
[11.326s] INFO:colcon.colcon_core.shell:Creating prefix script '/home/youssef/Documents/ROS/ros2_new_ws/install/local_setup.sh'
[11.327s] INFO:colcon.colcon_core.shell:Creating prefix util module '/home/youssef/Documents/ROS/ros2_new_ws/install/_local_setup_util_sh.py'
[11.328s] INFO:colcon.colcon_core.shell:Creating prefix chain script '/home/youssef/Documents/ROS/ros2_new_ws/install/setup.sh'
[11.330s] INFO:colcon.colcon_core.shell:Creating prefix script '/home/youssef/Documents/ROS/ros2_new_ws/install/local_setup.bash'
[11.331s] INFO:colcon.colcon_core.shell:Creating prefix chain script '/home/youssef/Documents/ROS/ros2_new_ws/install/setup.bash'
[11.333s] INFO:colcon.colcon_core.shell:Creating prefix script '/home/youssef/Documents/ROS/ros2_new_ws/install/local_setup.zsh'
[11.333s] INFO:colcon.colcon_core.shell:Creating prefix chain script '/home/youssef/Documents/ROS/ros2_new_ws/install/setup.zsh'
