[0.084s] Invoking command in '/home/youssef/Documents/ROS/turtlebot3_ws/build/turtlebot3_gazebo': CMAKE_PREFIX_PATH=${CMAKE_PREFIX_PATH}:/home/youssef/install/my_py_pkg:/home/youssef/Documents/ROS/ros2_ws/install/my_py_pkg:/opt/ros/humble /usr/bin/cmake /home/youssef/Documents/ROS/turtlebot3_ws/src/turtlebot3_gazebo -DAMENT_CMAKE_SYMLINK_INSTALL=1 -DCMAKE_INSTALL_PREFIX=/home/youssef/Documents/ROS/turtlebot3_ws/install/turtlebot3_gazebo
[1.677s] -- The C compiler identification is GNU 11.4.0
[2.964s] -- The CXX compiler identification is GNU 11.4.0
[2.974s] -- Detecting C compiler ABI info
[3.167s] -- Detecting C compiler ABI info - done
[3.174s] -- Check for working C compiler: /usr/bin/cc - skipped
[3.174s] -- Detecting C compile features
[3.198s] -- Detecting C compile features - done
[3.210s] -- Detecting CXX compiler ABI info
[3.287s] -- Detecting CXX compiler ABI info - done
[3.294s] -- Check for working CXX compiler: /usr/bin/c++ - skipped
[3.294s] -- Detecting CXX compile features
[3.295s] -- Detecting CXX compile features - done
[3.465s] -- Found ament_cmake: 1.3.11 (/opt/ros/humble/share/ament_cmake/cmake)
[4.085s] -- Found Python3: /usr/bin/python3 (found version "3.10.12") found components: Interpreter 
[4.278s] -- Override CMake install command with custom implementation using symlinks instead of copying resources
[4.765s] [33mCMake Warning (dev) at /usr/share/cmake-3.22/Modules/FindPackageHandleStandardArgs.cmake:438 (message):
[4.765s]   The package name passed to `find_package_handle_standard_args` (PkgConfig)
[4.765s]   does not match the name of the calling package (gazebo).  This can lead to
[4.765s]   problems in calling code that expects `find_package` result variables
[4.766s]   (e.g., `_FOUND`) to follow a certain pattern.
[4.766s] Call Stack (most recent call first):
[4.766s]   /usr/share/cmake-3.22/Modules/FindPkgConfig.cmake:99 (find_package_handle_standard_args)
[4.767s]   /usr/lib/x86_64-linux-gnu/cmake/gazebo/gazebo-config.cmake:72 (include)
[4.767s]   CMakeLists.txt:23 (find_package)
[4.767s] This warning is for project developers.  Use -Wno-dev to suppress it.
[4.767s] [0m
[4.768s] -- Found PkgConfig: /usr/bin/pkg-config (found version "0.29.2") 
[4.799s] -- Checking for module 'bullet>=2.82'
[5.163s] --   Found bullet, version 3.05
[6.167s] -- Found fcl: /usr/include (found suitable version "0.7.0", minimum required is "0.5.0") 
[6.299s] -- Found assimp: /usr/include (found version "5.2.0") 
[7.206s] -- Found DART: /usr/include (Required is at least version "6.6") found components: dart 
[8.377s] -- Found Boost: /usr/lib/x86_64-linux-gnu/cmake/Boost-1.74.0/BoostConfig.cmake (found suitable version "1.74.0", minimum required is "1.40.0") found components: thread system filesystem program_options regex iostreams date_time 
[8.658s] -- Found Protobuf: /usr/lib/x86_64-linux-gnu/libprotobuf.so (found version "3.12.4") 
[8.847s] -- Looking for ignition-math6 -- found version 6.15.1
[9.464s] -- Searching for dependencies of ignition-math6
[9.589s] -- Looking for OGRE...
[9.591s] -- OGRE_PREFIX_WATCH changed.
[9.606s] -- Checking for module 'OGRE'
[9.642s] --   Found OGRE, version 1.9.0
[9.713s] -- Found Ogre Ghadamon (1.9.0)
[9.754s] -- Found OGRE: optimized;/usr/lib/x86_64-linux-gnu/libOgreMain.so;debug;/usr/lib/x86_64-linux-gnu/libOgreMain.so
[9.762s] -- Looking for OGRE_Paging...
[9.768s] -- Found OGRE_Paging: optimized;/usr/lib/x86_64-linux-gnu/libOgrePaging.so;debug;/usr/lib/x86_64-linux-gnu/libOgrePaging.so
[9.768s] -- Looking for OGRE_Terrain...
[9.773s] -- Found OGRE_Terrain: optimized;/usr/lib/x86_64-linux-gnu/libOgreTerrain.so;debug;/usr/lib/x86_64-linux-gnu/libOgreTerrain.so
[9.773s] -- Looking for OGRE_Property...
[9.789s] -- Found OGRE_Property: optimized;/usr/lib/x86_64-linux-gnu/libOgreProperty.so;debug;/usr/lib/x86_64-linux-gnu/libOgreProperty.so
[9.789s] -- Looking for OGRE_RTShaderSystem...
[9.796s] -- Found OGRE_RTShaderSystem: optimized;/usr/lib/x86_64-linux-gnu/libOgreRTShaderSystem.so;debug;/usr/lib/x86_64-linux-gnu/libOgreRTShaderSystem.so
[9.796s] -- Looking for OGRE_Volume...
[9.801s] -- Found OGRE_Volume: optimized;/usr/lib/x86_64-linux-gnu/libOgreVolume.so;debug;/usr/lib/x86_64-linux-gnu/libOgreVolume.so
[9.801s] -- Looking for OGRE_Overlay...
[9.806s] -- Found OGRE_Overlay: optimized;/usr/lib/x86_64-linux-gnu/libOgreOverlay.so;debug;/usr/lib/x86_64-linux-gnu/libOgreOverlay.so
[9.916s] -- Looking for ignition-math6 -- found version 6.15.1
[9.955s] -- Looking for ignition-transport8 -- found version 8.2.1
[9.956s] -- Searching for dependencies of ignition-transport8
[9.983s] -- Found Protobuf: /usr/lib/x86_64-linux-gnu/libprotobuf.so (found suitable version "3.12.4", minimum required is "3") 
[9.993s] -- Config-file not installed for ZeroMQ -- checking for pkg-config
[9.997s] -- Checking for module 'libzmq >= 4'
[10.249s] --   Found libzmq , version 4.3.4
[10.274s] -- Found ZeroMQ: TRUE (Required is at least version "4") 
[10.328s] -- Checking for module 'uuid'
[10.368s] --   Found uuid, version 2.37.2
[10.397s] -- Found UUID: TRUE  
[10.435s] -- Looking for ignition-msgs5 -- found version 5.8.1
[10.435s] -- Searching for dependencies of ignition-msgs5
[10.453s] -- Looking for ignition-math6 -- found version 6.15.1
[10.457s] -- Checking for module 'tinyxml2'
[10.525s] --   Found tinyxml2, version 9.0.0
[10.602s] -- Looking for ignition-msgs5 -- found version 5.8.1
[10.717s] -- Looking for ignition-common3 -- found version 3.14.0
[10.719s] -- Searching for dependencies of ignition-common3
[10.752s] -- Looking for dlfcn.h - found
[10.753s] -- Looking for libdl - found
[10.754s] -- Found DL: TRUE  
[10.765s] -- Found tinyobjloader: /usr/lib/x86_64-linux-gnu/cmake/tinyobjloader/tinyobjloader-config.cmake (found version "2.0.0") 
[10.766s] -- Searching for <ignition-common3> component [graphics]
[10.780s] -- Looking for ignition-common3-graphics -- found version 3.14.0
[10.780s] -- Searching for dependencies of ignition-common3-graphics
[10.781s] -- Looking for ignition-math6 -- found version 6.15.1
[10.839s] -- Looking for ignition-fuel_tools4 -- found version 4.4.0
[10.841s] -- Searching for dependencies of ignition-fuel_tools4
[11.110s] -- Found CURL: /usr/lib/x86_64-linux-gnu/libcurl.so (found version "7.81.0")  
[11.201s] -- Checking for module 'jsoncpp'
[11.240s] --   Found jsoncpp, version 1.9.5
[11.284s] -- Found JSONCPP: TRUE  
[11.289s] -- Checking for module 'libzip'
[11.362s] --   Found libzip, version 1.7.3
[11.428s] -- Found ZIP: TRUE  
[11.429s] -- Looking for ignition-common3 -- found version 3.14.0
[11.430s] -- Looking for ignition-math6 -- found version 6.15.1
[11.430s] -- Looking for ignition-msgs5 -- found version 5.8.1
[11.640s] -- Found gazebo_ros_pkgs: 3.7.0 (/opt/ros/humble/share/gazebo_ros_pkgs/cmake)
[11.646s] -- Found geometry_msgs: 4.2.4 (/opt/ros/humble/share/geometry_msgs/cmake)
[11.701s] -- Found rosidl_generator_c: 3.1.6 (/opt/ros/humble/share/rosidl_generator_c/cmake)
[11.706s] -- Found rosidl_adapter: 3.1.6 (/opt/ros/humble/share/rosidl_adapter/cmake)
[11.714s] -- Found rosidl_generator_cpp: 3.1.6 (/opt/ros/humble/share/rosidl_generator_cpp/cmake)
[11.727s] -- Using all available rosidl_typesupport_c: rosidl_typesupport_fastrtps_c;rosidl_typesupport_introspection_c
[11.743s] -- Using all available rosidl_typesupport_cpp: rosidl_typesupport_fastrtps_cpp;rosidl_typesupport_introspection_cpp
[11.782s] -- Found nav_msgs: 4.2.4 (/opt/ros/humble/share/nav_msgs/cmake)
[11.799s] -- Found rclcpp: 16.0.11 (/opt/ros/humble/share/rclcpp/cmake)
[11.836s] -- Found rmw_implementation_cmake: 6.1.2 (/opt/ros/humble/share/rmw_implementation_cmake/cmake)
[11.839s] -- Found rmw_cyclonedds_cpp: 1.3.4 (/opt/ros/humble/share/rmw_cyclonedds_cpp/cmake)
[11.861s] -- Using RMW implementation 'rmw_cyclonedds_cpp' as default
[11.870s] -- Found Threads: TRUE  
[11.908s] -- Found sensor_msgs: 4.2.4 (/opt/ros/humble/share/sensor_msgs/cmake)
[11.926s] -- Found tf2: 0.25.11 (/opt/ros/humble/share/tf2/cmake)
[11.999s] -- Configuring done
[14.227s] -- Generating done
[14.237s] -- Build files have been written to: /home/youssef/Documents/ROS/turtlebot3_ws/build/turtlebot3_gazebo
[14.248s] Invoked command in '/home/youssef/Documents/ROS/turtlebot3_ws/build/turtlebot3_gazebo' returned '0': CMAKE_PREFIX_PATH=${CMAKE_PREFIX_PATH}:/home/youssef/install/my_py_pkg:/home/youssef/Documents/ROS/ros2_ws/install/my_py_pkg:/opt/ros/humble /usr/bin/cmake /home/youssef/Documents/ROS/turtlebot3_ws/src/turtlebot3_gazebo -DAMENT_CMAKE_SYMLINK_INSTALL=1 -DCMAKE_INSTALL_PREFIX=/home/youssef/Documents/ROS/turtlebot3_ws/install/turtlebot3_gazebo
[14.249s] Invoking command in '/home/youssef/Documents/ROS/turtlebot3_ws/build/turtlebot3_gazebo': CMAKE_PREFIX_PATH=${CMAKE_PREFIX_PATH}:/home/youssef/install/my_py_pkg:/home/youssef/Documents/ROS/ros2_ws/install/my_py_pkg:/opt/ros/humble /usr/bin/cmake --build /home/youssef/Documents/ROS/turtlebot3_ws/build/turtlebot3_gazebo -- -j8 -l8
[14.293s] [ 25%] [32mBuilding CXX object CMakeFiles/obstacle1.dir/models/turtlebot3_dqn_world/obstacle_plugin/obstacle1.cc.o[0m
[14.293s] [ 25%] [32mBuilding CXX object CMakeFiles/turtlebot3_drive.dir/src/turtlebot3_drive.cpp.o[0m
[14.294s] [ 37%] [32mBuilding CXX object CMakeFiles/obstacle2.dir/models/turtlebot3_dqn_world/obstacle_plugin/obstacle2.cc.o[0m
[14.294s] [ 50%] [32mBuilding CXX object CMakeFiles/obstacles.dir/models/turtlebot3_dqn_world/obstacle_plugin/obstacles.cc.o[0m
[30.542s] [ 62%] [32m[1mLinking CXX executable turtlebot3_drive[0m
[32.626s] [ 62%] Built target turtlebot3_drive
[40.267s] [ 75%] [32m[1mLinking CXX shared library libobstacle2.so[0m
[40.279s] [ 87%] [32m[1mLinking CXX shared library libobstacles.so[0m
[40.309s] [100%] [32m[1mLinking CXX shared library libobstacle1.so[0m
[42.585s] [100%] Built target obstacle2
[42.585s] [100%] Built target obstacles
[42.586s] [100%] Built target obstacle1
[42.598s] Invoked command in '/home/youssef/Documents/ROS/turtlebot3_ws/build/turtlebot3_gazebo' returned '0': CMAKE_PREFIX_PATH=${CMAKE_PREFIX_PATH}:/home/youssef/install/my_py_pkg:/home/youssef/Documents/ROS/ros2_ws/install/my_py_pkg:/opt/ros/humble /usr/bin/cmake --build /home/youssef/Documents/ROS/turtlebot3_ws/build/turtlebot3_gazebo -- -j8 -l8
[42.599s] Invoking command in '/home/youssef/Documents/ROS/turtlebot3_ws/build/turtlebot3_gazebo': CMAKE_PREFIX_PATH=${CMAKE_PREFIX_PATH}:/home/youssef/install/my_py_pkg:/home/youssef/Documents/ROS/ros2_ws/install/my_py_pkg:/opt/ros/humble /usr/bin/cmake --install /home/youssef/Documents/ROS/turtlebot3_ws/build/turtlebot3_gazebo
[42.608s] -- Install configuration: ""
[42.608s] -- Execute custom install script
[42.609s] -- Symlinking: /home/youssef/Documents/ROS/turtlebot3_ws/install/turtlebot3_gazebo/lib/turtlebot3_gazebo/turtlebot3_drive
[42.618s] -- Symlinking: /home/youssef/Documents/ROS/turtlebot3_ws/install/turtlebot3_gazebo/share/turtlebot3_gazebo//launch/empty_world.launch.py
[42.626s] -- Symlinking: /home/youssef/Documents/ROS/turtlebot3_ws/install/turtlebot3_gazebo/share/turtlebot3_gazebo//launch/robot_state_publisher.launch.py
[42.635s] -- Symlinking: /home/youssef/Documents/ROS/turtlebot3_ws/install/turtlebot3_gazebo/share/turtlebot3_gazebo//launch/spawn_turtlebot3.launch.py
[42.642s] -- Symlinking: /home/youssef/Documents/ROS/turtlebot3_ws/install/turtlebot3_gazebo/share/turtlebot3_gazebo//launch/turtlebot3_dqn_stage1.launch.py
[42.650s] -- Symlinking: /home/youssef/Documents/ROS/turtlebot3_ws/install/turtlebot3_gazebo/share/turtlebot3_gazebo//launch/turtlebot3_dqn_stage2.launch.py
[42.658s] -- Symlinking: /home/youssef/Documents/ROS/turtlebot3_ws/install/turtlebot3_gazebo/share/turtlebot3_gazebo//launch/turtlebot3_dqn_stage3.launch.py
[42.665s] -- Symlinking: /home/youssef/Documents/ROS/turtlebot3_ws/install/turtlebot3_gazebo/share/turtlebot3_gazebo//launch/turtlebot3_dqn_stage4.launch.py
[42.673s] -- Symlinking: /home/youssef/Documents/ROS/turtlebot3_ws/install/turtlebot3_gazebo/share/turtlebot3_gazebo//launch/turtlebot3_house.launch.py
[42.682s] -- Symlinking: /home/youssef/Documents/ROS/turtlebot3_ws/install/turtlebot3_gazebo/share/turtlebot3_gazebo//launch/turtlebot3_world.launch.py
[42.690s] -- Symlinking: /home/youssef/Documents/ROS/turtlebot3_ws/install/turtlebot3_gazebo/share/turtlebot3_gazebo//models/turtlebot3_burger/model-1_4.sdf
[42.698s] -- Symlinking: /home/youssef/Documents/ROS/turtlebot3_ws/install/turtlebot3_gazebo/share/turtlebot3_gazebo//models/turtlebot3_burger/model.config
[42.706s] -- Symlinking: /home/youssef/Documents/ROS/turtlebot3_ws/install/turtlebot3_gazebo/share/turtlebot3_gazebo//models/turtlebot3_burger/model.sdf
[42.713s] -- Symlinking: /home/youssef/Documents/ROS/turtlebot3_ws/install/turtlebot3_gazebo/share/turtlebot3_gazebo//models/turtlebot3_common/meshes/burger_base.dae
[42.721s] -- Symlinking: /home/youssef/Documents/ROS/turtlebot3_ws/install/turtlebot3_gazebo/share/turtlebot3_gazebo//models/turtlebot3_common/meshes/lds.dae
[42.729s] -- Symlinking: /home/youssef/Documents/ROS/turtlebot3_ws/install/turtlebot3_gazebo/share/turtlebot3_gazebo//models/turtlebot3_common/meshes/r200.dae
[42.736s] -- Symlinking: /home/youssef/Documents/ROS/turtlebot3_ws/install/turtlebot3_gazebo/share/turtlebot3_gazebo//models/turtlebot3_common/meshes/tire.dae
[42.744s] -- Symlinking: /home/youssef/Documents/ROS/turtlebot3_ws/install/turtlebot3_gazebo/share/turtlebot3_gazebo//models/turtlebot3_common/meshes/waffle_base.dae
[42.752s] -- Symlinking: /home/youssef/Documents/ROS/turtlebot3_ws/install/turtlebot3_gazebo/share/turtlebot3_gazebo//models/turtlebot3_common/meshes/waffle_pi_base.dae
[42.760s] -- Symlinking: /home/youssef/Documents/ROS/turtlebot3_ws/install/turtlebot3_gazebo/share/turtlebot3_gazebo//models/turtlebot3_common/model.config
[42.768s] -- Symlinking: /home/youssef/Documents/ROS/turtlebot3_ws/install/turtlebot3_gazebo/share/turtlebot3_gazebo//models/turtlebot3_dqn_world/goal_box/model.config
[42.776s] -- Symlinking: /home/youssef/Documents/ROS/turtlebot3_ws/install/turtlebot3_gazebo/share/turtlebot3_gazebo//models/turtlebot3_dqn_world/goal_box/model.sdf
[42.784s] -- Symlinking: /home/youssef/Documents/ROS/turtlebot3_ws/install/turtlebot3_gazebo/share/turtlebot3_gazebo//models/turtlebot3_dqn_world/inner_walls/model.config
[42.791s] -- Symlinking: /home/youssef/Documents/ROS/turtlebot3_ws/install/turtlebot3_gazebo/share/turtlebot3_gazebo//models/turtlebot3_dqn_world/inner_walls/model.sdf
[42.799s] -- Symlinking: /home/youssef/Documents/ROS/turtlebot3_ws/install/turtlebot3_gazebo/share/turtlebot3_gazebo//models/turtlebot3_dqn_world/model.config
[42.807s] -- Symlinking: /home/youssef/Documents/ROS/turtlebot3_ws/install/turtlebot3_gazebo/share/turtlebot3_gazebo//models/turtlebot3_dqn_world/model.sdf
[42.814s] -- Symlinking: /home/youssef/Documents/ROS/turtlebot3_ws/install/turtlebot3_gazebo/share/turtlebot3_gazebo//models/turtlebot3_dqn_world/obstacle1/model.config
[42.821s] -- Symlinking: /home/youssef/Documents/ROS/turtlebot3_ws/install/turtlebot3_gazebo/share/turtlebot3_gazebo//models/turtlebot3_dqn_world/obstacle1/model.sdf
[42.829s] -- Symlinking: /home/youssef/Documents/ROS/turtlebot3_ws/install/turtlebot3_gazebo/share/turtlebot3_gazebo//models/turtlebot3_dqn_world/obstacle2/model.config
[42.837s] -- Symlinking: /home/youssef/Documents/ROS/turtlebot3_ws/install/turtlebot3_gazebo/share/turtlebot3_gazebo//models/turtlebot3_dqn_world/obstacle2/model.sdf
[42.844s] -- Symlinking: /home/youssef/Documents/ROS/turtlebot3_ws/install/turtlebot3_gazebo/share/turtlebot3_gazebo//models/turtlebot3_dqn_world/obstacle_plugin/CMakeLists.txt
[42.852s] -- Symlinking: /home/youssef/Documents/ROS/turtlebot3_ws/install/turtlebot3_gazebo/share/turtlebot3_gazebo//models/turtlebot3_dqn_world/obstacle_plugin/obstacle1.cc
[42.860s] -- Symlinking: /home/youssef/Documents/ROS/turtlebot3_ws/install/turtlebot3_gazebo/share/turtlebot3_gazebo//models/turtlebot3_dqn_world/obstacle_plugin/obstacle2.cc
[42.868s] -- Symlinking: /home/youssef/Documents/ROS/turtlebot3_ws/install/turtlebot3_gazebo/share/turtlebot3_gazebo//models/turtlebot3_dqn_world/obstacle_plugin/obstacles.cc
[42.876s] -- Symlinking: /home/youssef/Documents/ROS/turtlebot3_ws/install/turtlebot3_gazebo/share/turtlebot3_gazebo//models/turtlebot3_dqn_world/obstacles/model.config
[42.884s] -- Symlinking: /home/youssef/Documents/ROS/turtlebot3_ws/install/turtlebot3_gazebo/share/turtlebot3_gazebo//models/turtlebot3_dqn_world/obstacles/model.sdf
[42.891s] -- Symlinking: /home/youssef/Documents/ROS/turtlebot3_ws/install/turtlebot3_gazebo/share/turtlebot3_gazebo//models/turtlebot3_house/model.config
[42.899s] -- Symlinking: /home/youssef/Documents/ROS/turtlebot3_ws/install/turtlebot3_gazebo/share/turtlebot3_gazebo//models/turtlebot3_house/model.sdf
[42.907s] -- Symlinking: /home/youssef/Documents/ROS/turtlebot3_ws/install/turtlebot3_gazebo/share/turtlebot3_gazebo//models/turtlebot3_waffle/model-1_4.sdf
[42.915s] -- Symlinking: /home/youssef/Documents/ROS/turtlebot3_ws/install/turtlebot3_gazebo/share/turtlebot3_gazebo//models/turtlebot3_waffle/model.config
[42.923s] -- Symlinking: /home/youssef/Documents/ROS/turtlebot3_ws/install/turtlebot3_gazebo/share/turtlebot3_gazebo//models/turtlebot3_waffle/model.sdf
[42.931s] -- Symlinking: /home/youssef/Documents/ROS/turtlebot3_ws/install/turtlebot3_gazebo/share/turtlebot3_gazebo//models/turtlebot3_waffle_pi/model-1_4_.sdf
[42.939s] -- Symlinking: /home/youssef/Documents/ROS/turtlebot3_ws/install/turtlebot3_gazebo/share/turtlebot3_gazebo//models/turtlebot3_waffle_pi/model.config
[42.946s] -- Symlinking: /home/youssef/Documents/ROS/turtlebot3_ws/install/turtlebot3_gazebo/share/turtlebot3_gazebo//models/turtlebot3_waffle_pi/model.sdf
[42.954s] -- Symlinking: /home/youssef/Documents/ROS/turtlebot3_ws/install/turtlebot3_gazebo/share/turtlebot3_gazebo//models/turtlebot3_world/meshes/hexagon.dae
[42.962s] -- Symlinking: /home/youssef/Documents/ROS/turtlebot3_ws/install/turtlebot3_gazebo/share/turtlebot3_gazebo//models/turtlebot3_world/meshes/wall.dae
[42.969s] -- Symlinking: /home/youssef/Documents/ROS/turtlebot3_ws/install/turtlebot3_gazebo/share/turtlebot3_gazebo//models/turtlebot3_world/model-1_4.sdf
[42.978s] -- Symlinking: /home/youssef/Documents/ROS/turtlebot3_ws/install/turtlebot3_gazebo/share/turtlebot3_gazebo//models/turtlebot3_world/model.config
[42.985s] -- Symlinking: /home/youssef/Documents/ROS/turtlebot3_ws/install/turtlebot3_gazebo/share/turtlebot3_gazebo//models/turtlebot3_world/model.sdf
[42.993s] -- Symlinking: /home/youssef/Documents/ROS/turtlebot3_ws/install/turtlebot3_gazebo/share/turtlebot3_gazebo//rviz/tb3_gazebo.rviz
[43.001s] -- Symlinking: /home/youssef/Documents/ROS/turtlebot3_ws/install/turtlebot3_gazebo/share/turtlebot3_gazebo//urdf/common_properties.urdf
[43.009s] -- Symlinking: /home/youssef/Documents/ROS/turtlebot3_ws/install/turtlebot3_gazebo/share/turtlebot3_gazebo//urdf/turtlebot3_burger.urdf
[43.017s] -- Symlinking: /home/youssef/Documents/ROS/turtlebot3_ws/install/turtlebot3_gazebo/share/turtlebot3_gazebo//urdf/turtlebot3_waffle.urdf
[43.024s] -- Symlinking: /home/youssef/Documents/ROS/turtlebot3_ws/install/turtlebot3_gazebo/share/turtlebot3_gazebo//urdf/turtlebot3_waffle_pi.urdf
[43.032s] -- Symlinking: /home/youssef/Documents/ROS/turtlebot3_ws/install/turtlebot3_gazebo/share/turtlebot3_gazebo//worlds/empty_world.world
[43.039s] -- Symlinking: /home/youssef/Documents/ROS/turtlebot3_ws/install/turtlebot3_gazebo/share/turtlebot3_gazebo//worlds/turtlebot3_dqn_stage1.world
[43.047s] -- Symlinking: /home/youssef/Documents/ROS/turtlebot3_ws/install/turtlebot3_gazebo/share/turtlebot3_gazebo//worlds/turtlebot3_dqn_stage2.world
[43.055s] -- Symlinking: /home/youssef/Documents/ROS/turtlebot3_ws/install/turtlebot3_gazebo/share/turtlebot3_gazebo//worlds/turtlebot3_dqn_stage3.world
[43.062s] -- Symlinking: /home/youssef/Documents/ROS/turtlebot3_ws/install/turtlebot3_gazebo/share/turtlebot3_gazebo//worlds/turtlebot3_dqn_stage4.world
[43.070s] -- Symlinking: /home/youssef/Documents/ROS/turtlebot3_ws/install/turtlebot3_gazebo/share/turtlebot3_gazebo//worlds/turtlebot3_house.world
[43.078s] -- Symlinking: /home/youssef/Documents/ROS/turtlebot3_ws/install/turtlebot3_gazebo/share/turtlebot3_gazebo//worlds/turtlebot3_world.world
[43.085s] -- Symlinking: /home/youssef/Documents/ROS/turtlebot3_ws/install/turtlebot3_gazebo/include//turtlebot3_gazebo/turtlebot3_drive.hpp
[43.093s] -- Symlinking: /home/youssef/Documents/ROS/turtlebot3_ws/install/turtlebot3_gazebo/share/ament_index/resource_index/package_run_dependencies/turtlebot3_gazebo
[43.101s] -- Symlinking: /home/youssef/Documents/ROS/turtlebot3_ws/install/turtlebot3_gazebo/share/ament_index/resource_index/parent_prefix_path/turtlebot3_gazebo
[43.109s] -- Symlinking: /home/youssef/Documents/ROS/turtlebot3_ws/install/turtlebot3_gazebo/share/turtlebot3_gazebo/environment/ament_prefix_path.sh
[43.116s] -- Symlinking: /home/youssef/Documents/ROS/turtlebot3_ws/install/turtlebot3_gazebo/share/turtlebot3_gazebo/environment/ament_prefix_path.dsv
[43.125s] -- Symlinking: /home/youssef/Documents/ROS/turtlebot3_ws/install/turtlebot3_gazebo/share/turtlebot3_gazebo/environment/path.sh
[43.133s] -- Symlinking: /home/youssef/Documents/ROS/turtlebot3_ws/install/turtlebot3_gazebo/share/turtlebot3_gazebo/environment/path.dsv
[43.141s] -- Symlinking: /home/youssef/Documents/ROS/turtlebot3_ws/install/turtlebot3_gazebo/share/turtlebot3_gazebo/local_setup.bash
[43.148s] -- Symlinking: /home/youssef/Documents/ROS/turtlebot3_ws/install/turtlebot3_gazebo/share/turtlebot3_gazebo/local_setup.sh
[43.156s] -- Symlinking: /home/youssef/Documents/ROS/turtlebot3_ws/install/turtlebot3_gazebo/share/turtlebot3_gazebo/local_setup.zsh
[43.163s] -- Symlinking: /home/youssef/Documents/ROS/turtlebot3_ws/install/turtlebot3_gazebo/share/turtlebot3_gazebo/local_setup.dsv
[43.172s] -- Symlinking: /home/youssef/Documents/ROS/turtlebot3_ws/install/turtlebot3_gazebo/share/turtlebot3_gazebo/package.dsv
[43.179s] -- Symlinking: /home/youssef/Documents/ROS/turtlebot3_ws/install/turtlebot3_gazebo/share/ament_index/resource_index/packages/turtlebot3_gazebo
[43.187s] -- Symlinking: /home/youssef/Documents/ROS/turtlebot3_ws/install/turtlebot3_gazebo/share/turtlebot3_gazebo/cmake/ament_cmake_export_include_directories-extras.cmake
[43.195s] -- Symlinking: /home/youssef/Documents/ROS/turtlebot3_ws/install/turtlebot3_gazebo/share/turtlebot3_gazebo/cmake/ament_cmake_export_dependencies-extras.cmake
[43.204s] -- Symlinking: /home/youssef/Documents/ROS/turtlebot3_ws/install/turtlebot3_gazebo/share/turtlebot3_gazebo/cmake/turtlebot3_gazeboConfig.cmake
[43.211s] -- Symlinking: /home/youssef/Documents/ROS/turtlebot3_ws/install/turtlebot3_gazebo/share/turtlebot3_gazebo/cmake/turtlebot3_gazeboConfig-version.cmake
[43.221s] -- Symlinking: /home/youssef/Documents/ROS/turtlebot3_ws/install/turtlebot3_gazebo/share/turtlebot3_gazebo/package.xml
[43.229s] Invoked command in '/home/youssef/Documents/ROS/turtlebot3_ws/build/turtlebot3_gazebo' returned '0': CMAKE_PREFIX_PATH=${CMAKE_PREFIX_PATH}:/home/youssef/install/my_py_pkg:/home/youssef/Documents/ROS/ros2_ws/install/my_py_pkg:/opt/ros/humble /usr/bin/cmake --install /home/youssef/Documents/ROS/turtlebot3_ws/build/turtlebot3_gazebo
