[0.099s] DEBUG:colcon:Command line arguments: ['/usr/bin/colcon', 'build', '--symlink-install']
[0.099s] DEBUG:colcon:Parsed command line arguments: Namespace(log_base=None, log_level=None, verb_name='build', build_base='build', install_base='install', merge_install=False, symlink_install=True, test_result_base=None, continue_on_error=False, executor='parallel', parallel_workers=8, event_handlers=None, ignore_user_meta=False, metas=['./colcon.meta'], base_paths=['.'], packages_ignore=None, packages_ignore_regex=None, paths=None, packages_up_to=None, packages_up_to_regex=None, packages_above=None, packages_above_and_dependencies=None, packages_above_depth=None, packages_select_by_dep=None, packages_skip_by_dep=None, packages_skip_up_to=None, packages_select_build_failed=False, packages_skip_build_finished=False, packages_select_test_failures=False, packages_skip_test_passed=False, packages_select=None, packages_skip=None, packages_select_regex=None, packages_skip_regex=None, packages_start=None, packages_end=None, allow_overriding=[], cmake_args=None, cmake_target=None, cmake_target_skip_unavailable=False, cmake_clean_cache=False, cmake_clean_first=False, cmake_force_configure=False, ament_cmake_args=None, catkin_cmake_args=None, catkin_skip_building_tests=False, verb_parser=<colcon_defaults.argument_parser.defaults.DefaultArgumentsDecorator object at 0x708fc8855cf0>, verb_extension=<colcon_core.verb.build.BuildVerb object at 0x708fc88557e0>, main=<bound method BuildVerb.main of <colcon_core.verb.build.BuildVerb object at 0x708fc88557e0>>)
[8.081s] Level 1:colcon.colcon_core.package_discovery:discover_packages(colcon_meta) check parameters
[8.081s] Level 1:colcon.colcon_core.package_discovery:discover_packages(recursive) check parameters
[8.081s] Level 1:colcon.colcon_core.package_discovery:discover_packages(ignore) check parameters
[8.081s] Level 1:colcon.colcon_core.package_discovery:discover_packages(path) check parameters
[8.081s] Level 1:colcon.colcon_core.package_discovery:discover_packages(colcon_meta) discover
[8.081s] Level 1:colcon.colcon_core.package_discovery:discover_packages(recursive) discover
[8.081s] INFO:colcon.colcon_core.package_discovery:Crawling recursively for packages in '/home/youssef/Documents/ROS/ros2_new_ws'
[8.081s] Level 1:colcon.colcon_core.package_identification:_identify(.) by extensions ['ignore', 'ignore_ament_install']
[8.081s] Level 1:colcon.colcon_core.package_identification:_identify(.) by extension 'ignore'
[8.081s] Level 1:colcon.colcon_core.package_identification:_identify(.) by extension 'ignore_ament_install'
[8.081s] Level 1:colcon.colcon_core.package_identification:_identify(.) by extensions ['colcon_pkg']
[8.082s] Level 1:colcon.colcon_core.package_identification:_identify(.) by extension 'colcon_pkg'
[8.082s] Level 1:colcon.colcon_core.package_identification:_identify(.) by extensions ['colcon_meta']
[8.082s] Level 1:colcon.colcon_core.package_identification:_identify(.) by extension 'colcon_meta'
[8.082s] Level 1:colcon.colcon_core.package_identification:_identify(.) by extensions ['ros']
[8.082s] Level 1:colcon.colcon_core.package_identification:_identify(.) by extension 'ros'
[8.900s] Level 1:colcon.colcon_core.package_identification:_identify(.) by extensions ['cmake', 'python']
[8.900s] Level 1:colcon.colcon_core.package_identification:_identify(.) by extension 'cmake'
[8.901s] Level 1:colcon.colcon_core.package_identification:_identify(.) by extension 'python'
[8.901s] Level 1:colcon.colcon_core.package_identification:_identify(.) by extensions ['python_setup_py']
[8.901s] Level 1:colcon.colcon_core.package_identification:_identify(.) by extension 'python_setup_py'
[8.901s] Level 1:colcon.colcon_core.package_identification:_identify(build) by extensions ['ignore', 'ignore_ament_install']
[8.902s] Level 1:colcon.colcon_core.package_identification:_identify(build) by extension 'ignore'
[8.902s] Level 1:colcon.colcon_core.package_identification:_identify(build) ignored
[8.902s] Level 1:colcon.colcon_core.package_identification:_identify(install) by extensions ['ignore', 'ignore_ament_install']
[8.903s] Level 1:colcon.colcon_core.package_identification:_identify(install) by extension 'ignore'
[8.903s] Level 1:colcon.colcon_core.package_identification:_identify(install) ignored
[8.904s] Level 1:colcon.colcon_core.package_identification:_identify(log) by extensions ['ignore', 'ignore_ament_install']
[8.904s] Level 1:colcon.colcon_core.package_identification:_identify(log) by extension 'ignore'
[8.904s] Level 1:colcon.colcon_core.package_identification:_identify(log) ignored
[8.904s] Level 1:colcon.colcon_core.package_identification:_identify(src) by extensions ['ignore', 'ignore_ament_install']
[8.905s] Level 1:colcon.colcon_core.package_identification:_identify(src) by extension 'ignore'
[8.905s] Level 1:colcon.colcon_core.package_identification:_identify(src) by extension 'ignore_ament_install'
[8.905s] Level 1:colcon.colcon_core.package_identification:_identify(src) by extensions ['colcon_pkg']
[8.905s] Level 1:colcon.colcon_core.package_identification:_identify(src) by extension 'colcon_pkg'
[8.906s] Level 1:colcon.colcon_core.package_identification:_identify(src) by extensions ['colcon_meta']
[8.906s] Level 1:colcon.colcon_core.package_identification:_identify(src) by extension 'colcon_meta'
[8.906s] Level 1:colcon.colcon_core.package_identification:_identify(src) by extensions ['ros']
[8.906s] Level 1:colcon.colcon_core.package_identification:_identify(src) by extension 'ros'
[8.906s] Level 1:colcon.colcon_core.package_identification:_identify(src) by extensions ['cmake', 'python']
[8.907s] Level 1:colcon.colcon_core.package_identification:_identify(src) by extension 'cmake'
[8.907s] Level 1:colcon.colcon_core.package_identification:_identify(src) by extension 'python'
[8.907s] Level 1:colcon.colcon_core.package_identification:_identify(src) by extensions ['python_setup_py']
[8.907s] Level 1:colcon.colcon_core.package_identification:_identify(src) by extension 'python_setup_py'
[8.908s] Level 1:colcon.colcon_core.package_identification:_identify(src/my_robot_description) by extensions ['ignore', 'ignore_ament_install']
[8.908s] Level 1:colcon.colcon_core.package_identification:_identify(src/my_robot_description) by extension 'ignore'
[8.908s] Level 1:colcon.colcon_core.package_identification:_identify(src/my_robot_description) by extension 'ignore_ament_install'
[8.908s] Level 1:colcon.colcon_core.package_identification:_identify(src/my_robot_description) by extensions ['colcon_pkg']
[8.908s] Level 1:colcon.colcon_core.package_identification:_identify(src/my_robot_description) by extension 'colcon_pkg'
[8.908s] Level 1:colcon.colcon_core.package_identification:_identify(src/my_robot_description) by extensions ['colcon_meta']
[8.908s] Level 1:colcon.colcon_core.package_identification:_identify(src/my_robot_description) by extension 'colcon_meta'
[8.909s] Level 1:colcon.colcon_core.package_identification:_identify(src/my_robot_description) by extensions ['ros']
[8.909s] Level 1:colcon.colcon_core.package_identification:_identify(src/my_robot_description) by extension 'ros'
[9.099s] DEBUG:colcon.colcon_core.package_identification:Package 'src/my_robot_description' with type 'ros.ament_cmake' and name 'my_robot_description'
[9.099s] Level 1:colcon.colcon_core.package_discovery:discover_packages(recursive) using defaults
[9.099s] Level 1:colcon.colcon_core.package_discovery:discover_packages(ignore) discover
[9.099s] Level 1:colcon.colcon_core.package_discovery:discover_packages(ignore) using defaults
[9.099s] Level 1:colcon.colcon_core.package_discovery:discover_packages(path) discover
[9.099s] Level 1:colcon.colcon_core.package_discovery:discover_packages(path) using defaults
[9.997s] Level 1:colcon.colcon_core.package_discovery:discover_packages(prefix_path) check parameters
[9.998s] Level 1:colcon.colcon_core.package_discovery:discover_packages(prefix_path) discover
