[0.198s] Invoking command in '/home/youssef/Documents/ROS/ros2_new_ws/build/my_robot_description': CMAKE_PREFIX_PATH=${CMAKE_PREFIX_PATH}:/home/youssef/install/my_py_pkg:/home/youssef/Documents/ROS/ros2_ws/install/my_py_pkg:/opt/ros/humble /usr/bin/cmake /home/youssef/Documents/ROS/ros2_new_ws/src/my_robot_description -DCMAKE_INSTALL_PREFIX=/home/youssef/Documents/ROS/ros2_new_ws/install/my_robot_description
[0.534s] -- Found ament_cmake: 1.3.10 (/opt/ros/humble/share/ament_cmake/cmake)
[1.230s] -- Override CMake install command with custom implementation using symlinks instead of copying resources
[1.741s] -- Configuring done
[1.810s] -- Generating done
[1.815s] -- Build files have been written to: /home/youssef/Documents/ROS/ros2_new_ws/build/my_robot_description
[1.822s] Invoked command in '/home/youssef/Documents/ROS/ros2_new_ws/build/my_robot_description' returned '0': CMAKE_PREFIX_PATH=${CMAKE_PREFIX_PATH}:/home/youssef/install/my_py_pkg:/home/youssef/Documents/ROS/ros2_ws/install/my_py_pkg:/opt/ros/humble /usr/bin/cmake /home/youssef/Documents/ROS/ros2_new_ws/src/my_robot_description -DCMAKE_INSTALL_PREFIX=/home/youssef/Documents/ROS/ros2_new_ws/install/my_robot_description
[1.828s] Invoking command in '/home/youssef/Documents/ROS/ros2_new_ws/build/my_robot_description': CMAKE_PREFIX_PATH=${CMAKE_PREFIX_PATH}:/home/youssef/install/my_py_pkg:/home/youssef/Documents/ROS/ros2_ws/install/my_py_pkg:/opt/ros/humble /usr/bin/cmake --build /home/youssef/Documents/ROS/ros2_new_ws/build/my_robot_description -- -j8 -l8
[1.901s] Invoked command in '/home/youssef/Documents/ROS/ros2_new_ws/build/my_robot_description' returned '0': CMAKE_PREFIX_PATH=${CMAKE_PREFIX_PATH}:/home/youssef/install/my_py_pkg:/home/youssef/Documents/ROS/ros2_ws/install/my_py_pkg:/opt/ros/humble /usr/bin/cmake --build /home/youssef/Documents/ROS/ros2_new_ws/build/my_robot_description -- -j8 -l8
[1.917s] Invoking command in '/home/youssef/Documents/ROS/ros2_new_ws/build/my_robot_description': CMAKE_PREFIX_PATH=${CMAKE_PREFIX_PATH}:/home/youssef/install/my_py_pkg:/home/youssef/Documents/ROS/ros2_ws/install/my_py_pkg:/opt/ros/humble /usr/bin/cmake --install /home/youssef/Documents/ROS/ros2_new_ws/build/my_robot_description
[1.929s] -- Install configuration: ""
[1.929s] -- Execute custom install script
[1.930s] -- Up-to-date symlink: /home/youssef/Documents/ROS/ros2_new_ws/install/my_robot_description/share/my_robot_description//urdf/common_properties.urdf.xacro
[1.930s] -- Up-to-date symlink: /home/youssef/Documents/ROS/ros2_new_ws/install/my_robot_description/share/my_robot_description//urdf/mobile_base.urdf.xacro
[1.930s] -- Up-to-date symlink: /home/youssef/Documents/ROS/ros2_new_ws/install/my_robot_description/share/my_robot_description//urdf/mobile_base_gazebo.xacro
[1.930s] -- Up-to-date symlink: /home/youssef/Documents/ROS/ros2_new_ws/install/my_robot_description/share/my_robot_description//urdf/my_robot.urdf.xacro
[1.930s] -- Up-to-date symlink: /home/youssef/Documents/ROS/ros2_new_ws/install/my_robot_description/share/my_robot_description//launch/display.launch.xml
[1.931s] -- Up-to-date symlink: /home/youssef/Documents/ROS/ros2_new_ws/install/my_robot_description/share/my_robot_description//rviz/urdf_config.rviz
[1.931s] -- Up-to-date symlink: /home/youssef/Documents/ROS/ros2_new_ws/install/my_robot_description/share/ament_index/resource_index/package_run_dependencies/my_robot_description
[1.931s] -- Up-to-date symlink: /home/youssef/Documents/ROS/ros2_new_ws/install/my_robot_description/share/ament_index/resource_index/parent_prefix_path/my_robot_description
[1.932s] -- Up-to-date symlink: /home/youssef/Documents/ROS/ros2_new_ws/install/my_robot_description/share/my_robot_description/environment/ament_prefix_path.sh
[1.932s] -- Up-to-date symlink: /home/youssef/Documents/ROS/ros2_new_ws/install/my_robot_description/share/my_robot_description/environment/ament_prefix_path.dsv
[1.932s] -- Up-to-date symlink: /home/youssef/Documents/ROS/ros2_new_ws/install/my_robot_description/share/my_robot_description/environment/path.sh
[1.932s] -- Up-to-date symlink: /home/youssef/Documents/ROS/ros2_new_ws/install/my_robot_description/share/my_robot_description/environment/path.dsv
[1.932s] -- Up-to-date symlink: /home/youssef/Documents/ROS/ros2_new_ws/install/my_robot_description/share/my_robot_description/local_setup.bash
[1.932s] -- Up-to-date symlink: /home/youssef/Documents/ROS/ros2_new_ws/install/my_robot_description/share/my_robot_description/local_setup.sh
[1.933s] -- Up-to-date symlink: /home/youssef/Documents/ROS/ros2_new_ws/install/my_robot_description/share/my_robot_description/local_setup.zsh
[1.933s] -- Up-to-date symlink: /home/youssef/Documents/ROS/ros2_new_ws/install/my_robot_description/share/my_robot_description/local_setup.dsv
[1.933s] -- Symlinking: /home/youssef/Documents/ROS/ros2_new_ws/install/my_robot_description/share/my_robot_description/package.dsv
[1.941s] -- Up-to-date symlink: /home/youssef/Documents/ROS/ros2_new_ws/install/my_robot_description/share/ament_index/resource_index/packages/my_robot_description
[1.941s] -- Up-to-date symlink: /home/youssef/Documents/ROS/ros2_new_ws/install/my_robot_description/share/my_robot_description/cmake/my_robot_descriptionConfig.cmake
[1.941s] -- Up-to-date symlink: /home/youssef/Documents/ROS/ros2_new_ws/install/my_robot_description/share/my_robot_description/cmake/my_robot_descriptionConfig-version.cmake
[1.942s] -- Up-to-date symlink: /home/youssef/Documents/ROS/ros2_new_ws/install/my_robot_description/share/my_robot_description/package.xml
[1.943s] Invoked command in '/home/youssef/Documents/ROS/ros2_new_ws/build/my_robot_description' returned '0': CMAKE_PREFIX_PATH=${CMAKE_PREFIX_PATH}:/home/youssef/install/my_py_pkg:/home/youssef/Documents/ROS/ros2_ws/install/my_py_pkg:/opt/ros/humble /usr/bin/cmake --install /home/youssef/Documents/ROS/ros2_new_ws/build/my_robot_description
