[1.276s] DEBUG:colcon:Command line arguments: ['/usr/bin/colcon', 'build']
[1.276s] DEBUG:colcon:Parsed command line arguments: Namespace(log_base=None, log_level=None, verb_name='build', build_base='build', install_base='install', merge_install=False, symlink_install=False, test_result_base=None, continue_on_error=False, executor='parallel', parallel_workers=8, event_handlers=None, ignore_user_meta=False, metas=['./colcon.meta'], base_paths=['.'], packages_ignore=None, packages_ignore_regex=None, paths=None, packages_up_to=None, packages_up_to_regex=None, packages_above=None, packages_above_and_dependencies=None, packages_above_depth=None, packages_select_by_dep=None, packages_skip_by_dep=None, packages_skip_up_to=None, packages_select_build_failed=False, packages_skip_build_finished=False, packages_select_test_failures=False, packages_skip_test_passed=False, packages_select=None, packages_skip=None, packages_select_regex=None, packages_skip_regex=None, packages_start=None, packages_end=None, allow_overriding=[], cmake_args=None, cmake_target=None, cmake_target_skip_unavailable=False, cmake_clean_cache=False, cmake_clean_first=False, cmake_force_configure=False, ament_cmake_args=None, catkin_cmake_args=None, catkin_skip_building_tests=False, verb_parser=<colcon_defaults.argument_parser.defaults.DefaultArgumentsDecorator object at 0x76f049571f30>, verb_extension=<colcon_core.verb.build.BuildVerb object at 0x76f049571a20>, main=<bound method BuildVerb.main of <colcon_core.verb.build.BuildVerb object at 0x76f049571a20>>)
[1.979s] Level 1:colcon.colcon_core.package_discovery:discover_packages(colcon_meta) check parameters
[1.980s] Level 1:colcon.colcon_core.package_discovery:discover_packages(recursive) check parameters
[1.980s] Level 1:colcon.colcon_core.package_discovery:discover_packages(ignore) check parameters
[1.980s] Level 1:colcon.colcon_core.package_discovery:discover_packages(path) check parameters
[1.980s] Level 1:colcon.colcon_core.package_discovery:discover_packages(colcon_meta) discover
[1.980s] Level 1:colcon.colcon_core.package_discovery:discover_packages(recursive) discover
[1.981s] INFO:colcon.colcon_core.package_discovery:Crawling recursively for packages in '/home/youssef/Documents/ROS/ros2_new_ws'
[1.981s] Level 1:colcon.colcon_core.package_identification:_identify(.) by extensions ['ignore', 'ignore_ament_install']
[1.981s] Level 1:colcon.colcon_core.package_identification:_identify(.) by extension 'ignore'
[1.981s] Level 1:colcon.colcon_core.package_identification:_identify(.) by extension 'ignore_ament_install'
[1.982s] Level 1:colcon.colcon_core.package_identification:_identify(.) by extensions ['colcon_pkg']
[1.982s] Level 1:colcon.colcon_core.package_identification:_identify(.) by extension 'colcon_pkg'
[1.982s] Level 1:colcon.colcon_core.package_identification:_identify(.) by extensions ['colcon_meta']
[1.982s] Level 1:colcon.colcon_core.package_identification:_identify(.) by extension 'colcon_meta'
[1.982s] Level 1:colcon.colcon_core.package_identification:_identify(.) by extensions ['ros']
[1.982s] Level 1:colcon.colcon_core.package_identification:_identify(.) by extension 'ros'
[2.019s] Level 1:colcon.colcon_core.package_identification:_identify(.) by extensions ['cmake', 'python']
[2.019s] Level 1:colcon.colcon_core.package_identification:_identify(.) by extension 'cmake'
[2.020s] Level 1:colcon.colcon_core.package_identification:_identify(.) by extension 'python'
[2.020s] Level 1:colcon.colcon_core.package_identification:_identify(.) by extensions ['python_setup_py']
[2.020s] Level 1:colcon.colcon_core.package_identification:_identify(.) by extension 'python_setup_py'
[2.020s] Level 1:colcon.colcon_core.package_identification:_identify(build) by extensions ['ignore', 'ignore_ament_install']
[2.020s] Level 1:colcon.colcon_core.package_identification:_identify(build) by extension 'ignore'
[2.020s] Level 1:colcon.colcon_core.package_identification:_identify(build) ignored
[2.020s] Level 1:colcon.colcon_core.package_identification:_identify(install) by extensions ['ignore', 'ignore_ament_install']
[2.020s] Level 1:colcon.colcon_core.package_identification:_identify(install) by extension 'ignore'
[2.020s] Level 1:colcon.colcon_core.package_identification:_identify(install) ignored
[2.020s] Level 1:colcon.colcon_core.package_identification:_identify(log) by extensions ['ignore', 'ignore_ament_install']
[2.021s] Level 1:colcon.colcon_core.package_identification:_identify(log) by extension 'ignore'
[2.021s] Level 1:colcon.colcon_core.package_identification:_identify(log) ignored
[2.021s] Level 1:colcon.colcon_core.package_identification:_identify(src) by extensions ['ignore', 'ignore_ament_install']
[2.021s] Level 1:colcon.colcon_core.package_identification:_identify(src) by extension 'ignore'
[2.021s] Level 1:colcon.colcon_core.package_identification:_identify(src) by extension 'ignore_ament_install'
[2.021s] Level 1:colcon.colcon_core.package_identification:_identify(src) by extensions ['colcon_pkg']
[2.021s] Level 1:colcon.colcon_core.package_identification:_identify(src) by extension 'colcon_pkg'
[2.021s] Level 1:colcon.colcon_core.package_identification:_identify(src) by extensions ['colcon_meta']
[2.021s] Level 1:colcon.colcon_core.package_identification:_identify(src) by extension 'colcon_meta'
[2.021s] Level 1:colcon.colcon_core.package_identification:_identify(src) by extensions ['ros']
[2.021s] Level 1:colcon.colcon_core.package_identification:_identify(src) by extension 'ros'
[2.021s] Level 1:colcon.colcon_core.package_identification:_identify(src) by extensions ['cmake', 'python']
[2.021s] Level 1:colcon.colcon_core.package_identification:_identify(src) by extension 'cmake'
[2.022s] Level 1:colcon.colcon_core.package_identification:_identify(src) by extension 'python'
[2.022s] Level 1:colcon.colcon_core.package_identification:_identify(src) by extensions ['python_setup_py']
[2.022s] Level 1:colcon.colcon_core.package_identification:_identify(src) by extension 'python_setup_py'
[2.022s] Level 1:colcon.colcon_core.package_identification:_identify(src/my_robot_bringup) by extensions ['ignore', 'ignore_ament_install']
[2.022s] Level 1:colcon.colcon_core.package_identification:_identify(src/my_robot_bringup) by extension 'ignore'
[2.022s] Level 1:colcon.colcon_core.package_identification:_identify(src/my_robot_bringup) by extension 'ignore_ament_install'
[2.022s] Level 1:colcon.colcon_core.package_identification:_identify(src/my_robot_bringup) by extensions ['colcon_pkg']
[2.022s] Level 1:colcon.colcon_core.package_identification:_identify(src/my_robot_bringup) by extension 'colcon_pkg'
[2.022s] Level 1:colcon.colcon_core.package_identification:_identify(src/my_robot_bringup) by extensions ['colcon_meta']
[2.022s] Level 1:colcon.colcon_core.package_identification:_identify(src/my_robot_bringup) by extension 'colcon_meta'
[2.022s] Level 1:colcon.colcon_core.package_identification:_identify(src/my_robot_bringup) by extensions ['ros']
[2.022s] Level 1:colcon.colcon_core.package_identification:_identify(src/my_robot_bringup) by extension 'ros'
[2.025s] DEBUG:colcon.colcon_core.package_identification:Package 'src/my_robot_bringup' with type 'ros.ament_cmake' and name 'my_robot_bringup'
[2.025s] Level 1:colcon.colcon_core.package_identification:_identify(src/my_robot_description) by extensions ['ignore', 'ignore_ament_install']
[2.025s] Level 1:colcon.colcon_core.package_identification:_identify(src/my_robot_description) by extension 'ignore'
[2.025s] Level 1:colcon.colcon_core.package_identification:_identify(src/my_robot_description) by extension 'ignore_ament_install'
[2.025s] Level 1:colcon.colcon_core.package_identification:_identify(src/my_robot_description) by extensions ['colcon_pkg']
[2.025s] Level 1:colcon.colcon_core.package_identification:_identify(src/my_robot_description) by extension 'colcon_pkg'
[2.025s] Level 1:colcon.colcon_core.package_identification:_identify(src/my_robot_description) by extensions ['colcon_meta']
[2.025s] Level 1:colcon.colcon_core.package_identification:_identify(src/my_robot_description) by extension 'colcon_meta'
[2.025s] Level 1:colcon.colcon_core.package_identification:_identify(src/my_robot_description) by extensions ['ros']
[2.025s] Level 1:colcon.colcon_core.package_identification:_identify(src/my_robot_description) by extension 'ros'
[2.026s] DEBUG:colcon.colcon_core.package_identification:Package 'src/my_robot_description' with type 'ros.ament_cmake' and name 'my_robot_description'
[2.026s] Level 1:colcon.colcon_core.package_discovery:discover_packages(recursive) using defaults
[2.026s] Level 1:colcon.colcon_core.package_discovery:discover_packages(ignore) discover
[2.026s] Level 1:colcon.colcon_core.package_discovery:discover_packages(ignore) using defaults
[2.026s] Level 1:colcon.colcon_core.package_discovery:discover_packages(path) discover
[2.026s] Level 1:colcon.colcon_core.package_discovery:discover_packages(path) using defaults
[2.690s] Level 1:colcon.colcon_core.package_discovery:discover_packages(prefix_path) check parameters
[2.691s] Level 1:colcon.colcon_core.package_discovery:discover_packages(prefix_path) discover
[2.753s] DEBUG:colcon.colcon_installed_package_information.package_discovery:Found 3 installed packages in /home/youssef/Documents/ROS/turtlebot3_ws/install
[2.755s] DEBUG:colcon.colcon_installed_package_information.package_discovery:Found 2 installed packages in /home/youssef/Documents/ROS/ros2_new_ws/install
[2.756s] DEBUG:colcon.colcon_installed_package_information.package_discovery:Found 3 installed packages in /home/youssef/Documents/ROS/ros2_ws/install
[2.758s] DEBUG:colcon.colcon_installed_package_information.package_discovery:Found 2 installed packages in /home/youssef/install
[2.764s] DEBUG:colcon.colcon_installed_package_information.package_discovery:Found 399 installed packages in /opt/ros/humble
[2.772s] Level 1:colcon.colcon_core.package_discovery:discover_packages(prefix_path) using defaults
[3.357s] Level 5:colcon.colcon_core.verb:set package 'my_robot_description' build argument 'cmake_args' from command line to 'None'
[3.357s] Level 5:colcon.colcon_core.verb:set package 'my_robot_description' build argument 'cmake_target' from command line to 'None'
[3.357s] Level 5:colcon.colcon_core.verb:set package 'my_robot_description' build argument 'cmake_target_skip_unavailable' from command line to 'False'
[3.357s] Level 5:colcon.colcon_core.verb:set package 'my_robot_description' build argument 'cmake_clean_cache' from command line to 'False'
[3.357s] Level 5:colcon.colcon_core.verb:set package 'my_robot_description' build argument 'cmake_clean_first' from command line to 'False'
[3.357s] Level 5:colcon.colcon_core.verb:set package 'my_robot_description' build argument 'cmake_force_configure' from command line to 'False'
[3.357s] Level 5:colcon.colcon_core.verb:set package 'my_robot_description' build argument 'ament_cmake_args' from command line to 'None'
[3.357s] Level 5:colcon.colcon_core.verb:set package 'my_robot_description' build argument 'catkin_cmake_args' from command line to 'None'
[3.357s] Level 5:colcon.colcon_core.verb:set package 'my_robot_description' build argument 'catkin_skip_building_tests' from command line to 'False'
[3.357s] DEBUG:colcon.colcon_core.verb:Building package 'my_robot_description' with the following arguments: {'ament_cmake_args': None, 'build_base': '/home/youssef/Documents/ROS/ros2_new_ws/build/my_robot_description', 'catkin_cmake_args': None, 'catkin_skip_building_tests': False, 'cmake_args': None, 'cmake_clean_cache': False, 'cmake_clean_first': False, 'cmake_force_configure': False, 'cmake_target': None, 'cmake_target_skip_unavailable': False, 'install_base': '/home/youssef/Documents/ROS/ros2_new_ws/install/my_robot_description', 'merge_install': False, 'path': '/home/youssef/Documents/ROS/ros2_new_ws/src/my_robot_description', 'symlink_install': False, 'test_result_base': None}
[3.357s] Level 5:colcon.colcon_core.verb:set package 'my_robot_bringup' build argument 'cmake_args' from command line to 'None'
[3.357s] Level 5:colcon.colcon_core.verb:set package 'my_robot_bringup' build argument 'cmake_target' from command line to 'None'
[3.357s] Level 5:colcon.colcon_core.verb:set package 'my_robot_bringup' build argument 'cmake_target_skip_unavailable' from command line to 'False'
[3.357s] Level 5:colcon.colcon_core.verb:set package 'my_robot_bringup' build argument 'cmake_clean_cache' from command line to 'False'
[3.357s] Level 5:colcon.colcon_core.verb:set package 'my_robot_bringup' build argument 'cmake_clean_first' from command line to 'False'
[3.357s] Level 5:colcon.colcon_core.verb:set package 'my_robot_bringup' build argument 'cmake_force_configure' from command line to 'False'
[3.357s] Level 5:colcon.colcon_core.verb:set package 'my_robot_bringup' build argument 'ament_cmake_args' from command line to 'None'
[3.357s] Level 5:colcon.colcon_core.verb:set package 'my_robot_bringup' build argument 'catkin_cmake_args' from command line to 'None'
[3.357s] Level 5:colcon.colcon_core.verb:set package 'my_robot_bringup' build argument 'catkin_skip_building_tests' from command line to 'False'
[3.357s] DEBUG:colcon.colcon_core.verb:Building package 'my_robot_bringup' with the following arguments: {'ament_cmake_args': None, 'build_base': '/home/youssef/Documents/ROS/ros2_new_ws/build/my_robot_bringup', 'catkin_cmake_args': None, 'catkin_skip_building_tests': False, 'cmake_args': None, 'cmake_clean_cache': False, 'cmake_clean_first': False, 'cmake_force_configure': False, 'cmake_target': None, 'cmake_target_skip_unavailable': False, 'install_base': '/home/youssef/Documents/ROS/ros2_new_ws/install/my_robot_bringup', 'merge_install': False, 'path': '/home/youssef/Documents/ROS/ros2_new_ws/src/my_robot_bringup', 'symlink_install': False, 'test_result_base': None}
[3.358s] INFO:colcon.colcon_core.executor:Executing jobs using 'parallel' executor
[3.358s] DEBUG:colcon.colcon_parallel_executor.executor.parallel:run_until_complete
[3.359s] INFO:colcon.colcon_ros.task.ament_cmake.build:Building ROS package in '/home/youssef/Documents/ROS/ros2_new_ws/src/my_robot_description' with build type 'ament_cmake'
[3.359s] INFO:colcon.colcon_cmake.task.cmake.build:Building CMake package in '/home/youssef/Documents/ROS/ros2_new_ws/src/my_robot_description'
[3.420s] INFO:colcon.colcon_core.plugin_system:Skipping extension 'colcon_core.shell.bat': Not used on non-Windows systems
[3.421s] INFO:colcon.colcon_core.shell:Skip shell extension 'powershell' for command environment: Not usable outside of PowerShell
[3.421s] DEBUG:colcon.colcon_core.shell:Skip shell extension 'dsv' for command environment
[3.525s] DEBUG:colcon.colcon_core.event_handler.log_command:Invoking command in '/home/youssef/Documents/ROS/ros2_new_ws/build/my_robot_description': CMAKE_PREFIX_PATH=${CMAKE_PREFIX_PATH}:/home/youssef/install/my_py_pkg:/home/youssef/Documents/ROS/ros2_ws/install/my_py_pkg:/opt/ros/humble /usr/bin/cmake /home/youssef/Documents/ROS/ros2_new_ws/src/my_robot_description -DCMAKE_INSTALL_PREFIX=/home/youssef/Documents/ROS/ros2_new_ws/install/my_robot_description
[5.795s] DEBUG:colcon.colcon_core.event_handler.log_command:Invoked command in '/home/youssef/Documents/ROS/ros2_new_ws/build/my_robot_description' returned '0': CMAKE_PREFIX_PATH=${CMAKE_PREFIX_PATH}:/home/youssef/install/my_py_pkg:/home/youssef/Documents/ROS/ros2_ws/install/my_py_pkg:/opt/ros/humble /usr/bin/cmake /home/youssef/Documents/ROS/ros2_new_ws/src/my_robot_description -DCMAKE_INSTALL_PREFIX=/home/youssef/Documents/ROS/ros2_new_ws/install/my_robot_description
[5.801s] DEBUG:colcon.colcon_core.event_handler.log_command:Invoking command in '/home/youssef/Documents/ROS/ros2_new_ws/build/my_robot_description': CMAKE_PREFIX_PATH=${CMAKE_PREFIX_PATH}:/home/youssef/install/my_py_pkg:/home/youssef/Documents/ROS/ros2_ws/install/my_py_pkg:/opt/ros/humble /usr/bin/cmake --build /home/youssef/Documents/ROS/ros2_new_ws/build/my_robot_description -- -j8 -l8
[5.929s] DEBUG:colcon.colcon_core.event_handler.log_command:Invoked command in '/home/youssef/Documents/ROS/ros2_new_ws/build/my_robot_description' returned '0': CMAKE_PREFIX_PATH=${CMAKE_PREFIX_PATH}:/home/youssef/install/my_py_pkg:/home/youssef/Documents/ROS/ros2_ws/install/my_py_pkg:/opt/ros/humble /usr/bin/cmake --build /home/youssef/Documents/ROS/ros2_new_ws/build/my_robot_description -- -j8 -l8
[5.946s] DEBUG:colcon.colcon_core.event_handler.log_command:Invoking command in '/home/youssef/Documents/ROS/ros2_new_ws/build/my_robot_description': CMAKE_PREFIX_PATH=${CMAKE_PREFIX_PATH}:/home/youssef/install/my_py_pkg:/home/youssef/Documents/ROS/ros2_ws/install/my_py_pkg:/opt/ros/humble /usr/bin/cmake --install /home/youssef/Documents/ROS/ros2_new_ws/build/my_robot_description
[6.085s] Level 1:colcon.colcon_core.environment:create_environment_scripts_only(my_robot_description)
[6.087s] DEBUG:colcon.colcon_core.event_handler.log_command:Invoked command in '/home/youssef/Documents/ROS/ros2_new_ws/build/my_robot_description' returned '0': CMAKE_PREFIX_PATH=${CMAKE_PREFIX_PATH}:/home/youssef/install/my_py_pkg:/home/youssef/Documents/ROS/ros2_ws/install/my_py_pkg:/opt/ros/humble /usr/bin/cmake --install /home/youssef/Documents/ROS/ros2_new_ws/build/my_robot_description
[6.141s] Level 1:colcon.colcon_core.environment:checking '/home/youssef/Documents/ROS/ros2_new_ws/install/my_robot_description' for CMake module files
[6.142s] Level 1:colcon.colcon_core.environment:checking '/home/youssef/Documents/ROS/ros2_new_ws/install/my_robot_description' for CMake config files
[6.175s] Level 1:colcon.colcon_core.shell:create_environment_hook('my_robot_description', 'cmake_prefix_path')
[6.176s] INFO:colcon.colcon_core.shell:Creating environment hook '/home/youssef/Documents/ROS/ros2_new_ws/install/my_robot_description/share/my_robot_description/hook/cmake_prefix_path.ps1'
[6.188s] INFO:colcon.colcon_core.shell:Creating environment descriptor '/home/youssef/Documents/ROS/ros2_new_ws/install/my_robot_description/share/my_robot_description/hook/cmake_prefix_path.dsv'
[6.190s] INFO:colcon.colcon_core.shell:Creating environment hook '/home/youssef/Documents/ROS/ros2_new_ws/install/my_robot_description/share/my_robot_description/hook/cmake_prefix_path.sh'
[6.194s] Level 1:colcon.colcon_core.environment:checking '/home/youssef/Documents/ROS/ros2_new_ws/install/my_robot_description/bin'
[6.194s] Level 1:colcon.colcon_core.environment:checking '/home/youssef/Documents/ROS/ros2_new_ws/install/my_robot_description/lib/pkgconfig/my_robot_description.pc'
[6.195s] Level 1:colcon.colcon_core.environment:checking '/home/youssef/Documents/ROS/ros2_new_ws/install/my_robot_description/lib/python3.10/site-packages'
[6.196s] Level 1:colcon.colcon_core.environment:checking '/home/youssef/Documents/ROS/ros2_new_ws/install/my_robot_description/bin'
[6.197s] INFO:colcon.colcon_core.shell:Creating package script '/home/youssef/Documents/ROS/ros2_new_ws/install/my_robot_description/share/my_robot_description/package.ps1'
[6.200s] INFO:colcon.colcon_core.shell:Creating package descriptor '/home/youssef/Documents/ROS/ros2_new_ws/install/my_robot_description/share/my_robot_description/package.dsv'
[6.202s] INFO:colcon.colcon_core.shell:Creating package script '/home/youssef/Documents/ROS/ros2_new_ws/install/my_robot_description/share/my_robot_description/package.sh'
[6.205s] INFO:colcon.colcon_core.shell:Creating package script '/home/youssef/Documents/ROS/ros2_new_ws/install/my_robot_description/share/my_robot_description/package.bash'
[6.240s] INFO:colcon.colcon_core.shell:Creating package script '/home/youssef/Documents/ROS/ros2_new_ws/install/my_robot_description/share/my_robot_description/package.zsh'
[6.340s] Level 1:colcon.colcon_core.environment:create_file_with_runtime_dependencies(/home/youssef/Documents/ROS/ros2_new_ws/install/my_robot_description/share/colcon-core/packages/my_robot_description)
[6.342s] Level 1:colcon.colcon_core.environment:create_environment_scripts_only(my_robot_description)
[6.343s] Level 1:colcon.colcon_core.environment:checking '/home/youssef/Documents/ROS/ros2_new_ws/install/my_robot_description' for CMake module files
[6.345s] Level 1:colcon.colcon_core.environment:checking '/home/youssef/Documents/ROS/ros2_new_ws/install/my_robot_description' for CMake config files
[6.346s] Level 1:colcon.colcon_core.shell:create_environment_hook('my_robot_description', 'cmake_prefix_path')
[6.347s] INFO:colcon.colcon_core.shell:Creating environment hook '/home/youssef/Documents/ROS/ros2_new_ws/install/my_robot_description/share/my_robot_description/hook/cmake_prefix_path.ps1'
[6.348s] INFO:colcon.colcon_core.shell:Creating environment descriptor '/home/youssef/Documents/ROS/ros2_new_ws/install/my_robot_description/share/my_robot_description/hook/cmake_prefix_path.dsv'
[6.349s] INFO:colcon.colcon_core.shell:Creating environment hook '/home/youssef/Documents/ROS/ros2_new_ws/install/my_robot_description/share/my_robot_description/hook/cmake_prefix_path.sh'
[6.351s] Level 1:colcon.colcon_core.environment:checking '/home/youssef/Documents/ROS/ros2_new_ws/install/my_robot_description/bin'
[6.351s] Level 1:colcon.colcon_core.environment:checking '/home/youssef/Documents/ROS/ros2_new_ws/install/my_robot_description/lib/pkgconfig/my_robot_description.pc'
[6.352s] Level 1:colcon.colcon_core.environment:checking '/home/youssef/Documents/ROS/ros2_new_ws/install/my_robot_description/lib/python3.10/site-packages'
[6.353s] Level 1:colcon.colcon_core.environment:checking '/home/youssef/Documents/ROS/ros2_new_ws/install/my_robot_description/bin'
[6.354s] INFO:colcon.colcon_core.shell:Creating package script '/home/youssef/Documents/ROS/ros2_new_ws/install/my_robot_description/share/my_robot_description/package.ps1'
[6.356s] INFO:colcon.colcon_core.shell:Creating package descriptor '/home/youssef/Documents/ROS/ros2_new_ws/install/my_robot_description/share/my_robot_description/package.dsv'
[6.357s] INFO:colcon.colcon_core.shell:Creating package script '/home/youssef/Documents/ROS/ros2_new_ws/install/my_robot_description/share/my_robot_description/package.sh'
[6.359s] INFO:colcon.colcon_core.shell:Creating package script '/home/youssef/Documents/ROS/ros2_new_ws/install/my_robot_description/share/my_robot_description/package.bash'
[6.360s] INFO:colcon.colcon_core.shell:Creating package script '/home/youssef/Documents/ROS/ros2_new_ws/install/my_robot_description/share/my_robot_description/package.zsh'
[6.389s] Level 1:colcon.colcon_core.environment:create_file_with_runtime_dependencies(/home/youssef/Documents/ROS/ros2_new_ws/install/my_robot_description/share/colcon-core/packages/my_robot_description)
[6.390s] INFO:colcon.colcon_ros.task.ament_cmake.build:Building ROS package in '/home/youssef/Documents/ROS/ros2_new_ws/src/my_robot_bringup' with build type 'ament_cmake'
[6.391s] INFO:colcon.colcon_cmake.task.cmake.build:Building CMake package in '/home/youssef/Documents/ROS/ros2_new_ws/src/my_robot_bringup'
[6.392s] INFO:colcon.colcon_core.shell:Skip shell extension 'powershell' for command environment: Not usable outside of PowerShell
[6.392s] DEBUG:colcon.colcon_core.shell:Skip shell extension 'dsv' for command environment
[6.601s] DEBUG:colcon.colcon_core.event_handler.log_command:Invoking command in '/home/youssef/Documents/ROS/ros2_new_ws/build/my_robot_bringup': CMAKE_PREFIX_PATH=/home/youssef/Documents/ROS/ros2_new_ws/install/my_robot_description:/home/youssef/Documents/ROS/turtlebot3_ws/install/turtlebot3_simulations:/home/youssef/Documents/ROS/turtlebot3_ws/install/turtlebot3_gazebo:/home/youssef/Documents/ROS/turtlebot3_ws/install/turtlebot3_fake_node:/home/youssef/Documents/ROS/ros2_new_ws/install/my_robot_bringup:/home/youssef/install/my_cpp_pkg:/home/youssef/Documents/ROS/ros2_ws/install/my_lidar_world:/home/youssef/Documents/ROS/ros2_ws/install/my_cpp_pkg:/home/youssef/install/my_py_pkg:/home/youssef/Documents/ROS/ros2_ws/install/my_py_pkg:/opt/ros/humble /usr/bin/cmake /home/youssef/Documents/ROS/ros2_new_ws/src/my_robot_bringup -DCMAKE_INSTALL_PREFIX=/home/youssef/Documents/ROS/ros2_new_ws/install/my_robot_bringup
[7.019s] DEBUG:colcon.colcon_core.event_handler.log_command:Invoked command in '/home/youssef/Documents/ROS/ros2_new_ws/build/my_robot_bringup' returned '0': CMAKE_PREFIX_PATH=/home/youssef/Documents/ROS/ros2_new_ws/install/my_robot_description:/home/youssef/Documents/ROS/turtlebot3_ws/install/turtlebot3_simulations:/home/youssef/Documents/ROS/turtlebot3_ws/install/turtlebot3_gazebo:/home/youssef/Documents/ROS/turtlebot3_ws/install/turtlebot3_fake_node:/home/youssef/Documents/ROS/ros2_new_ws/install/my_robot_bringup:/home/youssef/install/my_cpp_pkg:/home/youssef/Documents/ROS/ros2_ws/install/my_lidar_world:/home/youssef/Documents/ROS/ros2_ws/install/my_cpp_pkg:/home/youssef/install/my_py_pkg:/home/youssef/Documents/ROS/ros2_ws/install/my_py_pkg:/opt/ros/humble /usr/bin/cmake /home/youssef/Documents/ROS/ros2_new_ws/src/my_robot_bringup -DCMAKE_INSTALL_PREFIX=/home/youssef/Documents/ROS/ros2_new_ws/install/my_robot_bringup
[7.021s] DEBUG:colcon.colcon_core.event_handler.log_command:Invoking command in '/home/youssef/Documents/ROS/ros2_new_ws/build/my_robot_bringup': CMAKE_PREFIX_PATH=/home/youssef/Documents/ROS/ros2_new_ws/install/my_robot_description:/home/youssef/Documents/ROS/turtlebot3_ws/install/turtlebot3_simulations:/home/youssef/Documents/ROS/turtlebot3_ws/install/turtlebot3_gazebo:/home/youssef/Documents/ROS/turtlebot3_ws/install/turtlebot3_fake_node:/home/youssef/Documents/ROS/ros2_new_ws/install/my_robot_bringup:/home/youssef/install/my_cpp_pkg:/home/youssef/Documents/ROS/ros2_ws/install/my_lidar_world:/home/youssef/Documents/ROS/ros2_ws/install/my_cpp_pkg:/home/youssef/install/my_py_pkg:/home/youssef/Documents/ROS/ros2_ws/install/my_py_pkg:/opt/ros/humble /usr/bin/cmake --build /home/youssef/Documents/ROS/ros2_new_ws/build/my_robot_bringup -- -j8 -l8
[7.057s] DEBUG:colcon.colcon_core.event_handler.log_command:Invoked command in '/home/youssef/Documents/ROS/ros2_new_ws/build/my_robot_bringup' returned '0': CMAKE_PREFIX_PATH=/home/youssef/Documents/ROS/ros2_new_ws/install/my_robot_description:/home/youssef/Documents/ROS/turtlebot3_ws/install/turtlebot3_simulations:/home/youssef/Documents/ROS/turtlebot3_ws/install/turtlebot3_gazebo:/home/youssef/Documents/ROS/turtlebot3_ws/install/turtlebot3_fake_node:/home/youssef/Documents/ROS/ros2_new_ws/install/my_robot_bringup:/home/youssef/install/my_cpp_pkg:/home/youssef/Documents/ROS/ros2_ws/install/my_lidar_world:/home/youssef/Documents/ROS/ros2_ws/install/my_cpp_pkg:/home/youssef/install/my_py_pkg:/home/youssef/Documents/ROS/ros2_ws/install/my_py_pkg:/opt/ros/humble /usr/bin/cmake --build /home/youssef/Documents/ROS/ros2_new_ws/build/my_robot_bringup -- -j8 -l8
[7.059s] DEBUG:colcon.colcon_core.event_handler.log_command:Invoking command in '/home/youssef/Documents/ROS/ros2_new_ws/build/my_robot_bringup': CMAKE_PREFIX_PATH=/home/youssef/Documents/ROS/ros2_new_ws/install/my_robot_description:/home/youssef/Documents/ROS/turtlebot3_ws/install/turtlebot3_simulations:/home/youssef/Documents/ROS/turtlebot3_ws/install/turtlebot3_gazebo:/home/youssef/Documents/ROS/turtlebot3_ws/install/turtlebot3_fake_node:/home/youssef/Documents/ROS/ros2_new_ws/install/my_robot_bringup:/home/youssef/install/my_cpp_pkg:/home/youssef/Documents/ROS/ros2_ws/install/my_lidar_world:/home/youssef/Documents/ROS/ros2_ws/install/my_cpp_pkg:/home/youssef/install/my_py_pkg:/home/youssef/Documents/ROS/ros2_ws/install/my_py_pkg:/opt/ros/humble /usr/bin/cmake --install /home/youssef/Documents/ROS/ros2_new_ws/build/my_robot_bringup
[7.081s] Level 1:colcon.colcon_core.environment:create_environment_scripts_only(my_robot_bringup)
[7.081s] Level 1:colcon.colcon_core.environment:checking '/home/youssef/Documents/ROS/ros2_new_ws/install/my_robot_bringup' for CMake module files
[7.081s] DEBUG:colcon.colcon_core.event_handler.log_command:Invoked command in '/home/youssef/Documents/ROS/ros2_new_ws/build/my_robot_bringup' returned '0': CMAKE_PREFIX_PATH=/home/youssef/Documents/ROS/ros2_new_ws/install/my_robot_description:/home/youssef/Documents/ROS/turtlebot3_ws/install/turtlebot3_simulations:/home/youssef/Documents/ROS/turtlebot3_ws/install/turtlebot3_gazebo:/home/youssef/Documents/ROS/turtlebot3_ws/install/turtlebot3_fake_node:/home/youssef/Documents/ROS/ros2_new_ws/install/my_robot_bringup:/home/youssef/install/my_cpp_pkg:/home/youssef/Documents/ROS/ros2_ws/install/my_lidar_world:/home/youssef/Documents/ROS/ros2_ws/install/my_cpp_pkg:/home/youssef/install/my_py_pkg:/home/youssef/Documents/ROS/ros2_ws/install/my_py_pkg:/opt/ros/humble /usr/bin/cmake --install /home/youssef/Documents/ROS/ros2_new_ws/build/my_robot_bringup
[7.082s] Level 1:colcon.colcon_core.environment:checking '/home/youssef/Documents/ROS/ros2_new_ws/install/my_robot_bringup' for CMake config files
[7.082s] Level 1:colcon.colcon_core.shell:create_environment_hook('my_robot_bringup', 'cmake_prefix_path')
[7.082s] INFO:colcon.colcon_core.shell:Creating environment hook '/home/youssef/Documents/ROS/ros2_new_ws/install/my_robot_bringup/share/my_robot_bringup/hook/cmake_prefix_path.ps1'
[7.083s] INFO:colcon.colcon_core.shell:Creating environment descriptor '/home/youssef/Documents/ROS/ros2_new_ws/install/my_robot_bringup/share/my_robot_bringup/hook/cmake_prefix_path.dsv'
[7.083s] INFO:colcon.colcon_core.shell:Creating environment hook '/home/youssef/Documents/ROS/ros2_new_ws/install/my_robot_bringup/share/my_robot_bringup/hook/cmake_prefix_path.sh'
[7.083s] Level 1:colcon.colcon_core.environment:checking '/home/youssef/Documents/ROS/ros2_new_ws/install/my_robot_bringup/bin'
[7.084s] Level 1:colcon.colcon_core.environment:checking '/home/youssef/Documents/ROS/ros2_new_ws/install/my_robot_bringup/lib/pkgconfig/my_robot_bringup.pc'
[7.084s] Level 1:colcon.colcon_core.environment:checking '/home/youssef/Documents/ROS/ros2_new_ws/install/my_robot_bringup/lib/python3.10/site-packages'
[7.084s] Level 1:colcon.colcon_core.environment:checking '/home/youssef/Documents/ROS/ros2_new_ws/install/my_robot_bringup/bin'
[7.084s] INFO:colcon.colcon_core.shell:Creating package script '/home/youssef/Documents/ROS/ros2_new_ws/install/my_robot_bringup/share/my_robot_bringup/package.ps1'
[7.085s] INFO:colcon.colcon_core.shell:Creating package descriptor '/home/youssef/Documents/ROS/ros2_new_ws/install/my_robot_bringup/share/my_robot_bringup/package.dsv'
[7.085s] INFO:colcon.colcon_core.shell:Creating package script '/home/youssef/Documents/ROS/ros2_new_ws/install/my_robot_bringup/share/my_robot_bringup/package.sh'
[7.085s] INFO:colcon.colcon_core.shell:Creating package script '/home/youssef/Documents/ROS/ros2_new_ws/install/my_robot_bringup/share/my_robot_bringup/package.bash'
[7.086s] INFO:colcon.colcon_core.shell:Creating package script '/home/youssef/Documents/ROS/ros2_new_ws/install/my_robot_bringup/share/my_robot_bringup/package.zsh'
[7.086s] Level 1:colcon.colcon_core.environment:create_file_with_runtime_dependencies(/home/youssef/Documents/ROS/ros2_new_ws/install/my_robot_bringup/share/colcon-core/packages/my_robot_bringup)
[7.086s] Level 1:colcon.colcon_core.environment:create_environment_scripts_only(my_robot_bringup)
[7.087s] Level 1:colcon.colcon_core.environment:checking '/home/youssef/Documents/ROS/ros2_new_ws/install/my_robot_bringup' for CMake module files
[7.087s] Level 1:colcon.colcon_core.environment:checking '/home/youssef/Documents/ROS/ros2_new_ws/install/my_robot_bringup' for CMake config files
[7.087s] Level 1:colcon.colcon_core.shell:create_environment_hook('my_robot_bringup', 'cmake_prefix_path')
[7.088s] INFO:colcon.colcon_core.shell:Creating environment hook '/home/youssef/Documents/ROS/ros2_new_ws/install/my_robot_bringup/share/my_robot_bringup/hook/cmake_prefix_path.ps1'
[7.088s] INFO:colcon.colcon_core.shell:Creating environment descriptor '/home/youssef/Documents/ROS/ros2_new_ws/install/my_robot_bringup/share/my_robot_bringup/hook/cmake_prefix_path.dsv'
[7.088s] INFO:colcon.colcon_core.shell:Creating environment hook '/home/youssef/Documents/ROS/ros2_new_ws/install/my_robot_bringup/share/my_robot_bringup/hook/cmake_prefix_path.sh'
[7.089s] Level 1:colcon.colcon_core.environment:checking '/home/youssef/Documents/ROS/ros2_new_ws/install/my_robot_bringup/bin'
[7.089s] Level 1:colcon.colcon_core.environment:checking '/home/youssef/Documents/ROS/ros2_new_ws/install/my_robot_bringup/lib/pkgconfig/my_robot_bringup.pc'
[7.089s] Level 1:colcon.colcon_core.environment:checking '/home/youssef/Documents/ROS/ros2_new_ws/install/my_robot_bringup/lib/python3.10/site-packages'
[7.089s] Level 1:colcon.colcon_core.environment:checking '/home/youssef/Documents/ROS/ros2_new_ws/install/my_robot_bringup/bin'
[7.089s] INFO:colcon.colcon_core.shell:Creating package script '/home/youssef/Documents/ROS/ros2_new_ws/install/my_robot_bringup/share/my_robot_bringup/package.ps1'
[7.090s] INFO:colcon.colcon_core.shell:Creating package descriptor '/home/youssef/Documents/ROS/ros2_new_ws/install/my_robot_bringup/share/my_robot_bringup/package.dsv'
[7.090s] INFO:colcon.colcon_core.shell:Creating package script '/home/youssef/Documents/ROS/ros2_new_ws/install/my_robot_bringup/share/my_robot_bringup/package.sh'
[7.091s] INFO:colcon.colcon_core.shell:Creating package script '/home/youssef/Documents/ROS/ros2_new_ws/install/my_robot_bringup/share/my_robot_bringup/package.bash'
[7.091s] INFO:colcon.colcon_core.shell:Creating package script '/home/youssef/Documents/ROS/ros2_new_ws/install/my_robot_bringup/share/my_robot_bringup/package.zsh'
[7.091s] Level 1:colcon.colcon_core.environment:create_file_with_runtime_dependencies(/home/youssef/Documents/ROS/ros2_new_ws/install/my_robot_bringup/share/colcon-core/packages/my_robot_bringup)
[7.091s] DEBUG:colcon.colcon_parallel_executor.executor.parallel:closing loop
[7.092s] DEBUG:colcon.colcon_parallel_executor.executor.parallel:loop closed
[7.092s] DEBUG:colcon.colcon_parallel_executor.executor.parallel:run_until_complete finished with '0'
[7.092s] DEBUG:colcon.colcon_core.event_reactor:joining thread
[7.150s] INFO:colcon.colcon_core.plugin_system:Skipping extension 'colcon_notification.desktop_notification.terminal_notifier': Not used on non-Darwin systems
[7.150s] INFO:colcon.colcon_core.plugin_system:Skipping extension 'colcon_notification.desktop_notification.win32': Not used on non-Windows systems
[7.150s] INFO:colcon.colcon_notification.desktop_notification:Sending desktop notification using 'notify2'
[7.185s] DEBUG:colcon.colcon_core.event_reactor:joined thread
[7.186s] INFO:colcon.colcon_core.shell:Creating prefix script '/home/youssef/Documents/ROS/ros2_new_ws/install/local_setup.ps1'
[7.188s] INFO:colcon.colcon_core.shell:Creating prefix util module '/home/youssef/Documents/ROS/ros2_new_ws/install/_local_setup_util_ps1.py'
[7.192s] INFO:colcon.colcon_core.shell:Creating prefix chain script '/home/youssef/Documents/ROS/ros2_new_ws/install/setup.ps1'
[7.194s] INFO:colcon.colcon_core.shell:Creating prefix script '/home/youssef/Documents/ROS/ros2_new_ws/install/local_setup.sh'
[7.195s] INFO:colcon.colcon_core.shell:Creating prefix util module '/home/youssef/Documents/ROS/ros2_new_ws/install/_local_setup_util_sh.py'
[7.196s] INFO:colcon.colcon_core.shell:Creating prefix chain script '/home/youssef/Documents/ROS/ros2_new_ws/install/setup.sh'
[7.199s] INFO:colcon.colcon_core.shell:Creating prefix script '/home/youssef/Documents/ROS/ros2_new_ws/install/local_setup.bash'
[7.199s] INFO:colcon.colcon_core.shell:Creating prefix chain script '/home/youssef/Documents/ROS/ros2_new_ws/install/setup.bash'
[7.202s] INFO:colcon.colcon_core.shell:Creating prefix script '/home/youssef/Documents/ROS/ros2_new_ws/install/local_setup.zsh'
[7.202s] INFO:colcon.colcon_core.shell:Creating prefix chain script '/home/youssef/Documents/ROS/ros2_new_ws/install/setup.zsh'
