[0.028s] Invoking command in '/home/youssef/Documents/ROS/ros2_new_ws/build/my_robot_description': CMAKE_PREFIX_PATH=${CMAKE_PREFIX_PATH}:/home/youssef/install/my_py_pkg:/home/youssef/Documents/ROS/ros2_ws/install/my_py_pkg:/opt/ros/humble /usr/bin/cmake /home/youssef/Documents/ROS/ros2_new_ws/src/my_robot_description -DAMENT_CMAKE_SYMLINK_INSTALL=1 -DCMAKE_INSTALL_PREFIX=/home/youssef/Documents/ROS/ros2_new_ws/install/my_robot_description
[0.041s] -- Found ament_cmake: 1.3.10 (/opt/ros/humble/share/ament_cmake/cmake)
[0.145s] -- Override CMake install command with custom implementation using symlinks instead of copying resources
[0.352s] -- Configuring done
[0.377s] -- Generating done
[0.385s] -- Build files have been written to: /home/youssef/Documents/ROS/ros2_new_ws/build/my_robot_description
[0.387s] Invoked command in '/home/youssef/Documents/ROS/ros2_new_ws/build/my_robot_description' returned '0': CMAKE_PREFIX_PATH=${CMAKE_PREFIX_PATH}:/home/youssef/install/my_py_pkg:/home/youssef/Documents/ROS/ros2_ws/install/my_py_pkg:/opt/ros/humble /usr/bin/cmake /home/youssef/Documents/ROS/ros2_new_ws/src/my_robot_description -DAMENT_CMAKE_SYMLINK_INSTALL=1 -DCMAKE_INSTALL_PREFIX=/home/youssef/Documents/ROS/ros2_new_ws/install/my_robot_description
[0.389s] Invoking command in '/home/youssef/Documents/ROS/ros2_new_ws/build/my_robot_description': CMAKE_PREFIX_PATH=${CMAKE_PREFIX_PATH}:/home/youssef/install/my_py_pkg:/home/youssef/Documents/ROS/ros2_ws/install/my_py_pkg:/opt/ros/humble /usr/bin/cmake --build /home/youssef/Documents/ROS/ros2_new_ws/build/my_robot_description -- -j8 -l8
[0.420s] Invoked command in '/home/youssef/Documents/ROS/ros2_new_ws/build/my_robot_description' returned '0': CMAKE_PREFIX_PATH=${CMAKE_PREFIX_PATH}:/home/youssef/install/my_py_pkg:/home/youssef/Documents/ROS/ros2_ws/install/my_py_pkg:/opt/ros/humble /usr/bin/cmake --build /home/youssef/Documents/ROS/ros2_new_ws/build/my_robot_description -- -j8 -l8
[0.429s] Invoking command in '/home/youssef/Documents/ROS/ros2_new_ws/build/my_robot_description': CMAKE_PREFIX_PATH=${CMAKE_PREFIX_PATH}:/home/youssef/install/my_py_pkg:/home/youssef/Documents/ROS/ros2_ws/install/my_py_pkg:/opt/ros/humble /usr/bin/cmake --install /home/youssef/Documents/ROS/ros2_new_ws/build/my_robot_description
[0.436s] -- Install configuration: ""
[0.436s] -- Execute custom install script
[0.437s] -- Symlinking: /home/youssef/Documents/ROS/ros2_new_ws/install/my_robot_description/share/my_robot_description//urdf/my_robot.urdf
[0.444s] -- Symlinking: /home/youssef/Documents/ROS/ros2_new_ws/install/my_robot_description/share/my_robot_description//launch/display.launch.xml
[0.452s] -- Symlinking: /home/youssef/Documents/ROS/ros2_new_ws/install/my_robot_description/share/ament_index/resource_index/package_run_dependencies/my_robot_description
[0.459s] -- Symlinking: /home/youssef/Documents/ROS/ros2_new_ws/install/my_robot_description/share/ament_index/resource_index/parent_prefix_path/my_robot_description
[0.466s] -- Symlinking: /home/youssef/Documents/ROS/ros2_new_ws/install/my_robot_description/share/my_robot_description/environment/ament_prefix_path.sh
[0.474s] -- Symlinking: /home/youssef/Documents/ROS/ros2_new_ws/install/my_robot_description/share/my_robot_description/environment/ament_prefix_path.dsv
[0.481s] -- Symlinking: /home/youssef/Documents/ROS/ros2_new_ws/install/my_robot_description/share/my_robot_description/environment/path.sh
[0.488s] -- Symlinking: /home/youssef/Documents/ROS/ros2_new_ws/install/my_robot_description/share/my_robot_description/environment/path.dsv
[0.495s] -- Symlinking: /home/youssef/Documents/ROS/ros2_new_ws/install/my_robot_description/share/my_robot_description/local_setup.bash
[0.504s] -- Symlinking: /home/youssef/Documents/ROS/ros2_new_ws/install/my_robot_description/share/my_robot_description/local_setup.sh
[0.511s] -- Symlinking: /home/youssef/Documents/ROS/ros2_new_ws/install/my_robot_description/share/my_robot_description/local_setup.zsh
[0.519s] -- Symlinking: /home/youssef/Documents/ROS/ros2_new_ws/install/my_robot_description/share/my_robot_description/local_setup.dsv
[0.527s] -- Symlinking: /home/youssef/Documents/ROS/ros2_new_ws/install/my_robot_description/share/my_robot_description/package.dsv
[0.536s] -- Symlinking: /home/youssef/Documents/ROS/ros2_new_ws/install/my_robot_description/share/ament_index/resource_index/packages/my_robot_description
[0.544s] -- Symlinking: /home/youssef/Documents/ROS/ros2_new_ws/install/my_robot_description/share/my_robot_description/cmake/my_robot_descriptionConfig.cmake
[0.552s] -- Symlinking: /home/youssef/Documents/ROS/ros2_new_ws/install/my_robot_description/share/my_robot_description/cmake/my_robot_descriptionConfig-version.cmake
[0.559s] -- Symlinking: /home/youssef/Documents/ROS/ros2_new_ws/install/my_robot_description/share/my_robot_description/package.xml
[0.568s] Invoked command in '/home/youssef/Documents/ROS/ros2_new_ws/build/my_robot_description' returned '0': CMAKE_PREFIX_PATH=${CMAKE_PREFIX_PATH}:/home/youssef/install/my_py_pkg:/home/youssef/Documents/ROS/ros2_ws/install/my_py_pkg:/opt/ros/humble /usr/bin/cmake --install /home/youssef/Documents/ROS/ros2_new_ws/build/my_robot_description
